2026-04-27 13:47:27.891 [Client thread/INFO] AsdUnionClient - [TabRuntime][LucyU__/0d2dec65-f63d-41b5-a40f-c9e10c9654b8] Background tick health: world=true, player=true, openChannel=true, queuedTasks=0, pos=-0.42, 126.00, 1.52
2026-04-27 13:47:32.913 [Client thread/INFO] AsdUnionClient - [TabRuntime][LucyU__/0d2dec65-f63d-41b5-a40f-c9e10c9654b8] Background tick health: world=true, player=true, openChannel=true, queuedTasks=0, pos=-0.42, 126.00, 1.52
2026-04-27 13:47:37.913 [Client thread/INFO] AsdUnionClient - [TabRuntime][LucyU__/0d2dec65-f63d-41b5-a40f-c9e10c9654b8] Background tick health: world=true, player=true, openChannel=true, queuedTasks=0, pos=-0.42, 126.00, 1.52
2026-04-27 13:47:42.906 [Client thread/ERROR] AsdUnionClient - Failed to process queued tab task for 0d2dec65-f63d-41b5-a40f-c9e10c9654b8
java.lang.NullPointerException
	at net.minecraft.client.network.NetHandlerPlayClient.func_147237_a(NetHandlerPlayClient.java:484)
	at net.minecraft.network.play.server.S0CPacketSpawnPlayer.func_148833_a(SourceFile:75)
	at net.minecraft.network.play.server.S0CPacketSpawnPlayer.func_148833_a(SourceFile:16)
	at net.asd.union.handler.sessiontabs.LiveTabRuntimeManager.enqueueIncomingPacket$lambda$2(LiveTabRuntimeManager.kt:439)
	at net.asd.union.handler.sessiontabs.LiveTabRuntime.drainQueuedTasks(LiveTabRuntimeManager.kt:816)
	at net.asd.union.handler.sessiontabs.LiveTabRuntimeManager.tickBackgroundRuntimes$lambda$22$lambda$20$lambda$19(LiveTabRuntimeManager.kt:651)
	at net.asd.union.handler.sessiontabs.SessionRuntimeScope.runDetached(LiveTabRuntimeManager.kt:91)
	at net.asd.union.handler.sessiontabs.SessionRuntimeScope.runDetached$default(LiveTabRuntimeManager.kt:74)
	at net.asd.union.handler.sessiontabs.LiveTabRuntimeManager.tickBackgroundRuntimes(LiveTabRuntimeManager.kt:648)
	at net.asd.union.handler.sessiontabs.ClientTabManager.onTick$lambda$47(ClientTabManager.kt:1123)
	at net.asd.union.event.EventManager.processEvent(EventManager.kt:132)
	at net.asd.union.event.EventManager.call(EventManager.kt:165)
	at net.minecraft.client.Minecraft.handler$onTick$zze000(Minecraft.java:3341)
	at net.minecraft.client.Minecraft.func_71407_l(Minecraft.java:2057)
	at net.minecraft.client.Minecraft.func_71411_J(Minecraft.java:1024)
	at net.minecraft.client.Minecraft.func_99999_d(Minecraft.java:349)
	at net.minecraft.client.main.Main.main(SourceFile:124)
	at sun.reflect.NativeMethodAccessorImpl.invoke0(Native Method)
	at sun.reflect.NativeMethodAccessorImpl.invoke(NativeMethodAccessorImpl.java:62)
	at sun.reflect.DelegatingMethodAccessorImpl.invoke(DelegatingMethodAccessorImpl.java:43)
	at java.lang.reflect.Method.invoke(Method.java:498)
	at net.minecraft.launchwrapper.Launch.launch(Launch.java:135)
	at net.minecraft.launchwrapper.Launch.main(Launch.java:28)
	at org.prismlauncher.launcher.impl.StandardLauncher.launch(StandardLauncher.java:115)
	at org.prismlauncher.EntryPoint.listen(EntryPoint.java:129)
	at org.prismlauncher.EntryPoint.main(EntryPoint.java:70)
2026-04-27 13:47:42.915 [Client thread/INFO] AsdUnionClient - [TabRuntime][LucyU__/0d2dec65-f63d-41b5-a40f-c9e10c9654b8] Background tick health: world=true, player=true, openChannel=true, queuedTasks=0, pos=-0.42, 126.00, 1.52
2026-04-27 13:47:47.910 [Client thread/INFO] AsdUnionClient - [TabRuntime][LucyU__/0d2dec65-f63d-41b5-a40f-c9e10c9654b8] Background tick health: world=true, player=true, openChannel=true, queuedTasks=0, pos=-0.42, 126.00, 1.52
2026-04-27 13:47:52.910 [Client thread/INFO] AsdUnionClient - [TabRuntime][LucyU__/0d2dec65-f63d-41b5-a40f-c9e10c9654b8] Background tick health: world=true, player=true, openChannel=true, queuedTasks=0, pos=-0.42, 126.00, 1.52
2026-04-27 13:47:57.910 [Client thread/INFO] AsdUnionClient - [TabRuntime][LucyU__/0d2dec65-f63d-41b5-a40f-c9e10c9654b8] Background tick health: world=true, player=true, openChannel=true, queuedTasks=0, pos=-0.42, 126.00, 1.52
2026-04-27 13:48:02.910 [Client thread/INFO] AsdUnionClient - [TabRuntime][LucyU__/0d2dec65-f63d-41b5-a40f-c9e10c9654b8] Background tick health: world=true, player=true, openChannel=true, queuedTasks=0, pos=-0.42, 126.00, 1.52
2026-04-27 13:48:07.910 [Client thread/INFO] AsdUnionClient - [TabRuntime][LucyU__/0d2dec65-f63d-41b5-a40f-c9e10c9654b8] Background tick health: world=true, player=true, openChannel=true, queuedTasks=0, pos=-0.42, 126.00, 1.52
2026-04-27 13:48:12.910 [Client thread/INFO] AsdUnionClient - [TabRuntime][LucyU__/0d2dec65-f63d-41b5-a40f-c9e10c9654b8] Background tick health: world=true, player=true, openChannel=true, queuedTasks=0, pos=24.49, 75.00, -80.58
2026-04-27 13:49:45.764 [Client thread/INFO] AsdUnionClient - [TabRuntime][LucyU__/0d2dec65-f63d-41b5-a40f-c9e10c9654b8] Background tick health: world=true, player=true, openChannel=true, queuedTasks=0, pos=24.34, 74.50, -84.37
2026-04-27 13:49:50.764 [Client thread/INFO] AsdUnionClient - [TabRuntime][LucyU__/0d2dec65-f63d-41b5-a40f-c9e10c9654b8] Background tick health: world=true, player=true, openChannel=true, queuedTasks=0, pos=24.34, 74.50, -84.37
2026-04-27 13:49:55.764 [Client thread/INFO] AsdUnionClient - [TabRuntime][LucyU__/0d2dec65-f63d-41b5-a40f-c9e10c9654b8] Background tick health: world=true, player=true, openChannel=true, queuedTasks=0, pos=24.34, 74.50, -84.37
2026-04-27 13:50:00.764 [Client thread/INFO] AsdUnionClient - [TabRuntime][LucyU__/0d2dec65-f63d-41b5-a40f-c9e10c9654b8] Background tick health: world=true, player=true, openChannel=true, queuedTasks=0, pos=24.34, 74.50, -84.37
2026-04-27 13:50:05.764 [Client thread/INFO] AsdUnionClient - [TabRuntime][LucyU__/0d2dec65-f63d-41b5-a40f-c9e10c9654b8] Background tick health: world=true, player=true, openChannel=true, queuedTasks=0, pos=24.34, 74.50, -84.37
2026-04-27 13:50:10.764 [Client thread/INFO] AsdUnionClient - [TabRuntime][LucyU__/0d2dec65-f63d-41b5-a40f-c9e10c9654b8] Background tick health: world=true, player=true, openChannel=true, queuedTasks=0, pos=24.34, 74.50, -84.37
2026-04-27 13:50:15.764 [Client thread/INFO] AsdUnionClient - [TabRuntime][LucyU__/0d2dec65-f63d-41b5-a40f-c9e10c9654b8] Background tick health: world=true, player=true, openChannel=true, queuedTasks=0, pos=24.34, 74.50, -84.37
2026-04-27 13:50:20.764 [Client thread/INFO] AsdUnionClient - [TabRuntime][LucyU__/0d2dec65-f63d-41b5-a40f-c9e10c9654b8] Background tick health: world=true, player=true, openChannel=true, queuedTasks=0, pos=24.34, 74.50, -84.37
2026-04-27 13:50:25.764 [Client thread/INFO] AsdUnionClient - [TabRuntime][LucyU__/0d2dec65-f63d-41b5-a40f-c9e10c9654b8] Background tick health: world=true, player=true, openChannel=true, queuedTasks=0, pos=24.34, 74.50, -84.37
2026-04-27 13:50:30.764 [Client thread/INFO] AsdUnionClient - [TabRuntime][LucyU__/0d2dec65-f63d-41b5-a40f-c9e10c9654b8] Background tick health: world=true, player=true, openChannel=true, queuedTasks=0, pos=24.34, 74.50, -84.37
2026-04-27 13:50:35.764 [Client thread/INFO] AsdUnionClient - [TabRuntime][LucyU__/0d2dec65-f63d-41b5-a40f-c9e10c9654b8] Background tick health: world=true, player=true, openChannel=true, queuedTasks=0, pos=24.34, 74.50, -84.37
2026-04-27 13:50:40.764 [Client thread/INFO] AsdUnionClient - [TabRuntime][LucyU__/0d2dec65-f63d-41b5-a40f-c9e10c9654b8] Background tick health: world=true, player=true, openChannel=true, queuedTasks=0, pos=24.34, 74.50, -84.37
2026-04-27 13:50:56.971 [Client thread/INFO] AsdUnionClient - [TabRuntime][LucyU__/0d2dec65-f63d-41b5-a40f-c9e10c9654b8] Background tick health: world=true, player=true, openChannel=true, queuedTasks=0, pos=0.50, 70.00, -1.67
2026-04-27 13:51:02.861 [Client thread/INFO] AsdUnionClient - [TabRuntime][LucyU__/0d2dec65-f63d-41b5-a40f-c9e10c9654b8] Background tick health: world=true, player=true, openChannel=true, queuedTasks=0, pos=0.50, 70.00, -1.67
2026-04-27 13:51:06.961 [Client thread/INFO] AsdUnionClient - [TabRuntime][LucyU__/0d2dec65-f63d-41b5-a40f-c9e10c9654b8] Background tick health: world=true, player=true, openChannel=true, queuedTasks=0, pos=0.50, 70.00, -1.67
2026-04-27 13:51:11.961 [Client thread/INFO] AsdUnionClient - [TabRuntime][LucyU__/0d2dec65-f63d-41b5-a40f-c9e10c9654b8] Background tick health: world=true, player=true, openChannel=true, queuedTasks=0, pos=0.50, 70.00, -1.67
