2026-04-26 09:43:33.816 [Client thread/INFO] AsdUnionClient - [TabRuntime][LucyU__/52a966b1-13ca-43b9-b3b6-6b10b992942c] Background tick health: world=true, player=true, openChannel=true, queuedTasks=0, pos=0.66, 60.00, 18.32
2026-04-26 09:43:37.562 [Client thread/INFO] AsdUnionClient - [TabRuntime][LucyU__/52a966b1-13ca-43b9-b3b6-6b10b992942c] Background tick health: world=true, player=true, openChannel=true, queuedTasks=0, pos=0.66, 60.00, 18.32
2026-04-26 09:43:48.462 [Client thread/INFO] AsdUnionClient - [TabRuntime][LucyU__/52a966b1-13ca-43b9-b3b6-6b10b992942c] Background tick health: world=true, player=true, openChannel=true, queuedTasks=0, pos=-0.06, 59.50, 24.22
2026-04-26 09:44:14.872 [Client thread/INFO] AsdUnionClient - [TabRuntime][LucyU__/52a966b1-13ca-43b9-b3b6-6b10b992942c] Background tick health: world=true, player=true, openChannel=true, queuedTasks=0, pos=-6.91, 155.00, 7.95
2026-04-26 09:44:28.367 [Client thread/INFO] AsdUnionClient - [TabRuntime][LucyU__/52a966b1-13ca-43b9-b3b6-6b10b992942c] Background tick health: world=true, player=true, openChannel=true, queuedTasks=0, pos=-6.89, 60.00, 57.68
2026-04-26 09:44:35.567 [Client thread/INFO] AsdUnionClient - [TabRuntime][LucyU__/52a966b1-13ca-43b9-b3b6-6b10b992942c] Background tick health: world=true, player=true, openChannel=true, queuedTasks=0, pos=-6.89, 60.00, 57.68
2026-04-26 09:44:45.458 [Client thread/INFO] AsdUnionClient - [TabRuntime][LucyU__/52a966b1-13ca-43b9-b3b6-6b10b992942c] Background tick health: world=true, player=true, openChannel=true, queuedTasks=0, pos=0.22, 100.00, 1.12
2026-04-26 09:45:01.645 [Client thread/INFO] AsdUnionClient - [TabRuntime][LucyU__/52a966b1-13ca-43b9-b3b6-6b10b992942c] Background tick health: world=true, player=true, openChannel=true, queuedTasks=0, pos=0.36, 60.00, 21.53
2026-04-26 09:45:03.909 [Client thread/INFO] AsdUnionClient - [TabRuntime][LucyU__/52a966b1-13ca-43b9-b3b6-6b10b992942c] Background tick health: world=true, player=true, openChannel=true, queuedTasks=0, pos=0.36, 60.00, 21.53
2026-04-26 09:45:08.872 [Client thread/INFO] AsdUnionClient - [TabRuntime][LucyU__/52a966b1-13ca-43b9-b3b6-6b10b992942c] Background tick health: world=true, player=true, openChannel=true, queuedTasks=0, pos=0.36, 60.00, 21.53
2026-04-26 09:45:13.916 [Client thread/INFO] AsdUnionClient - [TabRuntime][LucyU__/52a966b1-13ca-43b9-b3b6-6b10b992942c] Background tick health: world=true, player=true, openChannel=true, queuedTasks=0, pos=0.36, 60.00, 21.53
2026-04-26 09:45:18.916 [Client thread/INFO] AsdUnionClient - [TabRuntime][LucyU__/52a966b1-13ca-43b9-b3b6-6b10b992942c] Background tick health: world=true, player=true, openChannel=true, queuedTasks=0, pos=0.36, 60.00, 21.53
2026-04-26 09:45:23.916 [Client thread/INFO] AsdUnionClient - [TabRuntime][LucyU__/52a966b1-13ca-43b9-b3b6-6b10b992942c] Background tick health: world=true, player=true, openChannel=true, queuedTasks=0, pos=0.36, 60.00, 21.53
2026-04-26 09:45:28.916 [Client thread/INFO] AsdUnionClient - [TabRuntime][LucyU__/52a966b1-13ca-43b9-b3b6-6b10b992942c] Background tick health: world=true, player=true, openChannel=true, queuedTasks=0, pos=0.36, 60.00, 21.53
2026-04-26 09:45:33.916 [Client thread/INFO] AsdUnionClient - [TabRuntime][LucyU__/52a966b1-13ca-43b9-b3b6-6b10b992942c] Background tick health: world=true, player=true, openChannel=true, queuedTasks=0, pos=0.36, 60.00, 21.53
2026-04-26 09:45:38.860 [Client thread/INFO] AsdUnionClient - [TabRuntime][LucyU__/52a966b1-13ca-43b9-b3b6-6b10b992942c] Background tick health: world=true, player=true, openChannel=true, queuedTasks=0, pos=0.36, 60.00, 21.53
2026-04-26 09:45:43.925 [Client thread/INFO] AsdUnionClient - [TabRuntime][LucyU__/52a966b1-13ca-43b9-b3b6-6b10b992942c] Background tick health: world=true, player=true, openChannel=true, queuedTasks=0, pos=0.36, 60.00, 21.53
2026-04-26 09:45:48.923 [Client thread/INFO] AsdUnionClient - [TabRuntime][LucyU__/52a966b1-13ca-43b9-b3b6-6b10b992942c] Background tick health: world=true, player=true, openChannel=true, queuedTasks=0, pos=0.36, 60.00, 21.53
2026-04-26 09:45:53.923 [Client thread/INFO] AsdUnionClient - [TabRuntime][LucyU__/52a966b1-13ca-43b9-b3b6-6b10b992942c] Background tick health: world=true, player=true, openChannel=true, queuedTasks=0, pos=0.36, 60.00, 21.53
2026-04-26 09:45:58.859 [Client thread/INFO] AsdUnionClient - [TabRuntime][LucyU__/52a966b1-13ca-43b9-b3b6-6b10b992942c] Background tick health: world=true, player=true, openChannel=true, queuedTasks=0, pos=0.36, 60.00, 21.53
2026-04-26 09:46:03.921 [Client thread/INFO] AsdUnionClient - [TabRuntime][LucyU__/52a966b1-13ca-43b9-b3b6-6b10b992942c] Background tick health: world=true, player=true, openChannel=true, queuedTasks=0, pos=0.36, 60.00, 21.53
2026-04-26 09:46:08.876 [Client thread/INFO] AsdUnionClient - [TabRuntime][LucyU__/52a966b1-13ca-43b9-b3b6-6b10b992942c] Background tick health: world=true, player=true, openChannel=true, queuedTasks=0, pos=0.36, 60.00, 21.53
2026-04-26 09:46:13.876 [Client thread/INFO] AsdUnionClient - [TabRuntime][LucyU__/52a966b1-13ca-43b9-b3b6-6b10b992942c] Background tick health: world=true, player=true, openChannel=true, queuedTasks=0, pos=0.36, 60.00, 21.53
2026-04-26 09:46:18.876 [Client thread/INFO] AsdUnionClient - [TabRuntime][LucyU__/52a966b1-13ca-43b9-b3b6-6b10b992942c] Background tick health: world=true, player=true, openChannel=true, queuedTasks=0, pos=0.36, 60.00, 21.53
2026-04-26 09:46:23.876 [Client thread/INFO] AsdUnionClient - [TabRuntime][LucyU__/52a966b1-13ca-43b9-b3b6-6b10b992942c] Background tick health: world=true, player=true, openChannel=true, queuedTasks=0, pos=0.36, 60.00, 21.53
2026-04-26 09:46:28.878 [Client thread/INFO] AsdUnionClient - [TabRuntime][LucyU__/52a966b1-13ca-43b9-b3b6-6b10b992942c] Background tick health: world=true, player=true, openChannel=true, queuedTasks=0, pos=0.36, 60.00, 21.53
2026-04-26 09:46:33.876 [Client thread/INFO] AsdUnionClient - [TabRuntime][LucyU__/52a966b1-13ca-43b9-b3b6-6b10b992942c] Background tick health: world=true, player=true, openChannel=true, queuedTasks=0, pos=0.36, 60.00, 21.53
2026-04-26 09:46:38.876 [Client thread/INFO] AsdUnionClient - [TabRuntime][LucyU__/52a966b1-13ca-43b9-b3b6-6b10b992942c] Background tick health: world=true, player=true, openChannel=true, queuedTasks=0, pos=0.36, 60.00, 21.53
2026-04-26 09:46:43.876 [Client thread/INFO] AsdUnionClient - [TabRuntime][LucyU__/52a966b1-13ca-43b9-b3b6-6b10b992942c] Background tick health: world=true, player=true, openChannel=true, queuedTasks=0, pos=0.36, 60.00, 21.53
2026-04-26 09:46:48.876 [Client thread/INFO] AsdUnionClient - [TabRuntime][LucyU__/52a966b1-13ca-43b9-b3b6-6b10b992942c] Background tick health: world=true, player=true, openChannel=true, queuedTasks=0, pos=0.36, 60.00, 21.53
2026-04-26 09:46:53.876 [Client thread/INFO] AsdUnionClient - [TabRuntime][LucyU__/52a966b1-13ca-43b9-b3b6-6b10b992942c] Background tick health: world=true, player=true, openChannel=true, queuedTasks=0, pos=0.36, 60.00, 21.53
2026-04-26 09:46:58.876 [Client thread/INFO] AsdUnionClient - [TabRuntime][LucyU__/52a966b1-13ca-43b9-b3b6-6b10b992942c] Background tick health: world=true, player=true, openChannel=true, queuedTasks=0, pos=0.36, 60.00, 21.53
2026-04-26 09:47:03.876 [Client thread/INFO] AsdUnionClient - [TabRuntime][LucyU__/52a966b1-13ca-43b9-b3b6-6b10b992942c] Background tick health: world=true, player=true, openChannel=true, queuedTasks=0, pos=0.36, 60.00, 21.53
2026-04-26 09:47:08.876 [Client thread/INFO] AsdUnionClient - [TabRuntime][LucyU__/52a966b1-13ca-43b9-b3b6-6b10b992942c] Background tick health: world=true, player=true, openChannel=true, queuedTasks=0, pos=0.36, 60.00, 21.53
2026-04-26 09:47:13.876 [Client thread/INFO] AsdUnionClient - [TabRuntime][LucyU__/52a966b1-13ca-43b9-b3b6-6b10b992942c] Background tick health: world=true, player=true, openChannel=true, queuedTasks=0, pos=0.36, 60.00, 21.53
2026-04-26 09:47:18.876 [Client thread/INFO] AsdUnionClient - [TabRuntime][LucyU__/52a966b1-13ca-43b9-b3b6-6b10b992942c] Background tick health: world=true, player=true, openChannel=true, queuedTasks=0, pos=0.36, 60.00, 21.53
2026-04-26 09:47:23.876 [Client thread/INFO] AsdUnionClient - [TabRuntime][LucyU__/52a966b1-13ca-43b9-b3b6-6b10b992942c] Background tick health: world=true, player=true, openChannel=true, queuedTasks=0, pos=0.36, 60.00, 21.53
2026-04-26 09:47:28.898 [Client thread/INFO] AsdUnionClient - [TabRuntime][LucyU__/52a966b1-13ca-43b9-b3b6-6b10b992942c] Background tick health: world=true, player=true, openChannel=true, queuedTasks=0, pos=0.36, 60.00, 21.53
2026-04-26 09:47:33.915 [Client thread/INFO] AsdUnionClient - [TabRuntime][LucyU__/52a966b1-13ca-43b9-b3b6-6b10b992942c] Background tick health: world=true, player=true, openChannel=true, queuedTasks=0, pos=0.36, 60.00, 21.53
2026-04-26 09:47:38.869 [Client thread/INFO] AsdUnionClient - [TabRuntime][LucyU__/52a966b1-13ca-43b9-b3b6-6b10b992942c] Background tick health: world=true, player=true, openChannel=true, queuedTasks=0, pos=0.36, 60.00, 21.53
2026-04-26 09:47:43.922 [Client thread/INFO] AsdUnionClient - [TabRuntime][LucyU__/52a966b1-13ca-43b9-b3b6-6b10b992942c] Background tick health: world=true, player=true, openChannel=true, queuedTasks=0, pos=0.36, 60.00, 21.53
2026-04-26 09:47:48.869 [Client thread/INFO] AsdUnionClient - [TabRuntime][LucyU__/52a966b1-13ca-43b9-b3b6-6b10b992942c] Background tick health: world=true, player=true, openChannel=true, queuedTasks=0, pos=0.36, 60.00, 21.53
2026-04-26 09:47:53.869 [Client thread/INFO] AsdUnionClient - [TabRuntime][LucyU__/52a966b1-13ca-43b9-b3b6-6b10b992942c] Background tick health: world=true, player=true, openChannel=true, queuedTasks=0, pos=0.36, 60.00, 21.53
2026-04-26 09:48:11.024 [Client thread/INFO] AsdUnionClient - [TabRuntime][LucyU__/52a966b1-13ca-43b9-b3b6-6b10b992942c] Background tick health: world=true, player=true, openChannel=true, queuedTasks=0, pos=0.36, 60.00, 21.53
2026-04-26 09:49:49.573 [Client thread/INFO] AsdUnionClient - [TabRuntime][LucyU__/52a966b1-13ca-43b9-b3b6-6b10b992942c] Background tick health: world=true, player=true, openChannel=true, queuedTasks=0, pos=4.63, 69.50, 79.49
2026-04-26 09:49:54.573 [Client thread/INFO] AsdUnionClient - [TabRuntime][LucyU__/52a966b1-13ca-43b9-b3b6-6b10b992942c] Background tick health: world=true, player=true, openChannel=true, queuedTasks=0, pos=4.63, 69.50, 79.49
2026-04-26 09:49:59.572 [Client thread/INFO] AsdUnionClient - [TabRuntime][LucyU__/52a966b1-13ca-43b9-b3b6-6b10b992942c] Background tick health: world=true, player=true, openChannel=true, queuedTasks=0, pos=4.63, 69.50, 79.49
2026-04-26 09:50:59.664 [Client thread/INFO] AsdUnionClient - [TabRuntime][LucyU__/52a966b1-13ca-43b9-b3b6-6b10b992942c] Background tick health: world=true, player=true, openChannel=true, queuedTasks=0, pos=1.12, 129.00, 7.20
2026-04-26 09:51:04.664 [Client thread/INFO] AsdUnionClient - [TabRuntime][LucyU__/52a966b1-13ca-43b9-b3b6-6b10b992942c] Background tick health: world=true, player=true, openChannel=true, queuedTasks=0, pos=4.50, 70.00, 77.50
2026-04-26 09:51:09.664 [Client thread/INFO] AsdUnionClient - [TabRuntime][LucyU__/52a966b1-13ca-43b9-b3b6-6b10b992942c] Background tick health: world=true, player=true, openChannel=true, queuedTasks=0, pos=4.50, 70.00, 77.50
2026-04-26 09:51:14.664 [Client thread/INFO] AsdUnionClient - [TabRuntime][LucyU__/52a966b1-13ca-43b9-b3b6-6b10b992942c] Background tick health: world=true, player=true, openChannel=true, queuedTasks=0, pos=4.50, 70.00, 77.50
2026-04-26 09:51:32.464 [Client thread/INFO] AsdUnionClient - [TabRuntime][LucyU__/52a966b1-13ca-43b9-b3b6-6b10b992942c] Background tick health: world=true, player=true, openChannel=true, queuedTasks=0, pos=3.64, 69.50, 79.07
2026-04-26 09:53:20.678 [Client thread/INFO] AsdUnionClient - [TabRuntime][LucyU__/52a966b1-13ca-43b9-b3b6-6b10b992942c] Background tick health: world=true, player=true, openChannel=true, queuedTasks=0, pos=8.89, 94.00, -58.33
2026-04-26 09:54:17.925 [Client thread/INFO] AsdUnionClient - [TabRuntime][LucyU__/52a966b1-13ca-43b9-b3b6-6b10b992942c] Background tick health: world=true, player=true, openChannel=true, queuedTasks=0, pos=95.31, 37.00, 1.24
2026-04-26 09:54:22.925 [Client thread/INFO] AsdUnionClient - [TabRuntime][LucyU__/52a966b1-13ca-43b9-b3b6-6b10b992942c] Background tick health: world=true, player=true, openChannel=true, queuedTasks=0, pos=95.31, 37.00, 1.24
2026-04-26 09:54:51.225 [Client thread/INFO] AsdUnionClient - [TabRuntime][LucyU__/52a966b1-13ca-43b9-b3b6-6b10b992942c] Background tick health: world=true, player=true, openChannel=true, queuedTasks=0, pos=93.80, 36.50, 0.74
2026-04-26 09:54:56.225 [Client thread/INFO] AsdUnionClient - [TabRuntime][LucyU__/52a966b1-13ca-43b9-b3b6-6b10b992942c] Background tick health: world=true, player=true, openChannel=true, queuedTasks=0, pos=93.80, 36.50, 0.74
2026-04-26 09:55:47.625 [Client thread/INFO] AsdUnionClient - [TabRuntime][LucyU__/52a966b1-13ca-43b9-b3b6-6b10b992942c] Background tick health: world=true, player=true, openChannel=true, queuedTasks=0, pos=94.10, 36.50, 0.52
2026-04-26 09:55:52.625 [Client thread/INFO] AsdUnionClient - [TabRuntime][LucyU__/52a966b1-13ca-43b9-b3b6-6b10b992942c] Background tick health: world=true, player=true, openChannel=true, queuedTasks=0, pos=94.10, 36.50, 0.52
2026-04-26 09:55:57.625 [Client thread/INFO] AsdUnionClient - [TabRuntime][LucyU__/52a966b1-13ca-43b9-b3b6-6b10b992942c] Background tick health: world=true, player=true, openChannel=true, queuedTasks=0, pos=94.10, 36.50, 0.52
2026-04-26 09:56:02.625 [Client thread/INFO] AsdUnionClient - [TabRuntime][LucyU__/52a966b1-13ca-43b9-b3b6-6b10b992942c] Background tick health: world=true, player=true, openChannel=true, queuedTasks=0, pos=94.10, 36.50, 0.52
2026-04-26 09:56:07.625 [Client thread/INFO] AsdUnionClient - [TabRuntime][LucyU__/52a966b1-13ca-43b9-b3b6-6b10b992942c] Background tick health: world=true, player=true, openChannel=true, queuedTasks=0, pos=94.10, 36.50, 0.52
2026-04-26 09:56:12.625 [Client thread/INFO] AsdUnionClient - [TabRuntime][LucyU__/52a966b1-13ca-43b9-b3b6-6b10b992942c] Background tick health: world=true, player=true, openChannel=true, queuedTasks=0, pos=94.10, 36.50, 0.52
2026-04-26 09:56:17.625 [Client thread/INFO] AsdUnionClient - [TabRuntime][LucyU__/52a966b1-13ca-43b9-b3b6-6b10b992942c] Background tick health: world=true, player=true, openChannel=true, queuedTasks=0, pos=94.10, 36.50, 0.52
2026-04-26 09:58:36.525 [Client thread/INFO] AsdUnionClient - [TabRuntime][LucyU__/52a966b1-13ca-43b9-b3b6-6b10b992942c] Background tick health: world=true, player=true, openChannel=true, queuedTasks=0, pos=50.11, 54.00, 44.70
2026-04-26 09:58:41.525 [Client thread/INFO] AsdUnionClient - [TabRuntime][LucyU__/52a966b1-13ca-43b9-b3b6-6b10b992942c] Background tick health: world=true, player=true, openChannel=true, queuedTasks=0, pos=50.11, 54.00, 44.70
2026-04-26 09:58:46.525 [Client thread/INFO] AsdUnionClient - [TabRuntime][LucyU__/52a966b1-13ca-43b9-b3b6-6b10b992942c] Background tick health: world=true, player=true, openChannel=true, queuedTasks=0, pos=50.11, 54.00, 44.70
2026-04-26 09:58:51.788 [Client thread/INFO] AsdUnionClient - [TabRuntime][LucyU__/52a966b1-13ca-43b9-b3b6-6b10b992942c] Background tick health: world=true, player=true, openChannel=true, queuedTasks=110, pos=44.40, -89.37, 42.17
2026-04-26 09:58:56.527 [Client thread/INFO] AsdUnionClient - [TabRuntime][LucyU__/52a966b1-13ca-43b9-b3b6-6b10b992942c] Background tick health: world=true, player=true, openChannel=true, queuedTasks=0, pos=-21.00, 40.06, -10.00
2026-04-26 09:59:01.527 [Client thread/INFO] AsdUnionClient - [TabRuntime][LucyU__/52a966b1-13ca-43b9-b3b6-6b10b992942c] Background tick health: world=true, player=true, openChannel=true, queuedTasks=0, pos=-21.00, 40.06, -10.00
2026-04-26 09:59:06.527 [Client thread/INFO] AsdUnionClient - [TabRuntime][LucyU__/52a966b1-13ca-43b9-b3b6-6b10b992942c] Background tick health: world=true, player=true, openChannel=true, queuedTasks=0, pos=-21.00, 40.06, -10.00
2026-04-26 09:59:11.527 [Client thread/INFO] AsdUnionClient - [TabRuntime][LucyU__/52a966b1-13ca-43b9-b3b6-6b10b992942c] Background tick health: world=true, player=true, openChannel=true, queuedTasks=0, pos=-21.00, 40.06, -10.00
2026-04-26 09:59:16.527 [Client thread/INFO] AsdUnionClient - [TabRuntime][LucyU__/52a966b1-13ca-43b9-b3b6-6b10b992942c] Background tick health: world=true, player=true, openChannel=true, queuedTasks=0, pos=-21.00, 40.06, -10.00
2026-04-26 09:59:21.526 [Client thread/INFO] AsdUnionClient - [TabRuntime][LucyU__/52a966b1-13ca-43b9-b3b6-6b10b992942c] Background tick health: world=true, player=true, openChannel=true, queuedTasks=0, pos=-21.00, 40.06, -10.00
2026-04-26 09:59:26.527 [Client thread/INFO] AsdUnionClient - [TabRuntime][LucyU__/52a966b1-13ca-43b9-b3b6-6b10b992942c] Background tick health: world=true, player=true, openChannel=true, queuedTasks=0, pos=-21.00, 40.06, -10.00
2026-04-26 09:59:31.527 [Client thread/INFO] AsdUnionClient - [TabRuntime][LucyU__/52a966b1-13ca-43b9-b3b6-6b10b992942c] Background tick health: world=true, player=true, openChannel=true, queuedTasks=0, pos=-21.00, 40.06, -10.00
2026-04-26 09:59:36.528 [Client thread/INFO] AsdUnionClient - [TabRuntime][LucyU__/52a966b1-13ca-43b9-b3b6-6b10b992942c] Background tick health: world=true, player=true, openChannel=true, queuedTasks=0, pos=-21.00, 40.06, -10.00
2026-04-26 09:59:41.527 [Client thread/INFO] AsdUnionClient - [TabRuntime][LucyU__/52a966b1-13ca-43b9-b3b6-6b10b992942c] Background tick health: world=true, player=true, openChannel=true, queuedTasks=0, pos=-21.00, 40.06, -10.00
2026-04-26 09:59:46.528 [Client thread/INFO] AsdUnionClient - [TabRuntime][LucyU__/52a966b1-13ca-43b9-b3b6-6b10b992942c] Background tick health: world=true, player=true, openChannel=true, queuedTasks=0, pos=-21.00, 40.06, -10.00
2026-04-26 09:59:51.527 [Client thread/INFO] AsdUnionClient - [TabRuntime][LucyU__/52a966b1-13ca-43b9-b3b6-6b10b992942c] Background tick health: world=true, player=true, openChannel=true, queuedTasks=0, pos=-21.00, 40.06, -10.00
2026-04-26 09:59:56.527 [Client thread/INFO] AsdUnionClient - [TabRuntime][LucyU__/52a966b1-13ca-43b9-b3b6-6b10b992942c] Background tick health: world=true, player=true, openChannel=true, queuedTasks=0, pos=-21.00, 40.06, -10.00
2026-04-26 10:00:01.527 [Client thread/INFO] AsdUnionClient - [TabRuntime][LucyU__/52a966b1-13ca-43b9-b3b6-6b10b992942c] Background tick health: world=true, player=true, openChannel=true, queuedTasks=0, pos=-21.00, 40.06, -10.00
2026-04-26 10:00:06.527 [Client thread/INFO] AsdUnionClient - [TabRuntime][LucyU__/52a966b1-13ca-43b9-b3b6-6b10b992942c] Background tick health: world=true, player=true, openChannel=true, queuedTasks=0, pos=-21.00, 40.06, -10.00
2026-04-26 10:00:11.527 [Client thread/INFO] AsdUnionClient - [TabRuntime][LucyU__/52a966b1-13ca-43b9-b3b6-6b10b992942c] Background tick health: world=true, player=true, openChannel=true, queuedTasks=0, pos=-21.00, 40.06, -10.00
2026-04-26 10:00:16.530 [Client thread/INFO] AsdUnionClient - [TabRuntime][LucyU__/52a966b1-13ca-43b9-b3b6-6b10b992942c] Background tick health: world=true, player=true, openChannel=true, queuedTasks=0, pos=-21.00, 40.06, -10.00
2026-04-26 10:00:21.527 [Client thread/INFO] AsdUnionClient - [TabRuntime][LucyU__/52a966b1-13ca-43b9-b3b6-6b10b992942c] Background tick health: world=true, player=true, openChannel=true, queuedTasks=0, pos=-21.00, 40.06, -10.00
2026-04-26 10:00:26.527 [Client thread/INFO] AsdUnionClient - [TabRuntime][LucyU__/52a966b1-13ca-43b9-b3b6-6b10b992942c] Background tick health: world=true, player=true, openChannel=true, queuedTasks=0, pos=-21.00, 40.06, -10.00
2026-04-26 10:00:31.527 [Client thread/INFO] AsdUnionClient - [TabRuntime][LucyU__/52a966b1-13ca-43b9-b3b6-6b10b992942c] Background tick health: world=true, player=true, openChannel=true, queuedTasks=0, pos=-21.00, 40.06, -10.00
2026-04-26 10:00:36.527 [Client thread/INFO] AsdUnionClient - [TabRuntime][LucyU__/52a966b1-13ca-43b9-b3b6-6b10b992942c] Background tick health: world=true, player=true, openChannel=true, queuedTasks=0, pos=-21.00, 40.06, -10.00
2026-04-26 10:00:41.527 [Client thread/INFO] AsdUnionClient - [TabRuntime][LucyU__/52a966b1-13ca-43b9-b3b6-6b10b992942c] Background tick health: world=true, player=true, openChannel=true, queuedTasks=0, pos=-21.00, 40.06, -10.00
2026-04-26 10:00:46.527 [Client thread/INFO] AsdUnionClient - [TabRuntime][LucyU__/52a966b1-13ca-43b9-b3b6-6b10b992942c] Background tick health: world=true, player=true, openChannel=true, queuedTasks=0, pos=-21.00, 40.06, -10.00
2026-04-26 10:00:51.527 [Client thread/INFO] AsdUnionClient - [TabRuntime][LucyU__/52a966b1-13ca-43b9-b3b6-6b10b992942c] Background tick health: world=true, player=true, openChannel=true, queuedTasks=0, pos=-21.00, 40.06, -10.00
2026-04-26 10:00:56.527 [Client thread/INFO] AsdUnionClient - [TabRuntime][LucyU__/52a966b1-13ca-43b9-b3b6-6b10b992942c] Background tick health: world=true, player=true, openChannel=true, queuedTasks=0, pos=-21.00, 40.06, -10.00
2026-04-26 10:01:01.527 [Client thread/INFO] AsdUnionClient - [TabRuntime][LucyU__/52a966b1-13ca-43b9-b3b6-6b10b992942c] Background tick health: world=true, player=true, openChannel=true, queuedTasks=0, pos=-21.00, 40.06, -10.00
2026-04-26 10:01:06.568 [Client thread/INFO] AsdUnionClient - [TabRuntime][LucyU__/52a966b1-13ca-43b9-b3b6-6b10b992942c] Background tick health: world=true, player=true, openChannel=true, queuedTasks=0, pos=-21.00, 40.06, -10.00
2026-04-26 10:01:21.977 [Client thread/INFO] AsdUnionClient - [TabRuntime][LucyU__/52a966b1-13ca-43b9-b3b6-6b10b992942c] Background tick health: world=true, player=true, openChannel=true, queuedTasks=0, pos=8.09, 100.00, 4.05
2026-04-26 10:08:41.219 [Client thread/INFO] AsdUnionClient - [TabRuntime][LucyU__/52a966b1-13ca-43b9-b3b6-6b10b992942c] Background tick health: world=true, player=true, openChannel=true, queuedTasks=0, pos=-7.31, 59.00, 55.62
2026-04-26 10:08:52.177 [Client thread/INFO] AsdUnionClient - [TabRuntime][LucyU__/52a966b1-13ca-43b9-b3b6-6b10b992942c] Background tick health: world=true, player=true, openChannel=true, queuedTasks=0, pos=-7.31, 59.00, 55.62
2026-04-26 10:10:40.278 [Client thread/INFO] AsdUnionClient - [TabRuntime][LucyU__/52a966b1-13ca-43b9-b3b6-6b10b992942c] Background tick health: world=true, player=true, openChannel=true, queuedTasks=0, pos=-103.03, 57.50, 48.04
2026-04-26 10:10:45.278 [Client thread/INFO] AsdUnionClient - [TabRuntime][LucyU__/52a966b1-13ca-43b9-b3b6-6b10b992942c] Background tick health: world=true, player=true, openChannel=true, queuedTasks=0, pos=-103.03, 57.50, 48.04
2026-04-26 10:10:50.278 [Client thread/INFO] AsdUnionClient - [TabRuntime][LucyU__/52a966b1-13ca-43b9-b3b6-6b10b992942c] Background tick health: world=true, player=true, openChannel=true, queuedTasks=0, pos=-103.03, 57.50, 48.04
2026-04-26 10:10:55.278 [Client thread/INFO] AsdUnionClient - [TabRuntime][LucyU__/52a966b1-13ca-43b9-b3b6-6b10b992942c] Background tick health: world=true, player=true, openChannel=true, queuedTasks=0, pos=-103.03, 57.50, 48.04
2026-04-26 10:11:00.293 [Client thread/INFO] AsdUnionClient - [TabRuntime][LucyU__/52a966b1-13ca-43b9-b3b6-6b10b992942c] Background tick health: world=true, player=true, openChannel=true, queuedTasks=0, pos=-103.03, 57.50, 48.04
2026-04-26 10:11:05.297 [Client thread/INFO] AsdUnionClient - [TabRuntime][LucyU__/52a966b1-13ca-43b9-b3b6-6b10b992942c] Background tick health: world=true, player=true, openChannel=true, queuedTasks=0, pos=-103.03, 57.50, 48.04
2026-04-26 10:11:10.297 [Client thread/INFO] AsdUnionClient - [TabRuntime][LucyU__/52a966b1-13ca-43b9-b3b6-6b10b992942c] Background tick health: world=true, player=true, openChannel=true, queuedTasks=0, pos=-103.03, 57.50, 48.04
2026-04-26 10:11:15.297 [Client thread/INFO] AsdUnionClient - [TabRuntime][LucyU__/52a966b1-13ca-43b9-b3b6-6b10b992942c] Background tick health: world=true, player=true, openChannel=true, queuedTasks=0, pos=-103.03, 57.50, 48.04
2026-04-26 10:11:20.297 [Client thread/INFO] AsdUnionClient - [TabRuntime][LucyU__/52a966b1-13ca-43b9-b3b6-6b10b992942c] Background tick health: world=true, player=true, openChannel=true, queuedTasks=0, pos=-103.03, 57.50, 48.04
2026-04-26 10:11:25.297 [Client thread/INFO] AsdUnionClient - [TabRuntime][LucyU__/52a966b1-13ca-43b9-b3b6-6b10b992942c] Background tick health: world=true, player=true, openChannel=true, queuedTasks=0, pos=-103.03, 57.50, 48.04
2026-04-26 10:11:30.298 [Client thread/INFO] AsdUnionClient - [TabRuntime][LucyU__/52a966b1-13ca-43b9-b3b6-6b10b992942c] Background tick health: world=true, player=true, openChannel=true, queuedTasks=0, pos=-103.03, 57.50, 48.04
2026-04-26 10:11:35.297 [Client thread/INFO] AsdUnionClient - [TabRuntime][LucyU__/52a966b1-13ca-43b9-b3b6-6b10b992942c] Background tick health: world=true, player=true, openChannel=true, queuedTasks=0, pos=-103.03, 57.50, 48.04
2026-04-26 10:11:40.297 [Client thread/INFO] AsdUnionClient - [TabRuntime][LucyU__/52a966b1-13ca-43b9-b3b6-6b10b992942c] Background tick health: world=true, player=true, openChannel=true, queuedTasks=0, pos=-103.03, 57.50, 48.04
2026-04-26 10:11:45.297 [Client thread/INFO] AsdUnionClient - [TabRuntime][LucyU__/52a966b1-13ca-43b9-b3b6-6b10b992942c] Background tick health: world=true, player=true, openChannel=true, queuedTasks=0, pos=-103.03, 57.50, 48.04
2026-04-26 10:11:50.297 [Client thread/INFO] AsdUnionClient - [TabRuntime][LucyU__/52a966b1-13ca-43b9-b3b6-6b10b992942c] Background tick health: world=true, player=true, openChannel=true, queuedTasks=0, pos=-103.03, 57.50, 48.04
2026-04-26 10:11:55.297 [Client thread/INFO] AsdUnionClient - [TabRuntime][LucyU__/52a966b1-13ca-43b9-b3b6-6b10b992942c] Background tick health: world=true, player=true, openChannel=true, queuedTasks=0, pos=-103.03, 57.50, 48.04
2026-04-26 10:12:00.297 [Client thread/INFO] AsdUnionClient - [TabRuntime][LucyU__/52a966b1-13ca-43b9-b3b6-6b10b992942c] Background tick health: world=true, player=true, openChannel=true, queuedTasks=0, pos=-103.03, 57.50, 48.04
2026-04-26 10:14:28.921 [Client thread/INFO] AsdUnionClient - [TabRuntime][LucyU__/52a966b1-13ca-43b9-b3b6-6b10b992942c] Background tick health: world=true, player=true, openChannel=true, queuedTasks=0, pos=-97.83, 58.00, 43.30
2026-04-26 10:14:33.964 [Client thread/INFO] AsdUnionClient - [TabRuntime][LucyU__/52a966b1-13ca-43b9-b3b6-6b10b992942c] Background tick health: world=true, player=true, openChannel=true, queuedTasks=0, pos=-97.83, 58.00, 43.30
2026-04-26 10:14:38.964 [Client thread/INFO] AsdUnionClient - [TabRuntime][LucyU__/52a966b1-13ca-43b9-b3b6-6b10b992942c] Background tick health: world=true, player=true, openChannel=true, queuedTasks=0, pos=-97.83, 58.00, 43.30
2026-04-26 10:14:43.963 [Client thread/INFO] AsdUnionClient - [TabRuntime][LucyU__/52a966b1-13ca-43b9-b3b6-6b10b992942c] Background tick health: world=true, player=true, openChannel=true, queuedTasks=0, pos=-97.83, 58.00, 43.30
2026-04-26 10:14:48.964 [Client thread/INFO] AsdUnionClient - [TabRuntime][LucyU__/52a966b1-13ca-43b9-b3b6-6b10b992942c] Background tick health: world=true, player=true, openChannel=true, queuedTasks=0, pos=-97.83, 58.00, 43.30
2026-04-26 10:14:53.963 [Client thread/INFO] AsdUnionClient - [TabRuntime][LucyU__/52a966b1-13ca-43b9-b3b6-6b10b992942c] Background tick health: world=true, player=true, openChannel=true, queuedTasks=0, pos=-97.83, 58.00, 43.30
2026-04-26 10:14:58.964 [Client thread/INFO] AsdUnionClient - [TabRuntime][LucyU__/52a966b1-13ca-43b9-b3b6-6b10b992942c] Background tick health: world=true, player=true, openChannel=true, queuedTasks=0, pos=-97.83, 58.00, 43.30
2026-04-26 10:15:21.497 [Client thread/INFO] AsdUnionClient - [TabRuntime][LucyU__/52a966b1-13ca-43b9-b3b6-6b10b992942c] Background tick health: world=true, player=true, openChannel=true, queuedTasks=0, pos=-94.31, 58.00, 45.44
2026-04-26 10:16:19.197 [Client thread/INFO] AsdUnionClient - [TabRuntime][LucyU__/52a966b1-13ca-43b9-b3b6-6b10b992942c] Background tick health: world=true, player=true, openChannel=true, queuedTasks=0, pos=-98.20, 58.00, 48.45
2026-04-26 10:17:37.964 [Client thread/INFO] AsdUnionClient - [TabRuntime][LucyU__/52a966b1-13ca-43b9-b3b6-6b10b992942c] Background tick health: world=true, player=true, openChannel=true, queuedTasks=0, pos=-99.25, 58.00, 48.16
2026-04-26 10:21:47.372 [Client thread/INFO] AsdUnionClient - [TabRuntime][LucyU__/52a966b1-13ca-43b9-b3b6-6b10b992942c] Background tick health: world=true, player=true, openChannel=true, queuedTasks=0, pos=-103.06, 57.50, 47.34
2026-04-26 10:21:52.373 [Client thread/INFO] AsdUnionClient - [TabRuntime][LucyU__/52a966b1-13ca-43b9-b3b6-6b10b992942c] Background tick health: world=true, player=true, openChannel=true, queuedTasks=0, pos=-103.06, 57.50, 47.34
2026-04-26 10:21:57.372 [Client thread/INFO] AsdUnionClient - [TabRuntime][LucyU__/52a966b1-13ca-43b9-b3b6-6b10b992942c] Background tick health: world=true, player=true, openChannel=true, queuedTasks=0, pos=-103.06, 57.50, 47.34
2026-04-26 10:22:02.385 [Client thread/INFO] AsdUnionClient - [TabRuntime][LucyU__/52a966b1-13ca-43b9-b3b6-6b10b992942c] Background tick health: world=true, player=true, openChannel=true, queuedTasks=0, pos=-103.06, 57.50, 47.34
2026-04-26 10:22:07.373 [Client thread/INFO] AsdUnionClient - [TabRuntime][LucyU__/52a966b1-13ca-43b9-b3b6-6b10b992942c] Background tick health: world=true, player=true, openChannel=true, queuedTasks=0, pos=-103.06, 57.50, 47.34
2026-04-26 10:22:12.373 [Client thread/INFO] AsdUnionClient - [TabRuntime][LucyU__/52a966b1-13ca-43b9-b3b6-6b10b992942c] Background tick health: world=true, player=true, openChannel=true, queuedTasks=0, pos=-103.06, 57.50, 47.34
2026-04-26 10:22:17.373 [Client thread/INFO] AsdUnionClient - [TabRuntime][LucyU__/52a966b1-13ca-43b9-b3b6-6b10b992942c] Background tick health: world=true, player=true, openChannel=true, queuedTasks=0, pos=-103.06, 57.50, 47.34
2026-04-26 10:22:50.875 [Client thread/INFO] AsdUnionClient - [TabRuntime][LucyU__/52a966b1-13ca-43b9-b3b6-6b10b992942c] Background tick health: world=true, player=true, openChannel=true, queuedTasks=0, pos=0.50, 116.00, 0.50
2026-04-26 10:22:55.875 [Client thread/INFO] AsdUnionClient - [TabRuntime][LucyU__/52a966b1-13ca-43b9-b3b6-6b10b992942c] Background tick health: world=true, player=true, openChannel=true, queuedTasks=0, pos=-97.50, 58.00, 47.50
2026-04-26 10:23:00.875 [Client thread/INFO] AsdUnionClient - [TabRuntime][LucyU__/52a966b1-13ca-43b9-b3b6-6b10b992942c] Background tick health: world=true, player=true, openChannel=true, queuedTasks=0, pos=-97.50, 58.00, 47.50
2026-04-26 10:23:05.876 [Client thread/INFO] AsdUnionClient - [TabRuntime][LucyU__/52a966b1-13ca-43b9-b3b6-6b10b992942c] Background tick health: world=true, player=true, openChannel=true, queuedTasks=0, pos=-97.50, 58.00, 47.50
2026-04-26 10:23:10.875 [Client thread/INFO] AsdUnionClient - [TabRuntime][LucyU__/52a966b1-13ca-43b9-b3b6-6b10b992942c] Background tick health: world=true, player=true, openChannel=true, queuedTasks=0, pos=-97.50, 58.00, 47.50
2026-04-26 10:23:15.876 [Client thread/INFO] AsdUnionClient - [TabRuntime][LucyU__/52a966b1-13ca-43b9-b3b6-6b10b992942c] Background tick health: world=true, player=true, openChannel=true, queuedTasks=0, pos=-97.50, 58.00, 47.50
2026-04-26 10:23:20.876 [Client thread/INFO] AsdUnionClient - [TabRuntime][LucyU__/52a966b1-13ca-43b9-b3b6-6b10b992942c] Background tick health: world=true, player=true, openChannel=true, queuedTasks=0, pos=-97.50, 58.00, 47.50
2026-04-26 10:23:25.876 [Client thread/INFO] AsdUnionClient - [TabRuntime][LucyU__/52a966b1-13ca-43b9-b3b6-6b10b992942c] Background tick health: world=true, player=true, openChannel=true, queuedTasks=0, pos=-97.50, 58.00, 47.50
2026-04-26 10:23:30.876 [Client thread/INFO] AsdUnionClient - [TabRuntime][LucyU__/52a966b1-13ca-43b9-b3b6-6b10b992942c] Background tick health: world=true, player=true, openChannel=true, queuedTasks=0, pos=-97.50, 58.00, 47.50
2026-04-26 10:23:35.875 [Client thread/INFO] AsdUnionClient - [TabRuntime][LucyU__/52a966b1-13ca-43b9-b3b6-6b10b992942c] Background tick health: world=true, player=true, openChannel=true, queuedTasks=0, pos=-97.50, 58.00, 47.50
2026-04-26 10:23:44.476 [Client thread/INFO] AsdUnionClient - [TabRuntime][LucyU__/52a966b1-13ca-43b9-b3b6-6b10b992942c] Background tick health: world=true, player=true, openChannel=true, queuedTasks=0, pos=-101.39, 58.00, 47.66
2026-04-26 10:23:49.510 [Client thread/INFO] AsdUnionClient - [TabRuntime][LucyU__/52a966b1-13ca-43b9-b3b6-6b10b992942c] Background tick health: world=true, player=true, openChannel=true, queuedTasks=0, pos=-101.39, 58.00, 47.66
2026-04-26 10:23:54.509 [Client thread/INFO] AsdUnionClient - [TabRuntime][LucyU__/52a966b1-13ca-43b9-b3b6-6b10b992942c] Background tick health: world=true, player=true, openChannel=true, queuedTasks=0, pos=-101.39, 58.00, 47.66
2026-04-26 10:23:59.509 [Client thread/INFO] AsdUnionClient - [TabRuntime][LucyU__/52a966b1-13ca-43b9-b3b6-6b10b992942c] Background tick health: world=true, player=true, openChannel=true, queuedTasks=0, pos=-101.39, 58.00, 47.66
2026-04-26 10:24:04.509 [Client thread/INFO] AsdUnionClient - [TabRuntime][LucyU__/52a966b1-13ca-43b9-b3b6-6b10b992942c] Background tick health: world=true, player=true, openChannel=true, queuedTasks=0, pos=-101.39, 58.00, 47.66
2026-04-26 10:24:09.510 [Client thread/INFO] AsdUnionClient - [TabRuntime][LucyU__/52a966b1-13ca-43b9-b3b6-6b10b992942c] Background tick health: world=true, player=true, openChannel=true, queuedTasks=0, pos=-101.39, 58.00, 47.66
2026-04-26 10:25:00.749 [Client thread/INFO] AsdUnionClient - [TabRuntime][LucyU__/52a966b1-13ca-43b9-b3b6-6b10b992942c] Background tick health: world=true, player=true, openChannel=true, queuedTasks=0, pos=0.50, 116.00, 0.50
2026-04-26 10:25:05.748 [Client thread/INFO] AsdUnionClient - [TabRuntime][LucyU__/52a966b1-13ca-43b9-b3b6-6b10b992942c] Background tick health: world=true, player=true, openChannel=true, queuedTasks=0, pos=-97.50, 58.00, 47.50
2026-04-26 10:25:14.848 [Client thread/INFO] AsdUnionClient - [TabRuntime][LucyU__/52a966b1-13ca-43b9-b3b6-6b10b992942c] Background tick health: world=true, player=true, openChannel=true, queuedTasks=0, pos=-97.95, 58.00, 49.97
2026-04-26 10:25:35.548 [Client thread/INFO] AsdUnionClient - [TabRuntime][LucyU__/52a966b1-13ca-43b9-b3b6-6b10b992942c] Background tick health: world=true, player=true, openChannel=true, queuedTasks=0, pos=-76.69, 58.00, 48.27
2026-04-26 10:26:40.193 [Client thread/INFO] AsdUnionClient - [TabRuntime][LucyU__/52a966b1-13ca-43b9-b3b6-6b10b992942c] Background tick health: world=true, player=true, openChannel=true, queuedTasks=0, pos=0.50, 116.00, 0.50
2026-04-26 10:27:00.607 [Client thread/INFO] AsdUnionClient - [TabRuntime][LucyU__/52a966b1-13ca-43b9-b3b6-6b10b992942c] Background tick health: world=true, player=true, openChannel=true, queuedTasks=0, pos=-99.30, 58.00, 49.72
2026-04-26 10:28:25.774 [Client thread/INFO] AsdUnionClient - [TabRuntime][LucyU__/52a966b1-13ca-43b9-b3b6-6b10b992942c] Background tick health: world=true, player=true, openChannel=true, queuedTasks=0, pos=82.39, 59.00, 49.85
2026-04-26 10:28:30.774 [Client thread/INFO] AsdUnionClient - [TabRuntime][LucyU__/52a966b1-13ca-43b9-b3b6-6b10b992942c] Background tick health: world=true, player=true, openChannel=true, queuedTasks=0, pos=82.39, 59.00, 49.85
2026-04-26 10:28:35.775 [Client thread/INFO] AsdUnionClient - [TabRuntime][LucyU__/52a966b1-13ca-43b9-b3b6-6b10b992942c] Background tick health: world=true, player=true, openChannel=true, queuedTasks=0, pos=82.39, 59.00, 49.85
2026-04-26 10:29:51.074 [Client thread/INFO] AsdUnionClient - [TabRuntime][LucyU__/52a966b1-13ca-43b9-b3b6-6b10b992942c] Background tick health: world=true, player=true, openChannel=true, queuedTasks=0, pos=-100.35, 58.00, 47.18
2026-04-26 10:29:56.074 [Client thread/INFO] AsdUnionClient - [TabRuntime][LucyU__/52a966b1-13ca-43b9-b3b6-6b10b992942c] Background tick health: world=true, player=true, openChannel=true, queuedTasks=0, pos=-100.35, 58.00, 47.18
2026-04-26 10:30:01.074 [Client thread/INFO] AsdUnionClient - [TabRuntime][LucyU__/52a966b1-13ca-43b9-b3b6-6b10b992942c] Background tick health: world=true, player=true, openChannel=true, queuedTasks=0, pos=-100.35, 58.00, 47.18
2026-04-26 10:30:06.074 [Client thread/INFO] AsdUnionClient - [TabRuntime][LucyU__/52a966b1-13ca-43b9-b3b6-6b10b992942c] Background tick health: world=true, player=true, openChannel=true, queuedTasks=0, pos=-100.35, 58.00, 47.18
2026-04-26 10:30:17.606 [Client thread/INFO] AsdUnionClient - [TabRuntime][LucyU__/52a966b1-13ca-43b9-b3b6-6b10b992942c] Background tick health: world=true, player=true, openChannel=true, queuedTasks=0, pos=-101.18, 58.00, 46.11
2026-04-26 10:30:22.606 [Client thread/INFO] AsdUnionClient - [TabRuntime][LucyU__/52a966b1-13ca-43b9-b3b6-6b10b992942c] Background tick health: world=true, player=true, openChannel=true, queuedTasks=0, pos=-101.18, 58.00, 46.11
2026-04-26 10:30:27.606 [Client thread/INFO] AsdUnionClient - [TabRuntime][LucyU__/52a966b1-13ca-43b9-b3b6-6b10b992942c] Background tick health: world=true, player=true, openChannel=true, queuedTasks=0, pos=-101.18, 58.00, 46.11
2026-04-26 10:30:32.606 [Client thread/INFO] AsdUnionClient - [TabRuntime][LucyU__/52a966b1-13ca-43b9-b3b6-6b10b992942c] Background tick health: world=true, player=true, openChannel=true, queuedTasks=0, pos=-101.18, 58.00, 46.11
2026-04-26 10:30:37.606 [Client thread/INFO] AsdUnionClient - [TabRuntime][LucyU__/52a966b1-13ca-43b9-b3b6-6b10b992942c] Background tick health: world=true, player=true, openChannel=true, queuedTasks=0, pos=-101.18, 58.00, 46.11
2026-04-26 10:30:42.606 [Client thread/INFO] AsdUnionClient - [TabRuntime][LucyU__/52a966b1-13ca-43b9-b3b6-6b10b992942c] Background tick health: world=true, player=true, openChannel=true, queuedTasks=0, pos=-101.18, 58.00, 46.11
2026-04-26 10:30:47.607 [Client thread/INFO] AsdUnionClient - [TabRuntime][LucyU__/52a966b1-13ca-43b9-b3b6-6b10b992942c] Background tick health: world=true, player=true, openChannel=true, queuedTasks=0, pos=-101.18, 58.00, 46.11
2026-04-26 10:30:52.606 [Client thread/INFO] AsdUnionClient - [TabRuntime][LucyU__/52a966b1-13ca-43b9-b3b6-6b10b992942c] Background tick health: world=true, player=true, openChannel=true, queuedTasks=0, pos=-101.18, 58.00, 46.11
2026-04-26 10:30:57.607 [Client thread/INFO] AsdUnionClient - [TabRuntime][LucyU__/52a966b1-13ca-43b9-b3b6-6b10b992942c] Background tick health: world=true, player=true, openChannel=true, queuedTasks=0, pos=-101.18, 58.00, 46.11
2026-04-26 10:31:02.606 [Client thread/INFO] AsdUnionClient - [TabRuntime][LucyU__/52a966b1-13ca-43b9-b3b6-6b10b992942c] Background tick health: world=true, player=true, openChannel=true, queuedTasks=0, pos=-101.18, 58.00, 46.11
2026-04-26 10:31:07.607 [Client thread/INFO] AsdUnionClient - [TabRuntime][LucyU__/52a966b1-13ca-43b9-b3b6-6b10b992942c] Background tick health: world=true, player=true, openChannel=true, queuedTasks=0, pos=-101.18, 58.00, 46.11
2026-04-26 10:32:08.674 [Client thread/INFO] AsdUnionClient - [TabRuntime][LucyU__/52a966b1-13ca-43b9-b3b6-6b10b992942c] Background tick health: world=true, player=true, openChannel=true, queuedTasks=0, pos=93.74, 36.50, -0.70
2026-04-26 10:32:13.674 [Client thread/INFO] AsdUnionClient - [TabRuntime][LucyU__/52a966b1-13ca-43b9-b3b6-6b10b992942c] Background tick health: world=true, player=true, openChannel=true, queuedTasks=0, pos=93.74, 36.50, -0.70
2026-04-26 10:32:18.674 [Client thread/INFO] AsdUnionClient - [TabRuntime][LucyU__/52a966b1-13ca-43b9-b3b6-6b10b992942c] Background tick health: world=true, player=true, openChannel=true, queuedTasks=0, pos=93.74, 36.50, -0.70
2026-04-26 10:32:23.674 [Client thread/INFO] AsdUnionClient - [TabRuntime][LucyU__/52a966b1-13ca-43b9-b3b6-6b10b992942c] Background tick health: world=true, player=true, openChannel=true, queuedTasks=0, pos=93.74, 36.50, -0.70
2026-04-26 10:32:28.674 [Client thread/INFO] AsdUnionClient - [TabRuntime][LucyU__/52a966b1-13ca-43b9-b3b6-6b10b992942c] Background tick health: world=true, player=true, openChannel=true, queuedTasks=0, pos=93.74, 36.50, -0.70
2026-04-26 10:32:47.473 [Client thread/INFO] AsdUnionClient - [TabRuntime][LucyU__/52a966b1-13ca-43b9-b3b6-6b10b992942c] Background tick health: world=true, player=true, openChannel=true, queuedTasks=0, pos=92.70, 37.00, 0.28
2026-04-26 10:32:52.474 [Client thread/INFO] AsdUnionClient - [TabRuntime][LucyU__/52a966b1-13ca-43b9-b3b6-6b10b992942c] Background tick health: world=true, player=true, openChannel=true, queuedTasks=0, pos=92.70, 37.00, 0.28
2026-04-26 10:32:57.474 [Client thread/INFO] AsdUnionClient - [TabRuntime][LucyU__/52a966b1-13ca-43b9-b3b6-6b10b992942c] Background tick health: world=true, player=true, openChannel=true, queuedTasks=0, pos=92.70, 37.00, 0.28
2026-04-26 10:33:02.475 [Client thread/INFO] AsdUnionClient - [TabRuntime][LucyU__/52a966b1-13ca-43b9-b3b6-6b10b992942c] Background tick health: world=true, player=true, openChannel=true, queuedTasks=0, pos=92.70, 37.00, 0.28
2026-04-26 10:33:07.473 [Client thread/INFO] AsdUnionClient - [TabRuntime][LucyU__/52a966b1-13ca-43b9-b3b6-6b10b992942c] Background tick health: world=true, player=true, openChannel=true, queuedTasks=0, pos=92.70, 37.00, 0.28
2026-04-26 10:33:12.473 [Client thread/INFO] AsdUnionClient - [TabRuntime][LucyU__/52a966b1-13ca-43b9-b3b6-6b10b992942c] Background tick health: world=true, player=true, openChannel=true, queuedTasks=0, pos=92.70, 37.00, 0.28
2026-04-26 10:33:17.474 [Client thread/INFO] AsdUnionClient - [TabRuntime][LucyU__/52a966b1-13ca-43b9-b3b6-6b10b992942c] Background tick health: world=true, player=true, openChannel=true, queuedTasks=0, pos=92.70, 37.00, 0.28
2026-04-26 10:33:22.474 [Client thread/INFO] AsdUnionClient - [TabRuntime][LucyU__/52a966b1-13ca-43b9-b3b6-6b10b992942c] Background tick health: world=true, player=true, openChannel=true, queuedTasks=0, pos=92.70, 37.00, 0.28
2026-04-26 10:33:49.273 [Client thread/INFO] AsdUnionClient - [TabRuntime][LucyU__/52a966b1-13ca-43b9-b3b6-6b10b992942c] Background tick health: world=true, player=true, openChannel=true, queuedTasks=0, pos=73.94, 38.00, -10.00
2026-04-26 10:34:30.461 [Client thread/INFO] AsdUnionClient - [TabRuntime][LucyU__/52a966b1-13ca-43b9-b3b6-6b10b992942c] Background tick health: world=true, player=true, openChannel=true, queuedTasks=0, pos=-0.54, 170.00, 1.50
2026-04-26 10:34:35.460 [Client thread/INFO] AsdUnionClient - [TabRuntime][LucyU__/52a966b1-13ca-43b9-b3b6-6b10b992942c] Background tick health: world=true, player=true, openChannel=true, queuedTasks=0, pos=89.50, 37.00, 0.50
2026-04-26 10:34:42.395 [Client thread/INFO] AsdUnionClient - [TabRuntime][LucyU__/52a966b1-13ca-43b9-b3b6-6b10b992942c] Background tick health: world=true, player=true, openChannel=true, queuedTasks=0, pos=93.57, 36.50, 0.49
2026-04-26 10:34:47.394 [Client thread/INFO] AsdUnionClient - [TabRuntime][LucyU__/52a966b1-13ca-43b9-b3b6-6b10b992942c] Background tick health: world=true, player=true, openChannel=true, queuedTasks=0, pos=93.57, 36.50, 0.49
2026-04-26 10:34:52.394 [Client thread/INFO] AsdUnionClient - [TabRuntime][LucyU__/52a966b1-13ca-43b9-b3b6-6b10b992942c] Background tick health: world=true, player=true, openChannel=true, queuedTasks=0, pos=93.57, 36.50, 0.49
2026-04-26 10:34:59.194 [Client thread/INFO] AsdUnionClient - [TabRuntime][LucyU__/52a966b1-13ca-43b9-b3b6-6b10b992942c] Background tick health: world=true, player=true, openChannel=true, queuedTasks=0, pos=92.04, 37.00, 0.39
2026-04-26 10:35:04.195 [Client thread/INFO] AsdUnionClient - [TabRuntime][LucyU__/52a966b1-13ca-43b9-b3b6-6b10b992942c] Background tick health: world=true, player=true, openChannel=true, queuedTasks=0, pos=92.04, 37.00, 0.39
2026-04-26 10:35:09.194 [Client thread/INFO] AsdUnionClient - [TabRuntime][LucyU__/52a966b1-13ca-43b9-b3b6-6b10b992942c] Background tick health: world=true, player=true, openChannel=true, queuedTasks=0, pos=92.04, 37.00, 0.39
2026-04-26 10:35:14.194 [Client thread/INFO] AsdUnionClient - [TabRuntime][LucyU__/52a966b1-13ca-43b9-b3b6-6b10b992942c] Background tick health: world=true, player=true, openChannel=true, queuedTasks=0, pos=92.04, 37.00, 0.39
2026-04-26 10:35:29.119 [Client thread/INFO] AsdUnionClient - [TabRuntime][LucyU__/52a966b1-13ca-43b9-b3b6-6b10b992942c] Background tick health: world=true, player=true, openChannel=true, queuedTasks=0, pos=91.05, 37.00, -6.70
2026-04-26 10:36:00.805 [Client thread/INFO] AsdUnionClient - [TabRuntime][LucyU__/52a966b1-13ca-43b9-b3b6-6b10b992942c] Background tick health: world=true, player=true, openChannel=true, queuedTasks=0, pos=0.50, 170.00, 1.50
2026-04-26 10:36:05.771 [Client thread/INFO] AsdUnionClient - [TabRuntime][LucyU__/52a966b1-13ca-43b9-b3b6-6b10b992942c] Background tick health: world=true, player=true, openChannel=true, queuedTasks=0, pos=0.50, 152.46, 1.50
2026-04-26 10:36:10.770 [Client thread/INFO] AsdUnionClient - [TabRuntime][LucyU__/52a966b1-13ca-43b9-b3b6-6b10b992942c] Background tick health: world=true, player=true, openChannel=true, queuedTasks=0, pos=89.50, 37.00, 0.50
2026-04-26 10:36:48.871 [Client thread/INFO] AsdUnionClient - [TabRuntime][LucyU__/52a966b1-13ca-43b9-b3b6-6b10b992942c] Background tick health: world=true, player=true, openChannel=true, queuedTasks=0, pos=94.38, 36.50, 0.76
2026-04-26 10:37:13.809 [Client thread/INFO] AsdUnionClient - [TabRuntime][LucyU__/52a966b1-13ca-43b9-b3b6-6b10b992942c] Background tick health: world=true, player=true, openChannel=true, queuedTasks=0, pos=92.50, 37.00, 0.58
2026-04-26 10:37:18.803 [Client thread/INFO] AsdUnionClient - [TabRuntime][LucyU__/52a966b1-13ca-43b9-b3b6-6b10b992942c] Background tick health: world=true, player=true, openChannel=true, queuedTasks=0, pos=92.50, 37.00, 0.58
2026-04-26 10:37:23.803 [Client thread/INFO] AsdUnionClient - [TabRuntime][LucyU__/52a966b1-13ca-43b9-b3b6-6b10b992942c] Background tick health: world=true, player=true, openChannel=true, queuedTasks=0, pos=92.50, 37.00, 0.58
2026-04-26 10:37:28.803 [Client thread/INFO] AsdUnionClient - [TabRuntime][LucyU__/52a966b1-13ca-43b9-b3b6-6b10b992942c] Background tick health: world=true, player=true, openChannel=true, queuedTasks=0, pos=92.50, 37.00, 0.58
2026-04-26 10:37:33.804 [Client thread/INFO] AsdUnionClient - [TabRuntime][LucyU__/52a966b1-13ca-43b9-b3b6-6b10b992942c] Background tick health: world=true, player=true, openChannel=true, queuedTasks=0, pos=92.50, 37.00, 0.58
2026-04-26 10:37:38.803 [Client thread/INFO] AsdUnionClient - [TabRuntime][LucyU__/52a966b1-13ca-43b9-b3b6-6b10b992942c] Background tick health: world=true, player=true, openChannel=true, queuedTasks=0, pos=92.50, 37.00, 0.58
2026-04-26 10:37:43.803 [Client thread/INFO] AsdUnionClient - [TabRuntime][LucyU__/52a966b1-13ca-43b9-b3b6-6b10b992942c] Background tick health: world=true, player=true, openChannel=true, queuedTasks=0, pos=92.50, 37.00, 0.58
2026-04-26 10:37:48.803 [Client thread/INFO] AsdUnionClient - [TabRuntime][LucyU__/52a966b1-13ca-43b9-b3b6-6b10b992942c] Background tick health: world=true, player=true, openChannel=true, queuedTasks=0, pos=92.50, 37.00, 0.58
2026-04-26 10:37:53.804 [Client thread/INFO] AsdUnionClient - [TabRuntime][LucyU__/52a966b1-13ca-43b9-b3b6-6b10b992942c] Background tick health: world=true, player=true, openChannel=true, queuedTasks=0, pos=92.50, 37.00, 0.58
2026-04-26 10:37:58.804 [Client thread/INFO] AsdUnionClient - [TabRuntime][LucyU__/52a966b1-13ca-43b9-b3b6-6b10b992942c] Background tick health: world=true, player=true, openChannel=true, queuedTasks=0, pos=92.50, 37.00, 0.58
2026-04-26 10:38:03.803 [Client thread/INFO] AsdUnionClient - [TabRuntime][LucyU__/52a966b1-13ca-43b9-b3b6-6b10b992942c] Background tick health: world=true, player=true, openChannel=true, queuedTasks=0, pos=92.50, 37.00, 0.58
2026-04-26 10:38:08.803 [Client thread/INFO] AsdUnionClient - [TabRuntime][LucyU__/52a966b1-13ca-43b9-b3b6-6b10b992942c] Background tick health: world=true, player=true, openChannel=true, queuedTasks=0, pos=92.50, 37.00, 0.58
2026-04-26 10:38:13.804 [Client thread/INFO] AsdUnionClient - [TabRuntime][LucyU__/52a966b1-13ca-43b9-b3b6-6b10b992942c] Background tick health: world=true, player=true, openChannel=true, queuedTasks=0, pos=92.50, 37.00, 0.58
2026-04-26 10:38:18.803 [Client thread/INFO] AsdUnionClient - [TabRuntime][LucyU__/52a966b1-13ca-43b9-b3b6-6b10b992942c] Background tick health: world=true, player=true, openChannel=true, queuedTasks=0, pos=92.50, 37.00, 0.58
2026-04-26 10:38:23.803 [Client thread/INFO] AsdUnionClient - [TabRuntime][LucyU__/52a966b1-13ca-43b9-b3b6-6b10b992942c] Background tick health: world=true, player=true, openChannel=true, queuedTasks=0, pos=92.50, 37.00, 0.58
2026-04-26 10:38:28.804 [Client thread/INFO] AsdUnionClient - [TabRuntime][LucyU__/52a966b1-13ca-43b9-b3b6-6b10b992942c] Background tick health: world=true, player=true, openChannel=true, queuedTasks=0, pos=92.50, 37.00, 0.58
2026-04-26 10:38:33.929 [Client thread/INFO] AsdUnionClient - [TabRuntime][LucyU__/52a966b1-13ca-43b9-b3b6-6b10b992942c] Background tick health: world=true, player=true, openChannel=true, queuedTasks=0, pos=92.50, 37.00, 0.58
2026-04-26 10:39:51.299 [Client thread/INFO] AsdUnionClient - [TabRuntime][LucyU__/52a966b1-13ca-43b9-b3b6-6b10b992942c] Background tick health: world=true, player=true, openChannel=true, queuedTasks=0, pos=4.59, 37.00, 89.37
2026-04-26 10:39:56.299 [Client thread/INFO] AsdUnionClient - [TabRuntime][LucyU__/52a966b1-13ca-43b9-b3b6-6b10b992942c] Background tick health: world=true, player=true, openChannel=true, queuedTasks=0, pos=4.59, 37.00, 89.37
2026-04-26 10:40:01.299 [Client thread/INFO] AsdUnionClient - [TabRuntime][LucyU__/52a966b1-13ca-43b9-b3b6-6b10b992942c] Background tick health: world=true, player=true, openChannel=true, queuedTasks=0, pos=4.59, 37.00, 89.37
2026-04-26 10:42:18.922 [Client thread/INFO] AsdUnionClient - [TabRuntime][LucyU__/52a966b1-13ca-43b9-b3b6-6b10b992942c] Background tick health: world=true, player=true, openChannel=true, queuedTasks=0, pos=-49.96, 93.00, -51.39
2026-04-26 10:42:23.922 [Client thread/INFO] AsdUnionClient - [TabRuntime][LucyU__/52a966b1-13ca-43b9-b3b6-6b10b992942c] Background tick health: world=true, player=true, openChannel=true, queuedTasks=0, pos=-49.96, 93.00, -51.39
2026-04-26 10:43:07.543 [Client thread/INFO] AsdUnionClient - [TabRuntime][LucyU__/52a966b1-13ca-43b9-b3b6-6b10b992942c] Background tick health: world=true, player=true, openChannel=true, queuedTasks=0, pos=0.50, 147.00, 0.50
2026-04-26 10:43:12.544 [Client thread/INFO] AsdUnionClient - [TabRuntime][LucyU__/52a966b1-13ca-43b9-b3b6-6b10b992942c] Background tick health: world=true, player=true, openChannel=true, queuedTasks=0, pos=-49.50, 93.00, -49.50
2026-04-26 10:43:19.543 [Client thread/INFO] AsdUnionClient - [TabRuntime][LucyU__/52a966b1-13ca-43b9-b3b6-6b10b992942c] Background tick health: world=true, player=true, openChannel=true, queuedTasks=0, pos=-51.89, 93.00, -51.41
2026-04-26 10:43:24.544 [Client thread/INFO] AsdUnionClient - [TabRuntime][LucyU__/52a966b1-13ca-43b9-b3b6-6b10b992942c] Background tick health: world=true, player=true, openChannel=true, queuedTasks=0, pos=-51.89, 93.00, -51.41
2026-04-26 10:43:29.543 [Client thread/INFO] AsdUnionClient - [TabRuntime][LucyU__/52a966b1-13ca-43b9-b3b6-6b10b992942c] Background tick health: world=true, player=true, openChannel=true, queuedTasks=0, pos=-51.89, 93.00, -51.41
2026-04-26 10:43:34.543 [Client thread/INFO] AsdUnionClient - [TabRuntime][LucyU__/52a966b1-13ca-43b9-b3b6-6b10b992942c] Background tick health: world=true, player=true, openChannel=true, queuedTasks=0, pos=-51.89, 93.00, -51.41
2026-04-26 10:43:39.543 [Client thread/INFO] AsdUnionClient - [TabRuntime][LucyU__/52a966b1-13ca-43b9-b3b6-6b10b992942c] Background tick health: world=true, player=true, openChannel=true, queuedTasks=0, pos=-51.89, 93.00, -51.41
2026-04-26 10:43:44.544 [Client thread/INFO] AsdUnionClient - [TabRuntime][LucyU__/52a966b1-13ca-43b9-b3b6-6b10b992942c] Background tick health: world=true, player=true, openChannel=true, queuedTasks=0, pos=-51.89, 93.00, -51.41
2026-04-26 10:44:16.915 [Client thread/INFO] AsdUnionClient - [TabRuntime][LucyU__/52a966b1-13ca-43b9-b3b6-6b10b992942c] Background tick health: world=true, player=true, openChannel=true, queuedTasks=0, pos=-56.79, 95.00, -56.57
2026-04-26 10:44:21.914 [Client thread/INFO] AsdUnionClient - [TabRuntime][LucyU__/52a966b1-13ca-43b9-b3b6-6b10b992942c] Background tick health: world=true, player=true, openChannel=true, queuedTasks=0, pos=-56.79, 95.00, -56.57
2026-04-26 10:44:26.914 [Client thread/INFO] AsdUnionClient - [TabRuntime][LucyU__/52a966b1-13ca-43b9-b3b6-6b10b992942c] Background tick health: world=true, player=true, openChannel=true, queuedTasks=0, pos=-56.79, 95.00, -56.57
2026-04-26 10:44:31.914 [Client thread/INFO] AsdUnionClient - [TabRuntime][LucyU__/52a966b1-13ca-43b9-b3b6-6b10b992942c] Background tick health: world=true, player=true, openChannel=true, queuedTasks=0, pos=-56.79, 95.00, -56.57
2026-04-26 10:44:36.914 [Client thread/INFO] AsdUnionClient - [TabRuntime][LucyU__/52a966b1-13ca-43b9-b3b6-6b10b992942c] Background tick health: world=true, player=true, openChannel=true, queuedTasks=0, pos=-56.79, 95.00, -56.57
2026-04-26 10:44:41.915 [Client thread/INFO] AsdUnionClient - [TabRuntime][LucyU__/52a966b1-13ca-43b9-b3b6-6b10b992942c] Background tick health: world=true, player=true, openChannel=true, queuedTasks=0, pos=-56.79, 95.00, -56.57
2026-04-26 10:44:46.914 [Client thread/INFO] AsdUnionClient - [TabRuntime][LucyU__/52a966b1-13ca-43b9-b3b6-6b10b992942c] Background tick health: world=true, player=true, openChannel=true, queuedTasks=0, pos=-56.79, 95.00, -56.57
2026-04-26 10:44:51.914 [Client thread/INFO] AsdUnionClient - [TabRuntime][LucyU__/52a966b1-13ca-43b9-b3b6-6b10b992942c] Background tick health: world=true, player=true, openChannel=true, queuedTasks=0, pos=-56.79, 95.00, -56.57
2026-04-26 10:44:56.915 [Client thread/INFO] AsdUnionClient - [TabRuntime][LucyU__/52a966b1-13ca-43b9-b3b6-6b10b992942c] Background tick health: world=true, player=true, openChannel=true, queuedTasks=0, pos=-56.79, 95.00, -56.57
2026-04-26 10:45:01.914 [Client thread/INFO] AsdUnionClient - [TabRuntime][LucyU__/52a966b1-13ca-43b9-b3b6-6b10b992942c] Background tick health: world=true, player=true, openChannel=true, queuedTasks=0, pos=-56.79, 95.00, -56.57
2026-04-26 10:45:06.914 [Client thread/INFO] AsdUnionClient - [TabRuntime][LucyU__/52a966b1-13ca-43b9-b3b6-6b10b992942c] Background tick health: world=true, player=true, openChannel=true, queuedTasks=0, pos=-56.79, 95.00, -56.57
2026-04-26 10:45:11.915 [Client thread/INFO] AsdUnionClient - [TabRuntime][LucyU__/52a966b1-13ca-43b9-b3b6-6b10b992942c] Background tick health: world=true, player=true, openChannel=true, queuedTasks=0, pos=-56.79, 95.00, -56.57
2026-04-26 10:45:16.914 [Client thread/INFO] AsdUnionClient - [TabRuntime][LucyU__/52a966b1-13ca-43b9-b3b6-6b10b992942c] Background tick health: world=true, player=true, openChannel=true, queuedTasks=0, pos=-56.79, 95.00, -56.57
2026-04-26 10:45:21.915 [Client thread/INFO] AsdUnionClient - [TabRuntime][LucyU__/52a966b1-13ca-43b9-b3b6-6b10b992942c] Background tick health: world=true, player=true, openChannel=true, queuedTasks=0, pos=-56.79, 95.00, -56.57
2026-04-26 10:45:26.915 [Client thread/INFO] AsdUnionClient - [TabRuntime][LucyU__/52a966b1-13ca-43b9-b3b6-6b10b992942c] Background tick health: world=true, player=true, openChannel=true, queuedTasks=0, pos=-56.79, 95.00, -56.57
2026-04-26 10:45:31.919 [Client thread/INFO] AsdUnionClient - [TabRuntime][LucyU__/52a966b1-13ca-43b9-b3b6-6b10b992942c] Background tick health: world=true, player=true, openChannel=true, queuedTasks=0, pos=-56.79, 95.00, -56.57
2026-04-26 10:45:36.918 [Client thread/INFO] AsdUnionClient - [TabRuntime][LucyU__/52a966b1-13ca-43b9-b3b6-6b10b992942c] Background tick health: world=true, player=true, openChannel=true, queuedTasks=0, pos=-56.79, 95.00, -56.57
2026-04-26 10:45:41.918 [Client thread/INFO] AsdUnionClient - [TabRuntime][LucyU__/52a966b1-13ca-43b9-b3b6-6b10b992942c] Background tick health: world=true, player=true, openChannel=true, queuedTasks=0, pos=-56.79, 95.00, -56.57
2026-04-26 10:45:46.921 [Client thread/INFO] AsdUnionClient - [TabRuntime][LucyU__/52a966b1-13ca-43b9-b3b6-6b10b992942c] Background tick health: world=true, player=true, openChannel=true, queuedTasks=0, pos=-56.79, 95.00, -56.57
2026-04-26 10:45:51.919 [Client thread/INFO] AsdUnionClient - [TabRuntime][LucyU__/52a966b1-13ca-43b9-b3b6-6b10b992942c] Background tick health: world=true, player=true, openChannel=true, queuedTasks=0, pos=-56.79, 95.00, -56.57
2026-04-26 10:45:56.919 [Client thread/INFO] AsdUnionClient - [TabRuntime][LucyU__/52a966b1-13ca-43b9-b3b6-6b10b992942c] Background tick health: world=true, player=true, openChannel=true, queuedTasks=0, pos=-56.79, 95.00, -56.57
2026-04-26 10:46:01.918 [Client thread/INFO] AsdUnionClient - [TabRuntime][LucyU__/52a966b1-13ca-43b9-b3b6-6b10b992942c] Background tick health: world=true, player=true, openChannel=true, queuedTasks=0, pos=-56.79, 95.00, -56.57
2026-04-26 10:46:06.919 [Client thread/INFO] AsdUnionClient - [TabRuntime][LucyU__/52a966b1-13ca-43b9-b3b6-6b10b992942c] Background tick health: world=true, player=true, openChannel=true, queuedTasks=0, pos=-56.79, 95.00, -56.57
2026-04-26 10:46:11.919 [Client thread/INFO] AsdUnionClient - [TabRuntime][LucyU__/52a966b1-13ca-43b9-b3b6-6b10b992942c] Background tick health: world=true, player=true, openChannel=true, queuedTasks=0, pos=-56.79, 95.00, -56.57
2026-04-26 10:46:16.938 [Client thread/INFO] AsdUnionClient - [TabRuntime][LucyU__/52a966b1-13ca-43b9-b3b6-6b10b992942c] Background tick health: world=true, player=true, openChannel=true, queuedTasks=0, pos=-56.79, 95.00, -56.57
2026-04-26 10:46:21.919 [Client thread/INFO] AsdUnionClient - [TabRuntime][LucyU__/52a966b1-13ca-43b9-b3b6-6b10b992942c] Background tick health: world=true, player=true, openChannel=true, queuedTasks=0, pos=-56.79, 95.00, -56.57
2026-04-26 10:46:26.898 [Client thread/INFO] AsdUnionClient - [TabRuntime][LucyU__/52a966b1-13ca-43b9-b3b6-6b10b992942c] Background tick health: world=true, player=true, openChannel=true, queuedTasks=0, pos=-56.79, 95.00, -56.57
2026-04-26 10:47:26.266 [Client thread/INFO] AsdUnionClient - [TabRuntime][LucyU__/52a966b1-13ca-43b9-b3b6-6b10b992942c] Background tick health: world=true, player=true, openChannel=true, queuedTasks=0, pos=94.93, 37.00, 0.50
2026-04-26 10:47:48.366 [Client thread/INFO] AsdUnionClient - [TabRuntime][LucyU__/52a966b1-13ca-43b9-b3b6-6b10b992942c] Background tick health: world=true, player=true, openChannel=true, queuedTasks=0, pos=92.77, 37.00, -0.66
2026-04-26 10:48:10.566 [Client thread/INFO] AsdUnionClient - [TabRuntime][LucyU__/52a966b1-13ca-43b9-b3b6-6b10b992942c] Background tick health: world=true, player=true, openChannel=true, queuedTasks=0, pos=76.27, 37.56, 0.47
2026-04-26 10:48:15.567 [Client thread/INFO] AsdUnionClient - [TabRuntime][LucyU__/52a966b1-13ca-43b9-b3b6-6b10b992942c] Background tick health: world=true, player=true, openChannel=true, queuedTasks=0, pos=76.27, 37.56, 0.47
2026-04-26 10:48:22.571 [Client thread/INFO] AsdUnionClient - [TabRuntime][LucyU__/52a966b1-13ca-43b9-b3b6-6b10b992942c] Background tick health: world=true, player=true, openChannel=true, queuedTasks=0, pos=74.90, 37.00, 4.37
2026-04-26 10:48:27.567 [Client thread/INFO] AsdUnionClient - [TabRuntime][LucyU__/52a966b1-13ca-43b9-b3b6-6b10b992942c] Background tick health: world=true, player=true, openChannel=true, queuedTasks=0, pos=74.90, 37.00, 4.37
2026-04-26 10:48:32.569 [Client thread/INFO] AsdUnionClient - [TabRuntime][LucyU__/52a966b1-13ca-43b9-b3b6-6b10b992942c] Background tick health: world=true, player=true, openChannel=true, queuedTasks=0, pos=74.90, 37.00, 4.37
2026-04-26 10:48:41.466 [Client thread/INFO] AsdUnionClient - [TabRuntime][LucyU__/52a966b1-13ca-43b9-b3b6-6b10b992942c] Background tick health: world=true, player=true, openChannel=true, queuedTasks=0, pos=73.80, 37.00, -2.52
2026-04-26 10:50:03.865 [Client thread/INFO] AsdUnionClient - [TabRuntime][LucyU__/52a966b1-13ca-43b9-b3b6-6b10b992942c] Background tick health: world=true, player=true, openChannel=true, queuedTasks=0, pos=0.00, 70.00, 1.00
2026-04-26 10:50:08.865 [Client thread/INFO] AsdUnionClient - [TabRuntime][LucyU__/52a966b1-13ca-43b9-b3b6-6b10b992942c] Background tick health: world=true, player=true, openChannel=true, queuedTasks=0, pos=0.00, 70.00, 1.00
2026-04-26 10:50:13.865 [Client thread/INFO] AsdUnionClient - [TabRuntime][LucyU__/52a966b1-13ca-43b9-b3b6-6b10b992942c] Background tick health: world=true, player=true, openChannel=true, queuedTasks=0, pos=0.00, 70.00, 1.00
2026-04-26 10:50:18.864 [Client thread/INFO] AsdUnionClient - [TabRuntime][LucyU__/52a966b1-13ca-43b9-b3b6-6b10b992942c] Background tick health: world=true, player=true, openChannel=true, queuedTasks=0, pos=0.00, 70.00, 1.00
2026-04-26 10:50:23.864 [Client thread/INFO] AsdUnionClient - [TabRuntime][LucyU__/52a966b1-13ca-43b9-b3b6-6b10b992942c] Background tick health: world=true, player=true, openChannel=true, queuedTasks=0, pos=0.00, 70.00, 1.00
2026-04-26 10:50:28.865 [Client thread/INFO] AsdUnionClient - [TabRuntime][LucyU__/52a966b1-13ca-43b9-b3b6-6b10b992942c] Background tick health: world=true, player=true, openChannel=true, queuedTasks=0, pos=0.00, 70.00, 1.00
2026-04-26 10:50:33.865 [Client thread/INFO] AsdUnionClient - [TabRuntime][LucyU__/52a966b1-13ca-43b9-b3b6-6b10b992942c] Background tick health: world=true, player=true, openChannel=true, queuedTasks=0, pos=0.00, 70.00, 1.00
2026-04-26 10:50:38.865 [Client thread/INFO] AsdUnionClient - [TabRuntime][LucyU__/52a966b1-13ca-43b9-b3b6-6b10b992942c] Background tick health: world=true, player=true, openChannel=true, queuedTasks=0, pos=0.00, 70.00, 1.00
2026-04-26 10:50:43.864 [Client thread/INFO] AsdUnionClient - [TabRuntime][LucyU__/52a966b1-13ca-43b9-b3b6-6b10b992942c] Background tick health: world=true, player=true, openChannel=true, queuedTasks=0, pos=0.00, 70.00, 1.00
2026-04-26 10:50:48.864 [Client thread/INFO] AsdUnionClient - [TabRuntime][LucyU__/52a966b1-13ca-43b9-b3b6-6b10b992942c] Background tick health: world=true, player=true, openChannel=true, queuedTasks=0, pos=0.00, 70.00, 1.00
2026-04-26 10:50:53.864 [Client thread/INFO] AsdUnionClient - [TabRuntime][LucyU__/52a966b1-13ca-43b9-b3b6-6b10b992942c] Background tick health: world=true, player=true, openChannel=true, queuedTasks=0, pos=0.00, 70.00, 1.00
2026-04-26 10:50:58.865 [Client thread/INFO] AsdUnionClient - [TabRuntime][LucyU__/52a966b1-13ca-43b9-b3b6-6b10b992942c] Background tick health: world=true, player=true, openChannel=true, queuedTasks=0, pos=0.00, 70.00, 1.00
2026-04-26 10:51:03.865 [Client thread/INFO] AsdUnionClient - [TabRuntime][LucyU__/52a966b1-13ca-43b9-b3b6-6b10b992942c] Background tick health: world=true, player=true, openChannel=true, queuedTasks=0, pos=0.00, 70.00, 1.00
2026-04-26 10:51:08.865 [Client thread/INFO] AsdUnionClient - [TabRuntime][LucyU__/52a966b1-13ca-43b9-b3b6-6b10b992942c] Background tick health: world=true, player=true, openChannel=true, queuedTasks=0, pos=0.00, 70.00, 1.00
2026-04-26 10:51:13.865 [Client thread/INFO] AsdUnionClient - [TabRuntime][LucyU__/52a966b1-13ca-43b9-b3b6-6b10b992942c] Background tick health: world=true, player=true, openChannel=true, queuedTasks=0, pos=0.00, 70.00, 1.00
2026-04-26 10:51:18.865 [Client thread/INFO] AsdUnionClient - [TabRuntime][LucyU__/52a966b1-13ca-43b9-b3b6-6b10b992942c] Background tick health: world=true, player=true, openChannel=true, queuedTasks=0, pos=0.00, 70.00, 1.00
2026-04-26 10:51:23.864 [Client thread/INFO] AsdUnionClient - [TabRuntime][LucyU__/52a966b1-13ca-43b9-b3b6-6b10b992942c] Background tick health: world=true, player=true, openChannel=true, queuedTasks=0, pos=0.00, 70.00, 1.00
2026-04-26 10:51:28.864 [Client thread/INFO] AsdUnionClient - [TabRuntime][LucyU__/52a966b1-13ca-43b9-b3b6-6b10b992942c] Background tick health: world=true, player=true, openChannel=true, queuedTasks=0, pos=0.00, 70.00, 1.00
2026-04-26 10:51:33.864 [Client thread/INFO] AsdUnionClient - [TabRuntime][LucyU__/52a966b1-13ca-43b9-b3b6-6b10b992942c] Background tick health: world=true, player=true, openChannel=true, queuedTasks=0, pos=0.00, 70.00, 1.00
