2026-04-25 12:56:32.738 [Client thread/INFO] AsdUnionClient - [TabRuntime][LucyU__/a59687b5-5699-4f76-8e23-d084613743c2] Background tick health: world=true, player=true, openChannel=true, queuedTasks=0, pos=-0.60, 60.00, 23.21
2026-04-25 12:56:42.637 [Client thread/INFO] AsdUnionClient - [TabRuntime][LucyU__/a59687b5-5699-4f76-8e23-d084613743c2] Background tick health: world=true, player=true, openChannel=true, queuedTasks=0, pos=-1.81, 59.00, 31.20
2026-04-25 12:56:47.637 [Client thread/INFO] AsdUnionClient - [TabRuntime][LucyU__/a59687b5-5699-4f76-8e23-d084613743c2] Background tick health: world=true, player=true, openChannel=true, queuedTasks=0, pos=-1.81, 59.00, 31.20
2026-04-25 12:56:52.637 [Client thread/INFO] AsdUnionClient - [TabRuntime][LucyU__/a59687b5-5699-4f76-8e23-d084613743c2] Background tick health: world=true, player=true, openChannel=true, queuedTasks=0, pos=-1.81, 59.00, 31.20
2026-04-25 12:56:57.588 [Client thread/INFO] AsdUnionClient - [TabRuntime][LucyU__/a59687b5-5699-4f76-8e23-d084613743c2] Background tick health: world=true, player=true, openChannel=true, queuedTasks=0, pos=0.50, 100.00, 0.50
2026-04-25 12:57:21.376 [Client thread/INFO] AsdUnionClient - [TabRuntime][LucyU__/a59687b5-5699-4f76-8e23-d084613743c2] Background tick health: world=true, player=true, openChannel=true, queuedTasks=0, pos=-103.70, 57.50, 47.50
2026-04-25 12:57:26.375 [Client thread/INFO] AsdUnionClient - [TabRuntime][LucyU__/a59687b5-5699-4f76-8e23-d084613743c2] Background tick health: world=true, player=true, openChannel=true, queuedTasks=0, pos=-103.70, 57.50, 47.50
2026-04-25 12:57:31.376 [Client thread/INFO] AsdUnionClient - [TabRuntime][LucyU__/a59687b5-5699-4f76-8e23-d084613743c2] Background tick health: world=true, player=true, openChannel=true, queuedTasks=0, pos=-103.70, 57.50, 47.50
2026-04-25 12:57:36.375 [Client thread/INFO] AsdUnionClient - [TabRuntime][LucyU__/a59687b5-5699-4f76-8e23-d084613743c2] Background tick health: world=true, player=true, openChannel=true, queuedTasks=0, pos=-103.70, 57.50, 47.50
2026-04-25 12:57:41.375 [Client thread/INFO] AsdUnionClient - [TabRuntime][LucyU__/a59687b5-5699-4f76-8e23-d084613743c2] Background tick health: world=true, player=true, openChannel=true, queuedTasks=0, pos=-103.70, 57.50, 47.50
2026-04-25 12:57:46.430 [Client thread/INFO] AsdUnionClient - [TabRuntime][LucyU__/a59687b5-5699-4f76-8e23-d084613743c2] Background tick health: world=true, player=true, openChannel=true, queuedTasks=0, pos=-103.70, 57.50, 47.50
2026-04-25 12:57:51.430 [Client thread/INFO] AsdUnionClient - [TabRuntime][LucyU__/a59687b5-5699-4f76-8e23-d084613743c2] Background tick health: world=true, player=true, openChannel=true, queuedTasks=0, pos=-103.70, 57.50, 47.50
2026-04-25 12:57:56.430 [Client thread/INFO] AsdUnionClient - [TabRuntime][LucyU__/a59687b5-5699-4f76-8e23-d084613743c2] Background tick health: world=true, player=true, openChannel=true, queuedTasks=0, pos=-103.70, 57.50, 47.50
2026-04-25 12:58:58.930 [Client thread/INFO] AsdUnionClient - [TabRuntime][LucyU__/a59687b5-5699-4f76-8e23-d084613743c2] Background tick health: world=true, player=true, openChannel=true, queuedTasks=0, pos=-103.58, 57.50, 47.39
2026-04-25 12:59:03.930 [Client thread/INFO] AsdUnionClient - [TabRuntime][LucyU__/a59687b5-5699-4f76-8e23-d084613743c2] Background tick health: world=true, player=true, openChannel=true, queuedTasks=0, pos=-103.58, 57.50, 47.39
2026-04-25 12:59:08.930 [Client thread/INFO] AsdUnionClient - [TabRuntime][LucyU__/a59687b5-5699-4f76-8e23-d084613743c2] Background tick health: world=true, player=true, openChannel=true, queuedTasks=0, pos=-103.58, 57.50, 47.39
2026-04-25 12:59:13.930 [Client thread/INFO] AsdUnionClient - [TabRuntime][LucyU__/a59687b5-5699-4f76-8e23-d084613743c2] Background tick health: world=true, player=true, openChannel=true, queuedTasks=0, pos=-103.58, 57.50, 47.39
2026-04-25 12:59:18.930 [Client thread/INFO] AsdUnionClient - [TabRuntime][LucyU__/a59687b5-5699-4f76-8e23-d084613743c2] Background tick health: world=true, player=true, openChannel=true, queuedTasks=0, pos=-103.58, 57.50, 47.39
2026-04-25 12:59:23.930 [Client thread/INFO] AsdUnionClient - [TabRuntime][LucyU__/a59687b5-5699-4f76-8e23-d084613743c2] Background tick health: world=true, player=true, openChannel=true, queuedTasks=0, pos=-103.58, 57.50, 47.39
2026-04-25 12:59:37.330 [Client thread/INFO] AsdUnionClient - [TabRuntime][LucyU__/a59687b5-5699-4f76-8e23-d084613743c2] Background tick health: world=true, player=true, openChannel=true, queuedTasks=0, pos=-103.58, 57.50, 47.39
2026-04-25 12:59:42.330 [Client thread/INFO] AsdUnionClient - [TabRuntime][LucyU__/a59687b5-5699-4f76-8e23-d084613743c2] Background tick health: world=true, player=true, openChannel=true, queuedTasks=0, pos=-103.58, 57.50, 47.39
2026-04-25 12:59:47.290 [Client thread/INFO] AsdUnionClient - [TabRuntime][LucyU__/a59687b5-5699-4f76-8e23-d084613743c2] Background tick health: world=true, player=true, openChannel=true, queuedTasks=0, pos=-103.58, 57.50, 47.39
2026-04-25 12:59:52.340 [Client thread/INFO] AsdUnionClient - [TabRuntime][LucyU__/a59687b5-5699-4f76-8e23-d084613743c2] Background tick health: world=true, player=true, openChannel=true, queuedTasks=0, pos=-103.58, 57.50, 47.39
2026-04-25 12:59:57.340 [Client thread/INFO] AsdUnionClient - [TabRuntime][LucyU__/a59687b5-5699-4f76-8e23-d084613743c2] Background tick health: world=true, player=true, openChannel=true, queuedTasks=0, pos=-103.58, 57.50, 47.39
2026-04-25 13:02:14.128 [Client thread/INFO] AsdUnionClient - [TabRuntime][LucyU__/a59687b5-5699-4f76-8e23-d084613743c2] Background tick health: world=true, player=true, openChannel=true, queuedTasks=0, pos=-103.37, 57.50, 47.50
2026-04-25 13:02:19.127 [Client thread/INFO] AsdUnionClient - [TabRuntime][LucyU__/a59687b5-5699-4f76-8e23-d084613743c2] Background tick health: world=true, player=true, openChannel=true, queuedTasks=0, pos=-103.37, 57.50, 47.50
2026-04-25 13:02:24.128 [Client thread/INFO] AsdUnionClient - [TabRuntime][LucyU__/a59687b5-5699-4f76-8e23-d084613743c2] Background tick health: world=true, player=true, openChannel=true, queuedTasks=0, pos=-103.37, 57.50, 47.50
2026-04-25 13:02:29.127 [Client thread/INFO] AsdUnionClient - [TabRuntime][LucyU__/a59687b5-5699-4f76-8e23-d084613743c2] Background tick health: world=true, player=true, openChannel=true, queuedTasks=0, pos=-103.37, 57.50, 47.50
2026-04-25 13:02:34.128 [Client thread/INFO] AsdUnionClient - [TabRuntime][LucyU__/a59687b5-5699-4f76-8e23-d084613743c2] Background tick health: world=true, player=true, openChannel=true, queuedTasks=0, pos=-103.37, 57.50, 47.50
2026-04-25 13:02:39.128 [Client thread/INFO] AsdUnionClient - [TabRuntime][LucyU__/a59687b5-5699-4f76-8e23-d084613743c2] Background tick health: world=true, player=true, openChannel=true, queuedTasks=0, pos=-103.37, 57.50, 47.50
2026-04-25 13:02:44.128 [Client thread/INFO] AsdUnionClient - [TabRuntime][LucyU__/a59687b5-5699-4f76-8e23-d084613743c2] Background tick health: world=true, player=true, openChannel=true, queuedTasks=0, pos=-103.37, 57.50, 47.50
2026-04-25 13:02:49.127 [Client thread/INFO] AsdUnionClient - [TabRuntime][LucyU__/a59687b5-5699-4f76-8e23-d084613743c2] Background tick health: world=true, player=true, openChannel=true, queuedTasks=0, pos=-103.37, 57.50, 47.50
2026-04-25 13:02:54.141 [Client thread/INFO] AsdUnionClient - [TabRuntime][LucyU__/a59687b5-5699-4f76-8e23-d084613743c2] Background tick health: world=true, player=true, openChannel=true, queuedTasks=0, pos=-103.37, 57.50, 47.50
2026-04-25 13:02:59.127 [Client thread/INFO] AsdUnionClient - [TabRuntime][LucyU__/a59687b5-5699-4f76-8e23-d084613743c2] Background tick health: world=true, player=true, openChannel=true, queuedTasks=0, pos=-103.37, 57.50, 47.50
2026-04-25 13:03:04.128 [Client thread/INFO] AsdUnionClient - [TabRuntime][LucyU__/a59687b5-5699-4f76-8e23-d084613743c2] Background tick health: world=true, player=true, openChannel=true, queuedTasks=0, pos=-103.37, 57.50, 47.50
2026-04-25 13:03:09.127 [Client thread/INFO] AsdUnionClient - [TabRuntime][LucyU__/a59687b5-5699-4f76-8e23-d084613743c2] Background tick health: world=true, player=true, openChannel=true, queuedTasks=0, pos=-103.37, 57.50, 47.50
2026-04-25 13:06:23.383 [Client thread/INFO] AsdUnionClient - [TabRuntime][LucyU__/a59687b5-5699-4f76-8e23-d084613743c2] Background tick health: world=true, player=true, openChannel=true, queuedTasks=0, pos=0.50, 60.00, 15.50
2026-04-25 13:06:28.382 [Client thread/INFO] AsdUnionClient - [TabRuntime][LucyU__/a59687b5-5699-4f76-8e23-d084613743c2] Background tick health: world=true, player=true, openChannel=true, queuedTasks=0, pos=0.50, 60.00, 15.50
2026-04-25 13:06:33.383 [Client thread/INFO] AsdUnionClient - [TabRuntime][LucyU__/a59687b5-5699-4f76-8e23-d084613743c2] Background tick health: world=true, player=true, openChannel=true, queuedTasks=0, pos=0.50, 60.00, 15.50
2026-04-25 13:06:50.949 [Client thread/INFO] AsdUnionClient - [TabRuntime][LucyU__/a59687b5-5699-4f76-8e23-d084613743c2] Background tick health: world=true, player=true, openChannel=true, queuedTasks=0, pos=-6.60, 59.50, 55.97
2026-04-25 13:06:55.955 [Client thread/INFO] AsdUnionClient - [TabRuntime][LucyU__/a59687b5-5699-4f76-8e23-d084613743c2] Background tick health: world=true, player=true, openChannel=true, queuedTasks=0, pos=0.50, 155.00, 1.50
2026-04-25 13:07:00.956 [Client thread/INFO] AsdUnionClient - [TabRuntime][LucyU__/a59687b5-5699-4f76-8e23-d084613743c2] Background tick health: world=true, player=true, openChannel=true, queuedTasks=0, pos=0.50, 155.00, 1.50
2026-04-25 13:07:05.956 [Client thread/INFO] AsdUnionClient - [TabRuntime][LucyU__/a59687b5-5699-4f76-8e23-d084613743c2] Background tick health: world=true, player=true, openChannel=true, queuedTasks=0, pos=0.50, 155.00, 1.50
2026-04-25 13:07:10.956 [Client thread/INFO] AsdUnionClient - [TabRuntime][LucyU__/a59687b5-5699-4f76-8e23-d084613743c2] Background tick health: world=true, player=true, openChannel=true, queuedTasks=0, pos=-1.56, 155.00, 3.36
2026-04-25 13:07:15.956 [Client thread/INFO] AsdUnionClient - [TabRuntime][LucyU__/a59687b5-5699-4f76-8e23-d084613743c2] Background tick health: world=true, player=true, openChannel=true, queuedTasks=0, pos=-3.10, 155.00, 2.32
2026-04-25 13:07:20.955 [Client thread/INFO] AsdUnionClient - [TabRuntime][LucyU__/a59687b5-5699-4f76-8e23-d084613743c2] Background tick health: world=true, player=true, openChannel=true, queuedTasks=0, pos=91.67, 37.00, -0.65
2026-04-25 13:07:25.955 [Client thread/INFO] AsdUnionClient - [TabRuntime][LucyU__/a59687b5-5699-4f76-8e23-d084613743c2] Background tick health: world=true, player=true, openChannel=true, queuedTasks=0, pos=94.69, 36.50, -0.44
2026-04-25 13:07:30.955 [Client thread/INFO] AsdUnionClient - [TabRuntime][LucyU__/a59687b5-5699-4f76-8e23-d084613743c2] Background tick health: world=true, player=true, openChannel=true, queuedTasks=0, pos=94.07, 36.50, 0.31
2026-04-25 13:07:35.956 [Client thread/INFO] AsdUnionClient - [TabRuntime][LucyU__/a59687b5-5699-4f76-8e23-d084613743c2] Background tick health: world=true, player=true, openChannel=true, queuedTasks=0, pos=94.56, 36.50, 0.45
2026-04-25 13:07:40.955 [Client thread/INFO] AsdUnionClient - [TabRuntime][LucyU__/a59687b5-5699-4f76-8e23-d084613743c2] Background tick health: world=true, player=true, openChannel=true, queuedTasks=0, pos=90.71, 37.00, -5.70
2026-04-25 13:07:45.955 [Client thread/INFO] AsdUnionClient - [TabRuntime][LucyU__/a59687b5-5699-4f76-8e23-d084613743c2] Background tick health: world=true, player=true, openChannel=true, queuedTasks=0, pos=88.83, 38.25, -4.60
2026-04-25 13:07:50.955 [Client thread/INFO] AsdUnionClient - [TabRuntime][LucyU__/a59687b5-5699-4f76-8e23-d084613743c2] Background tick health: world=true, player=true, openChannel=true, queuedTasks=0, pos=72.06, 38.00, 0.56
2026-04-25 13:07:55.956 [Client thread/INFO] AsdUnionClient - [TabRuntime][LucyU__/a59687b5-5699-4f76-8e23-d084613743c2] Background tick health: world=true, player=true, openChannel=true, queuedTasks=0, pos=71.29, 38.79, 0.52
2026-04-25 13:08:00.955 [Client thread/INFO] AsdUnionClient - [TabRuntime][LucyU__/a59687b5-5699-4f76-8e23-d084613743c2] Background tick health: world=true, player=true, openChannel=true, queuedTasks=0, pos=70.55, 38.00, 0.48
2026-04-25 13:08:05.956 [Client thread/INFO] AsdUnionClient - [TabRuntime][LucyU__/a59687b5-5699-4f76-8e23-d084613743c2] Background tick health: world=true, player=true, openChannel=true, queuedTasks=0, pos=69.87, 38.00, 0.44
2026-04-25 13:08:10.956 [Client thread/INFO] AsdUnionClient - [TabRuntime][LucyU__/a59687b5-5699-4f76-8e23-d084613743c2] Background tick health: world=true, player=true, openChannel=true, queuedTasks=0, pos=69.04, 38.00, 0.39
2026-04-25 13:08:15.956 [Client thread/INFO] AsdUnionClient - [TabRuntime][LucyU__/a59687b5-5699-4f76-8e23-d084613743c2] Background tick health: world=true, player=true, openChannel=true, queuedTasks=0, pos=69.95, 38.00, 0.47
2026-04-25 13:08:20.956 [Client thread/INFO] AsdUnionClient - [TabRuntime][LucyU__/a59687b5-5699-4f76-8e23-d084613743c2] Background tick health: world=true, player=true, openChannel=true, queuedTasks=0, pos=95.70, 37.75, 1.40
2026-04-25 13:08:25.955 [Client thread/INFO] AsdUnionClient - [TabRuntime][LucyU__/a59687b5-5699-4f76-8e23-d084613743c2] Background tick health: world=true, player=true, openChannel=true, queuedTasks=0, pos=95.68, 37.00, 1.68
2026-04-25 13:08:30.956 [Client thread/INFO] AsdUnionClient - [TabRuntime][LucyU__/a59687b5-5699-4f76-8e23-d084613743c2] Background tick health: world=true, player=true, openChannel=true, queuedTasks=0, pos=95.70, 37.00, -0.25
2026-04-25 13:08:50.656 [Client thread/INFO] AsdUnionClient - [TabRuntime][LucyU__/a59687b5-5699-4f76-8e23-d084613743c2] Background tick health: world=true, player=true, openChannel=true, queuedTasks=0, pos=79.72, 37.79, -1.27
2026-04-25 13:08:55.655 [Client thread/INFO] AsdUnionClient - [TabRuntime][LucyU__/a59687b5-5699-4f76-8e23-d084613743c2] Background tick health: world=true, player=true, openChannel=true, queuedTasks=0, pos=79.83, 37.00, -8.78
2026-04-25 13:09:00.655 [Client thread/INFO] AsdUnionClient - [TabRuntime][LucyU__/a59687b5-5699-4f76-8e23-d084613743c2] Background tick health: world=true, player=true, openChannel=true, queuedTasks=0, pos=75.30, 38.00, -1.68
2026-04-25 13:09:05.655 [Client thread/INFO] AsdUnionClient - [TabRuntime][LucyU__/a59687b5-5699-4f76-8e23-d084613743c2] Background tick health: world=true, player=true, openChannel=true, queuedTasks=0, pos=75.04, 37.75, -3.23
2026-04-25 13:09:10.656 [Client thread/INFO] AsdUnionClient - [TabRuntime][LucyU__/a59687b5-5699-4f76-8e23-d084613743c2] Background tick health: world=true, player=true, openChannel=true, queuedTasks=0, pos=82.68, 37.00, 0.98
2026-04-25 13:09:15.655 [Client thread/INFO] AsdUnionClient - [TabRuntime][LucyU__/a59687b5-5699-4f76-8e23-d084613743c2] Background tick health: world=true, player=true, openChannel=true, queuedTasks=0, pos=95.70, 37.00, -0.62
2026-04-25 13:09:20.656 [Client thread/INFO] AsdUnionClient - [TabRuntime][LucyU__/a59687b5-5699-4f76-8e23-d084613743c2] Background tick health: world=true, player=true, openChannel=true, queuedTasks=0, pos=75.30, 38.79, -1.30
2026-04-25 13:09:25.655 [Client thread/INFO] AsdUnionClient - [TabRuntime][LucyU__/a59687b5-5699-4f76-8e23-d084613743c2] Background tick health: world=true, player=true, openChannel=true, queuedTasks=0, pos=72.69, 38.00, -3.11
2026-04-25 13:09:30.656 [Client thread/INFO] AsdUnionClient - [TabRuntime][LucyU__/a59687b5-5699-4f76-8e23-d084613743c2] Background tick health: world=true, player=true, openChannel=true, queuedTasks=0, pos=73.60, 38.00, 0.46
2026-04-25 13:09:35.655 [Client thread/INFO] AsdUnionClient - [TabRuntime][LucyU__/a59687b5-5699-4f76-8e23-d084613743c2] Background tick health: world=true, player=true, openChannel=true, queuedTasks=0, pos=69.70, 35.00, -0.21
2026-04-25 13:09:40.655 [Client thread/INFO] AsdUnionClient - [TabRuntime][LucyU__/a59687b5-5699-4f76-8e23-d084613743c2] Background tick health: world=true, player=true, openChannel=true, queuedTasks=0, pos=74.31, 39.42, 3.00
2026-04-25 13:09:45.656 [Client thread/INFO] AsdUnionClient - [TabRuntime][LucyU__/a59687b5-5699-4f76-8e23-d084613743c2] Background tick health: world=true, player=true, openChannel=true, queuedTasks=0, pos=75.30, 37.00, 4.30
2026-04-25 13:09:50.655 [Client thread/INFO] AsdUnionClient - [TabRuntime][LucyU__/a59687b5-5699-4f76-8e23-d084613743c2] Background tick health: world=true, player=true, openChannel=true, queuedTasks=0, pos=77.87, 38.25, 7.12
2026-04-25 13:09:55.655 [Client thread/INFO] AsdUnionClient - [TabRuntime][LucyU__/a59687b5-5699-4f76-8e23-d084613743c2] Background tick health: world=true, player=true, openChannel=true, queuedTasks=0, pos=94.04, 38.92, 15.51
2026-04-25 13:10:16.155 [Client thread/INFO] AsdUnionClient - [TabRuntime][LucyU__/a59687b5-5699-4f76-8e23-d084613743c2] Background tick health: world=true, player=true, openChannel=true, queuedTasks=0, pos=81.21, 37.10, 3.39
2026-04-25 13:10:21.155 [Client thread/INFO] AsdUnionClient - [TabRuntime][LucyU__/a59687b5-5699-4f76-8e23-d084613743c2] Background tick health: world=true, player=true, openChannel=true, queuedTasks=0, pos=90.69, 37.00, 4.47
2026-04-25 13:10:37.051 [Client thread/INFO] AsdUnionClient - [TabRuntime][LucyU__/a59687b5-5699-4f76-8e23-d084613743c2] Background tick health: world=true, player=true, openChannel=true, queuedTasks=0, pos=94.05, 36.50, 0.45
2026-04-25 13:10:42.051 [Client thread/INFO] AsdUnionClient - [TabRuntime][LucyU__/a59687b5-5699-4f76-8e23-d084613743c2] Background tick health: world=true, player=true, openChannel=true, queuedTasks=0, pos=94.05, 36.50, 0.45
2026-04-25 13:10:47.052 [Client thread/INFO] AsdUnionClient - [TabRuntime][LucyU__/a59687b5-5699-4f76-8e23-d084613743c2] Background tick health: world=true, player=true, openChannel=true, queuedTasks=0, pos=94.05, 36.50, 0.45
2026-04-25 13:10:52.056 [Client thread/INFO] AsdUnionClient - [TabRuntime][LucyU__/a59687b5-5699-4f76-8e23-d084613743c2] Background tick health: world=true, player=true, openChannel=true, queuedTasks=0, pos=94.05, 36.50, 0.45
2026-04-25 13:10:57.051 [Client thread/INFO] AsdUnionClient - [TabRuntime][LucyU__/a59687b5-5699-4f76-8e23-d084613743c2] Background tick health: world=true, player=true, openChannel=true, queuedTasks=0, pos=94.05, 36.50, 0.45
2026-04-25 13:11:02.050 [Client thread/INFO] AsdUnionClient - [TabRuntime][LucyU__/a59687b5-5699-4f76-8e23-d084613743c2] Background tick health: world=true, player=true, openChannel=true, queuedTasks=0, pos=94.05, 36.50, 0.45
2026-04-25 13:11:07.051 [Client thread/INFO] AsdUnionClient - [TabRuntime][LucyU__/a59687b5-5699-4f76-8e23-d084613743c2] Background tick health: world=true, player=true, openChannel=true, queuedTasks=0, pos=94.05, 36.50, 0.45
2026-04-25 13:11:12.051 [Client thread/INFO] AsdUnionClient - [TabRuntime][LucyU__/a59687b5-5699-4f76-8e23-d084613743c2] Background tick health: world=true, player=true, openChannel=true, queuedTasks=0, pos=94.05, 36.50, 0.45
2026-04-25 13:11:17.050 [Client thread/INFO] AsdUnionClient - [TabRuntime][LucyU__/a59687b5-5699-4f76-8e23-d084613743c2] Background tick health: world=true, player=true, openChannel=true, queuedTasks=0, pos=94.05, 36.50, 0.45
2026-04-25 13:11:22.051 [Client thread/INFO] AsdUnionClient - [TabRuntime][LucyU__/a59687b5-5699-4f76-8e23-d084613743c2] Background tick health: world=true, player=true, openChannel=true, queuedTasks=0, pos=94.05, 36.50, 0.45
2026-04-25 13:11:27.051 [Client thread/INFO] AsdUnionClient - [TabRuntime][LucyU__/a59687b5-5699-4f76-8e23-d084613743c2] Background tick health: world=true, player=true, openChannel=true, queuedTasks=0, pos=94.05, 36.50, 0.45
2026-04-25 13:11:32.050 [Client thread/INFO] AsdUnionClient - [TabRuntime][LucyU__/a59687b5-5699-4f76-8e23-d084613743c2] Background tick health: world=true, player=true, openChannel=true, queuedTasks=0, pos=94.05, 36.50, 0.45
2026-04-25 13:11:37.051 [Client thread/INFO] AsdUnionClient - [TabRuntime][LucyU__/a59687b5-5699-4f76-8e23-d084613743c2] Background tick health: world=true, player=true, openChannel=true, queuedTasks=0, pos=94.05, 36.50, 0.45
2026-04-25 13:11:42.051 [Client thread/INFO] AsdUnionClient - [TabRuntime][LucyU__/a59687b5-5699-4f76-8e23-d084613743c2] Background tick health: world=true, player=true, openChannel=true, queuedTasks=0, pos=94.05, 36.50, 0.45
2026-04-25 13:11:47.050 [Client thread/INFO] AsdUnionClient - [TabRuntime][LucyU__/a59687b5-5699-4f76-8e23-d084613743c2] Background tick health: world=true, player=true, openChannel=true, queuedTasks=0, pos=94.05, 36.50, 0.45
2026-04-25 13:11:52.051 [Client thread/INFO] AsdUnionClient - [TabRuntime][LucyU__/a59687b5-5699-4f76-8e23-d084613743c2] Background tick health: world=true, player=true, openChannel=true, queuedTasks=0, pos=94.05, 36.50, 0.45
2026-04-25 13:12:19.997 [Client thread/INFO] AsdUnionClient - [TabRuntime][LucyU__/a59687b5-5699-4f76-8e23-d084613743c2] Background tick health: world=true, player=true, openChannel=true, queuedTasks=0, pos=2.56, 40.75, 88.32
2026-04-25 13:12:24.999 [Client thread/INFO] AsdUnionClient - [TabRuntime][LucyU__/a59687b5-5699-4f76-8e23-d084613743c2] Background tick health: world=true, player=true, openChannel=true, queuedTasks=0, pos=0.50, 100.00, 0.50
2026-04-25 13:12:30.000 [Client thread/INFO] AsdUnionClient - [TabRuntime][LucyU__/a59687b5-5699-4f76-8e23-d084613743c2] Background tick health: world=true, player=true, openChannel=true, queuedTasks=0, pos=0.50, 100.00, 0.50
2026-04-25 13:12:35.000 [Client thread/INFO] AsdUnionClient - [TabRuntime][LucyU__/a59687b5-5699-4f76-8e23-d084613743c2] Background tick health: world=true, player=true, openChannel=true, queuedTasks=0, pos=0.50, 100.00, 0.50
2026-04-25 13:12:40.000 [Client thread/INFO] AsdUnionClient - [TabRuntime][LucyU__/a59687b5-5699-4f76-8e23-d084613743c2] Background tick health: world=true, player=true, openChannel=true, queuedTasks=0, pos=0.50, 100.00, 0.50
2026-04-25 13:12:45.000 [Client thread/INFO] AsdUnionClient - [TabRuntime][LucyU__/a59687b5-5699-4f76-8e23-d084613743c2] Background tick health: world=true, player=true, openChannel=true, queuedTasks=0, pos=-2.04, 100.00, 7.29
2026-04-25 13:12:50.000 [Client thread/INFO] AsdUnionClient - [TabRuntime][LucyU__/a59687b5-5699-4f76-8e23-d084613743c2] Background tick health: world=true, player=true, openChannel=true, queuedTasks=0, pos=-4.76, 100.00, 10.98
2026-04-25 13:12:55.000 [Client thread/INFO] AsdUnionClient - [TabRuntime][LucyU__/a59687b5-5699-4f76-8e23-d084613743c2] Background tick health: world=true, player=true, openChannel=true, queuedTasks=0, pos=103.82, 57.50, 46.69
2026-04-25 13:13:00.000 [Client thread/INFO] AsdUnionClient - [TabRuntime][LucyU__/a59687b5-5699-4f76-8e23-d084613743c2] Background tick health: world=true, player=true, openChannel=true, queuedTasks=0, pos=104.62, 57.50, 48.09
2026-04-25 13:13:04.999 [Client thread/INFO] AsdUnionClient - [TabRuntime][LucyU__/a59687b5-5699-4f76-8e23-d084613743c2] Background tick health: world=true, player=true, openChannel=true, queuedTasks=0, pos=103.59, 57.50, 47.88
2026-04-25 13:13:10.000 [Client thread/INFO] AsdUnionClient - [TabRuntime][LucyU__/a59687b5-5699-4f76-8e23-d084613743c2] Background tick health: world=true, player=true, openChannel=true, queuedTasks=0, pos=98.78, 58.00, 43.32
2026-04-25 13:13:15.006 [Client thread/INFO] AsdUnionClient - [TabRuntime][LucyU__/a59687b5-5699-4f76-8e23-d084613743c2] Background tick health: world=true, player=true, openChannel=true, queuedTasks=0, pos=82.76, 58.56, 46.79
2026-04-25 13:13:20.018 [Client thread/INFO] AsdUnionClient - [TabRuntime][LucyU__/a59687b5-5699-4f76-8e23-d084613743c2] Background tick health: world=true, player=true, openChannel=true, queuedTasks=0, pos=64.81, 59.00, 47.56
2026-04-25 13:13:24.999 [Client thread/INFO] AsdUnionClient - [TabRuntime][LucyU__/a59687b5-5699-4f76-8e23-d084613743c2] Background tick health: world=true, player=true, openChannel=true, queuedTasks=0, pos=53.26, 60.17, 45.67
2026-04-25 13:13:30.000 [Client thread/INFO] AsdUnionClient - [TabRuntime][LucyU__/a59687b5-5699-4f76-8e23-d084613743c2] Background tick health: world=true, player=true, openChannel=true, queuedTasks=0, pos=42.90, 60.00, 29.92
2026-04-25 13:13:34.999 [Client thread/INFO] AsdUnionClient - [TabRuntime][LucyU__/a59687b5-5699-4f76-8e23-d084613743c2] Background tick health: world=true, player=true, openChannel=true, queuedTasks=0, pos=43.71, 59.00, 20.34
2026-04-25 13:13:39.991 [Client thread/INFO] AsdUnionClient - [TabRuntime][LucyU__/a59687b5-5699-4f76-8e23-d084613743c2] Background tick health: world=true, player=true, openChannel=true, queuedTasks=0, pos=43.30, 59.00, 19.30
2026-04-25 13:13:44.989 [Client thread/INFO] AsdUnionClient - [TabRuntime][LucyU__/a59687b5-5699-4f76-8e23-d084613743c2] Background tick health: world=true, player=true, openChannel=true, queuedTasks=0, pos=52.14, 59.00, 34.31
2026-04-25 13:13:49.989 [Client thread/INFO] AsdUnionClient - [TabRuntime][LucyU__/a59687b5-5699-4f76-8e23-d084613743c2] Background tick health: world=true, player=true, openChannel=true, queuedTasks=0, pos=59.24, 10.84, 47.49
2026-04-25 13:13:55.010 [Client thread/INFO] AsdUnionClient - [TabRuntime][LucyU__/a59687b5-5699-4f76-8e23-d084613743c2] Background tick health: world=true, player=true, openChannel=true, queuedTasks=0, pos=0.50, 88.06, 0.50
2026-04-25 13:14:00.011 [Client thread/INFO] AsdUnionClient - [TabRuntime][LucyU__/a59687b5-5699-4f76-8e23-d084613743c2] Background tick health: world=true, player=true, openChannel=true, queuedTasks=0, pos=89.24, 58.00, 47.25
2026-04-25 13:14:05.011 [Client thread/INFO] AsdUnionClient - [TabRuntime][LucyU__/a59687b5-5699-4f76-8e23-d084613743c2] Background tick health: world=true, player=true, openChannel=true, queuedTasks=0, pos=89.35, 58.00, 47.55
2026-04-25 13:14:10.012 [Client thread/INFO] AsdUnionClient - [TabRuntime][LucyU__/a59687b5-5699-4f76-8e23-d084613743c2] Background tick health: world=true, player=true, openChannel=true, queuedTasks=0, pos=84.72, 59.00, 47.98
2026-04-25 13:14:15.011 [Client thread/INFO] AsdUnionClient - [TabRuntime][LucyU__/a59687b5-5699-4f76-8e23-d084613743c2] Background tick health: world=true, player=true, openChannel=true, queuedTasks=0, pos=83.68, 59.00, 47.01
2026-04-25 13:14:20.012 [Client thread/INFO] AsdUnionClient - [TabRuntime][LucyU__/a59687b5-5699-4f76-8e23-d084613743c2] Background tick health: world=true, player=true, openChannel=true, queuedTasks=0, pos=98.07, 58.00, 47.53
2026-04-25 13:14:25.010 [Client thread/INFO] AsdUnionClient - [TabRuntime][LucyU__/a59687b5-5699-4f76-8e23-d084613743c2] Background tick health: world=true, player=true, openChannel=true, queuedTasks=0, pos=99.87, 58.00, 43.96
2026-04-25 13:14:30.011 [Client thread/INFO] AsdUnionClient - [TabRuntime][LucyU__/a59687b5-5699-4f76-8e23-d084613743c2] Background tick health: world=true, player=true, openChannel=true, queuedTasks=0, pos=99.84, 58.00, 44.05
2026-04-25 13:14:35.011 [Client thread/INFO] AsdUnionClient - [TabRuntime][LucyU__/a59687b5-5699-4f76-8e23-d084613743c2] Background tick health: world=true, player=true, openChannel=true, queuedTasks=0, pos=99.97, 58.00, 43.97
2026-04-25 13:14:40.010 [Client thread/INFO] AsdUnionClient - [TabRuntime][LucyU__/a59687b5-5699-4f76-8e23-d084613743c2] Background tick health: world=true, player=true, openChannel=true, queuedTasks=0, pos=92.03, 58.00, 45.68
2026-04-25 13:14:45.011 [Client thread/INFO] AsdUnionClient - [TabRuntime][LucyU__/a59687b5-5699-4f76-8e23-d084613743c2] Background tick health: world=true, player=true, openChannel=true, queuedTasks=0, pos=92.92, 58.00, 46.16
2026-04-25 13:14:50.011 [Client thread/INFO] AsdUnionClient - [TabRuntime][LucyU__/a59687b5-5699-4f76-8e23-d084613743c2] Background tick health: world=true, player=true, openChannel=true, queuedTasks=0, pos=104.70, 58.00, 50.57
2026-04-25 13:14:55.011 [Client thread/INFO] AsdUnionClient - [TabRuntime][LucyU__/a59687b5-5699-4f76-8e23-d084613743c2] Background tick health: world=true, player=true, openChannel=true, queuedTasks=0, pos=95.75, 58.00, 45.73
2026-04-25 13:15:00.014 [Client thread/INFO] AsdUnionClient - [TabRuntime][LucyU__/a59687b5-5699-4f76-8e23-d084613743c2] Background tick health: world=true, player=true, openChannel=true, queuedTasks=0, pos=91.60, 58.00, 49.41
2026-04-25 13:15:05.011 [Client thread/INFO] AsdUnionClient - [TabRuntime][LucyU__/a59687b5-5699-4f76-8e23-d084613743c2] Background tick health: world=true, player=true, openChannel=true, queuedTasks=0, pos=87.19, 58.00, 46.16
2026-04-25 13:15:10.011 [Client thread/INFO] AsdUnionClient - [TabRuntime][LucyU__/a59687b5-5699-4f76-8e23-d084613743c2] Background tick health: world=true, player=true, openChannel=true, queuedTasks=0, pos=81.99, 58.00, 45.70
2026-04-25 13:15:15.010 [Client thread/INFO] AsdUnionClient - [TabRuntime][LucyU__/a59687b5-5699-4f76-8e23-d084613743c2] Background tick health: world=true, player=true, openChannel=true, queuedTasks=0, pos=65.09, 59.77, 47.35
2026-04-25 13:15:20.010 [Client thread/INFO] AsdUnionClient - [TabRuntime][LucyU__/a59687b5-5699-4f76-8e23-d084613743c2] Background tick health: world=true, player=true, openChannel=true, queuedTasks=0, pos=56.30, -41.27, 43.64
2026-04-25 13:15:25.012 [Client thread/INFO] AsdUnionClient - [TabRuntime][LucyU__/a59687b5-5699-4f76-8e23-d084613743c2] Background tick health: world=true, player=true, openChannel=true, queuedTasks=0, pos=0.50, 112.06, 0.50
2026-04-25 13:15:30.012 [Client thread/INFO] AsdUnionClient - [TabRuntime][LucyU__/a59687b5-5699-4f76-8e23-d084613743c2] Background tick health: world=true, player=true, openChannel=true, queuedTasks=0, pos=84.79, 58.00, 45.88
2026-04-25 13:15:35.012 [Client thread/INFO] AsdUnionClient - [TabRuntime][LucyU__/a59687b5-5699-4f76-8e23-d084613743c2] Background tick health: world=true, player=true, openChannel=true, queuedTasks=0, pos=72.54, 59.00, 46.89
2026-04-25 13:15:40.012 [Client thread/INFO] AsdUnionClient - [TabRuntime][LucyU__/a59687b5-5699-4f76-8e23-d084613743c2] Background tick health: world=true, player=true, openChannel=true, queuedTasks=0, pos=54.98, 38.72, 46.49
2026-04-25 13:15:44.986 [Client thread/INFO] AsdUnionClient - [TabRuntime][LucyU__/a59687b5-5699-4f76-8e23-d084613743c2] Background tick health: world=true, player=true, openChannel=true, queuedTasks=0, pos=0.50, 112.06, 0.50
2026-04-25 13:15:49.989 [Client thread/INFO] AsdUnionClient - [TabRuntime][LucyU__/a59687b5-5699-4f76-8e23-d084613743c2] Background tick health: world=true, player=true, openChannel=true, queuedTasks=0, pos=91.91, 58.00, 45.91
2026-04-25 13:15:54.987 [Client thread/INFO] AsdUnionClient - [TabRuntime][LucyU__/a59687b5-5699-4f76-8e23-d084613743c2] Background tick health: world=true, player=true, openChannel=true, queuedTasks=0, pos=76.70, 58.00, 46.11
2026-04-25 13:15:59.986 [Client thread/INFO] AsdUnionClient - [TabRuntime][LucyU__/a59687b5-5699-4f76-8e23-d084613743c2] Background tick health: world=true, player=true, openChannel=true, queuedTasks=0, pos=64.74, 59.00, 47.40
2026-04-25 13:16:05.009 [Client thread/INFO] AsdUnionClient - [TabRuntime][LucyU__/a59687b5-5699-4f76-8e23-d084613743c2] Background tick health: world=true, player=true, openChannel=true, queuedTasks=0, pos=64.37, 59.00, 47.08
2026-04-25 13:16:10.009 [Client thread/INFO] AsdUnionClient - [TabRuntime][LucyU__/a59687b5-5699-4f76-8e23-d084613743c2] Background tick health: world=true, player=true, openChannel=true, queuedTasks=0, pos=72.41, -49.67, 45.91
2026-04-25 13:16:15.010 [Client thread/INFO] AsdUnionClient - [TabRuntime][LucyU__/a59687b5-5699-4f76-8e23-d084613743c2] Background tick health: world=true, player=true, openChannel=true, queuedTasks=0, pos=0.50, 112.06, 0.50
2026-04-25 13:16:20.010 [Client thread/INFO] AsdUnionClient - [TabRuntime][LucyU__/a59687b5-5699-4f76-8e23-d084613743c2] Background tick health: world=true, player=true, openChannel=true, queuedTasks=0, pos=97.07, 58.00, 43.87
2026-04-25 13:16:25.011 [Client thread/INFO] AsdUnionClient - [TabRuntime][LucyU__/a59687b5-5699-4f76-8e23-d084613743c2] Background tick health: world=true, player=true, openChannel=true, queuedTasks=0, pos=91.96, 58.00, 45.84
2026-04-25 13:16:30.010 [Client thread/INFO] AsdUnionClient - [TabRuntime][LucyU__/a59687b5-5699-4f76-8e23-d084613743c2] Background tick health: world=true, player=true, openChannel=true, queuedTasks=0, pos=101.99, 58.00, 47.40
2026-04-25 13:16:35.011 [Client thread/INFO] AsdUnionClient - [TabRuntime][LucyU__/a59687b5-5699-4f76-8e23-d084613743c2] Background tick health: world=true, player=true, openChannel=true, queuedTasks=0, pos=104.15, 57.50, 48.05
2026-04-25 13:16:40.011 [Client thread/INFO] AsdUnionClient - [TabRuntime][LucyU__/a59687b5-5699-4f76-8e23-d084613743c2] Background tick health: world=true, player=true, openChannel=true, queuedTasks=0, pos=90.46, 58.00, 46.63
2026-04-25 13:16:45.011 [Client thread/INFO] AsdUnionClient - [TabRuntime][LucyU__/a59687b5-5699-4f76-8e23-d084613743c2] Background tick health: world=true, player=true, openChannel=true, queuedTasks=0, pos=79.85, 58.00, 39.99
2026-04-25 13:16:50.010 [Client thread/INFO] AsdUnionClient - [TabRuntime][LucyU__/a59687b5-5699-4f76-8e23-d084613743c2] Background tick health: world=true, player=true, openChannel=true, queuedTasks=0, pos=84.24, 58.00, 44.79
2026-04-25 13:16:55.011 [Client thread/INFO] AsdUnionClient - [TabRuntime][LucyU__/a59687b5-5699-4f76-8e23-d084613743c2] Background tick health: world=true, player=true, openChannel=true, queuedTasks=0, pos=88.70, 58.00, 46.25
2026-04-25 13:17:00.011 [Client thread/INFO] AsdUnionClient - [TabRuntime][LucyU__/a59687b5-5699-4f76-8e23-d084613743c2] Background tick health: world=true, player=true, openChannel=true, queuedTasks=0, pos=99.70, 58.00, 43.89
2026-04-25 13:17:05.011 [Client thread/INFO] AsdUnionClient - [TabRuntime][LucyU__/a59687b5-5699-4f76-8e23-d084613743c2] Background tick health: world=true, player=true, openChannel=true, queuedTasks=0, pos=99.55, 58.00, 43.84
2026-04-25 13:17:10.011 [Client thread/INFO] AsdUnionClient - [TabRuntime][LucyU__/a59687b5-5699-4f76-8e23-d084613743c2] Background tick health: world=true, player=true, openChannel=true, queuedTasks=0, pos=89.52, 58.00, 47.20
2026-04-25 13:17:15.011 [Client thread/INFO] AsdUnionClient - [TabRuntime][LucyU__/a59687b5-5699-4f76-8e23-d084613743c2] Background tick health: world=true, player=true, openChannel=true, queuedTasks=0, pos=73.09, 59.17, 47.54
2026-04-25 13:17:20.010 [Client thread/INFO] AsdUnionClient - [TabRuntime][LucyU__/a59687b5-5699-4f76-8e23-d084613743c2] Background tick health: world=true, player=true, openChannel=true, queuedTasks=0, pos=54.93, 59.00, 47.48
2026-04-25 13:17:25.010 [Client thread/INFO] AsdUnionClient - [TabRuntime][LucyU__/a59687b5-5699-4f76-8e23-d084613743c2] Background tick health: world=true, player=true, openChannel=true, queuedTasks=0, pos=43.11, 60.00, 36.57
2026-04-25 13:17:30.011 [Client thread/INFO] AsdUnionClient - [TabRuntime][LucyU__/a59687b5-5699-4f76-8e23-d084613743c2] Background tick health: world=true, player=true, openChannel=true, queuedTasks=0, pos=32.46, 59.00, 22.27
2026-04-25 13:17:35.011 [Client thread/INFO] AsdUnionClient - [TabRuntime][LucyU__/a59687b5-5699-4f76-8e23-d084613743c2] Background tick health: world=true, player=true, openChannel=true, queuedTasks=0, pos=21.16, 59.00, 10.58
2026-04-25 13:17:40.011 [Client thread/INFO] AsdUnionClient - [TabRuntime][LucyU__/a59687b5-5699-4f76-8e23-d084613743c2] Background tick health: world=true, player=true, openChannel=true, queuedTasks=0, pos=14.73, -48.42, 10.51
2026-04-25 13:17:45.046 [Client thread/INFO] AsdUnionClient - [TabRuntime][LucyU__/a59687b5-5699-4f76-8e23-d084613743c2] Background tick health: world=true, player=true, openChannel=true, queuedTasks=0, pos=22.00, 98.40, 9.00
2026-04-25 13:17:49.989 [Client thread/INFO] AsdUnionClient - [TabRuntime][LucyU__/a59687b5-5699-4f76-8e23-d084613743c2] Background tick health: world=true, player=true, openChannel=true, queuedTasks=0, pos=-0.65, 155.00, 3.22
2026-04-25 13:17:58.156 [Client thread/INFO] AsdUnionClient - [TabRuntime][LucyU__/a59687b5-5699-4f76-8e23-d084613743c2] Background tick health: world=true, player=true, openChannel=true, queuedTasks=0, pos=-2.07, 155.00, 12.65
2026-04-25 13:18:03.206 [Client thread/INFO] AsdUnionClient - [TabRuntime][LucyU__/a59687b5-5699-4f76-8e23-d084613743c2] Background tick health: world=true, player=true, openChannel=true, queuedTasks=0, pos=-2.34, 155.00, 12.70
2026-04-25 13:18:08.161 [Client thread/INFO] AsdUnionClient - [TabRuntime][LucyU__/a59687b5-5699-4f76-8e23-d084613743c2] Background tick health: world=true, player=true, openChannel=true, queuedTasks=0, pos=-6.87, 155.00, 11.53
2026-04-25 13:18:13.161 [Client thread/INFO] AsdUnionClient - [TabRuntime][LucyU__/a59687b5-5699-4f76-8e23-d084613743c2] Background tick health: world=true, player=true, openChannel=true, queuedTasks=0, pos=-8.15, 155.00, 8.45
2026-04-25 13:18:18.161 [Client thread/INFO] AsdUnionClient - [TabRuntime][LucyU__/a59687b5-5699-4f76-8e23-d084613743c2] Background tick health: world=true, player=true, openChannel=true, queuedTasks=0, pos=0.54, 37.00, 93.26
2026-04-25 13:18:23.137 [Client thread/INFO] AsdUnionClient - [TabRuntime][LucyU__/a59687b5-5699-4f76-8e23-d084613743c2] Background tick health: world=true, player=true, openChannel=true, queuedTasks=0, pos=0.49, 36.50, 93.49
2026-04-25 13:18:28.137 [Client thread/INFO] AsdUnionClient - [TabRuntime][LucyU__/a59687b5-5699-4f76-8e23-d084613743c2] Background tick health: world=true, player=true, openChannel=true, queuedTasks=0, pos=0.57, 36.50, 93.38
2026-04-25 13:18:33.137 [Client thread/INFO] AsdUnionClient - [TabRuntime][LucyU__/a59687b5-5699-4f76-8e23-d084613743c2] Background tick health: world=true, player=true, openChannel=true, queuedTasks=0, pos=0.48, 36.50, 93.39
2026-04-25 13:18:38.137 [Client thread/INFO] AsdUnionClient - [TabRuntime][LucyU__/a59687b5-5699-4f76-8e23-d084613743c2] Background tick health: world=true, player=true, openChannel=true, queuedTasks=0, pos=0.56, 36.50, 93.42
2026-04-25 13:18:43.137 [Client thread/INFO] AsdUnionClient - [TabRuntime][LucyU__/a59687b5-5699-4f76-8e23-d084613743c2] Background tick health: world=true, player=true, openChannel=true, queuedTasks=0, pos=0.47, 36.50, 93.47
2026-04-25 13:18:48.136 [Client thread/INFO] AsdUnionClient - [TabRuntime][LucyU__/a59687b5-5699-4f76-8e23-d084613743c2] Background tick health: world=true, player=true, openChannel=true, queuedTasks=0, pos=0.36, 36.50, 93.37
2026-04-25 13:18:53.137 [Client thread/INFO] AsdUnionClient - [TabRuntime][LucyU__/a59687b5-5699-4f76-8e23-d084613743c2] Background tick health: world=true, player=true, openChannel=true, queuedTasks=0, pos=0.52, 36.50, 93.43
2026-04-25 13:18:58.137 [Client thread/INFO] AsdUnionClient - [TabRuntime][LucyU__/a59687b5-5699-4f76-8e23-d084613743c2] Background tick health: world=true, player=true, openChannel=true, queuedTasks=0, pos=0.50, 36.50, 93.48
2026-04-25 13:19:03.136 [Client thread/INFO] AsdUnionClient - [TabRuntime][LucyU__/a59687b5-5699-4f76-8e23-d084613743c2] Background tick health: world=true, player=true, openChannel=true, queuedTasks=0, pos=0.53, 36.50, 93.55
2026-04-25 13:19:08.136 [Client thread/INFO] AsdUnionClient - [TabRuntime][LucyU__/a59687b5-5699-4f76-8e23-d084613743c2] Background tick health: world=true, player=true, openChannel=true, queuedTasks=0, pos=0.53, 36.77, 93.47
2026-04-25 13:19:13.137 [Client thread/INFO] AsdUnionClient - [TabRuntime][LucyU__/a59687b5-5699-4f76-8e23-d084613743c2] Background tick health: world=true, player=true, openChannel=true, queuedTasks=0, pos=0.47, 36.50, 93.50
2026-04-25 13:19:18.137 [Client thread/INFO] AsdUnionClient - [TabRuntime][LucyU__/a59687b5-5699-4f76-8e23-d084613743c2] Background tick health: world=true, player=true, openChannel=true, queuedTasks=0, pos=0.58, 36.50, 93.39
2026-04-25 13:19:23.137 [Client thread/INFO] AsdUnionClient - [TabRuntime][LucyU__/a59687b5-5699-4f76-8e23-d084613743c2] Background tick health: world=true, player=true, openChannel=true, queuedTasks=0, pos=0.49, 36.50, 93.35
2026-04-25 13:19:28.137 [Client thread/INFO] AsdUnionClient - [TabRuntime][LucyU__/a59687b5-5699-4f76-8e23-d084613743c2] Background tick health: world=true, player=true, openChannel=true, queuedTasks=0, pos=0.42, 36.50, 93.47
2026-04-25 13:19:33.136 [Client thread/INFO] AsdUnionClient - [TabRuntime][LucyU__/a59687b5-5699-4f76-8e23-d084613743c2] Background tick health: world=true, player=true, openChannel=true, queuedTasks=0, pos=0.53, 36.50, 93.36
2026-04-25 13:19:38.137 [Client thread/INFO] AsdUnionClient - [TabRuntime][LucyU__/a59687b5-5699-4f76-8e23-d084613743c2] Background tick health: world=true, player=true, openChannel=true, queuedTasks=0, pos=0.46, 36.50, 93.41
2026-04-25 13:19:43.137 [Client thread/INFO] AsdUnionClient - [TabRuntime][LucyU__/a59687b5-5699-4f76-8e23-d084613743c2] Background tick health: world=true, player=true, openChannel=true, queuedTasks=0, pos=0.57, 36.50, 93.40
2026-04-25 13:19:48.137 [Client thread/INFO] AsdUnionClient - [TabRuntime][LucyU__/a59687b5-5699-4f76-8e23-d084613743c2] Background tick health: world=true, player=true, openChannel=true, queuedTasks=0, pos=0.43, 36.50, 93.44
2026-04-25 13:19:53.137 [Client thread/INFO] AsdUnionClient - [TabRuntime][LucyU__/a59687b5-5699-4f76-8e23-d084613743c2] Background tick health: world=true, player=true, openChannel=true, queuedTasks=0, pos=0.44, 36.50, 93.34
2026-04-25 13:19:58.137 [Client thread/INFO] AsdUnionClient - [TabRuntime][LucyU__/a59687b5-5699-4f76-8e23-d084613743c2] Background tick health: world=true, player=true, openChannel=true, queuedTasks=0, pos=0.55, 36.50, 93.50
2026-04-25 13:20:03.136 [Client thread/INFO] AsdUnionClient - [TabRuntime][LucyU__/a59687b5-5699-4f76-8e23-d084613743c2] Background tick health: world=true, player=true, openChannel=true, queuedTasks=0, pos=0.56, 36.50, 93.38
2026-04-25 13:20:08.137 [Client thread/INFO] AsdUnionClient - [TabRuntime][LucyU__/a59687b5-5699-4f76-8e23-d084613743c2] Background tick health: world=true, player=true, openChannel=true, queuedTasks=0, pos=0.55, 36.50, 93.40
2026-04-25 13:20:13.137 [Client thread/INFO] AsdUnionClient - [TabRuntime][LucyU__/a59687b5-5699-4f76-8e23-d084613743c2] Background tick health: world=true, player=true, openChannel=true, queuedTasks=0, pos=0.58, 36.50, 93.51
2026-04-25 13:20:18.136 [Client thread/INFO] AsdUnionClient - [TabRuntime][LucyU__/a59687b5-5699-4f76-8e23-d084613743c2] Background tick health: world=true, player=true, openChannel=true, queuedTasks=0, pos=0.54, 36.50, 93.44
2026-04-25 13:20:23.136 [Client thread/INFO] AsdUnionClient - [TabRuntime][LucyU__/a59687b5-5699-4f76-8e23-d084613743c2] Background tick health: world=true, player=true, openChannel=true, queuedTasks=0, pos=0.51, 36.50, 93.33
2026-04-25 13:20:28.137 [Client thread/INFO] AsdUnionClient - [TabRuntime][LucyU__/a59687b5-5699-4f76-8e23-d084613743c2] Background tick health: world=true, player=true, openChannel=true, queuedTasks=0, pos=0.52, 36.50, 93.43
2026-04-25 13:20:33.136 [Client thread/INFO] AsdUnionClient - [TabRuntime][LucyU__/a59687b5-5699-4f76-8e23-d084613743c2] Background tick health: world=true, player=true, openChannel=true, queuedTasks=0, pos=0.56, 36.54, 93.57
2026-04-25 13:20:38.136 [Client thread/INFO] AsdUnionClient - [TabRuntime][LucyU__/a59687b5-5699-4f76-8e23-d084613743c2] Background tick health: world=true, player=true, openChannel=true, queuedTasks=0, pos=0.55, 36.50, 93.44
2026-04-25 13:20:43.137 [Client thread/INFO] AsdUnionClient - [TabRuntime][LucyU__/a59687b5-5699-4f76-8e23-d084613743c2] Background tick health: world=true, player=true, openChannel=true, queuedTasks=0, pos=0.65, 36.50, 93.36
2026-04-25 13:20:48.135 [Client thread/INFO] AsdUnionClient - [TabRuntime][LucyU__/a59687b5-5699-4f76-8e23-d084613743c2] Background tick health: world=true, player=true, openChannel=true, queuedTasks=0, pos=0.50, 36.50, 93.36
2026-04-25 13:20:53.136 [Client thread/INFO] AsdUnionClient - [TabRuntime][LucyU__/a59687b5-5699-4f76-8e23-d084613743c2] Background tick health: world=true, player=true, openChannel=true, queuedTasks=0, pos=0.44, 36.50, 93.45
2026-04-25 13:20:58.136 [Client thread/INFO] AsdUnionClient - [TabRuntime][LucyU__/a59687b5-5699-4f76-8e23-d084613743c2] Background tick health: world=true, player=true, openChannel=true, queuedTasks=0, pos=0.51, 36.50, 93.44
2026-04-25 13:21:03.137 [Client thread/INFO] AsdUnionClient - [TabRuntime][LucyU__/a59687b5-5699-4f76-8e23-d084613743c2] Background tick health: world=true, player=true, openChannel=true, queuedTasks=0, pos=0.42, 36.77, 93.52
2026-04-25 13:21:08.137 [Client thread/INFO] AsdUnionClient - [TabRuntime][LucyU__/a59687b5-5699-4f76-8e23-d084613743c2] Background tick health: world=true, player=true, openChannel=true, queuedTasks=0, pos=0.48, 36.50, 93.41
2026-04-25 13:21:13.136 [Client thread/INFO] AsdUnionClient - [TabRuntime][LucyU__/a59687b5-5699-4f76-8e23-d084613743c2] Background tick health: world=true, player=true, openChannel=true, queuedTasks=0, pos=0.55, 36.50, 93.46
2026-04-25 13:21:18.136 [Client thread/INFO] AsdUnionClient - [TabRuntime][LucyU__/a59687b5-5699-4f76-8e23-d084613743c2] Background tick health: world=true, player=true, openChannel=true, queuedTasks=0, pos=0.45, 36.50, 93.36
2026-04-25 13:21:23.137 [Client thread/INFO] AsdUnionClient - [TabRuntime][LucyU__/a59687b5-5699-4f76-8e23-d084613743c2] Background tick health: world=true, player=true, openChannel=true, queuedTasks=0, pos=0.50, 36.50, 93.51
2026-04-25 13:21:28.137 [Client thread/INFO] AsdUnionClient - [TabRuntime][LucyU__/a59687b5-5699-4f76-8e23-d084613743c2] Background tick health: world=true, player=true, openChannel=true, queuedTasks=0, pos=0.47, 36.50, 93.40
2026-04-25 13:21:33.144 [Client thread/INFO] AsdUnionClient - [TabRuntime][LucyU__/a59687b5-5699-4f76-8e23-d084613743c2] Background tick health: world=true, player=true, openChannel=true, queuedTasks=0, pos=3.09, 37.00, 77.89
2026-04-25 13:21:38.143 [Client thread/INFO] AsdUnionClient - [TabRuntime][LucyU__/a59687b5-5699-4f76-8e23-d084613743c2] Background tick health: world=true, player=true, openChannel=true, queuedTasks=0, pos=0.78, 35.00, 69.41
2026-04-25 13:21:43.144 [Client thread/INFO] AsdUnionClient - [TabRuntime][LucyU__/a59687b5-5699-4f76-8e23-d084613743c2] Background tick health: world=true, player=true, openChannel=true, queuedTasks=0, pos=0.78, 35.00, 69.41
2026-04-25 13:21:48.143 [Client thread/INFO] AsdUnionClient - [TabRuntime][LucyU__/a59687b5-5699-4f76-8e23-d084613743c2] Background tick health: world=true, player=true, openChannel=true, queuedTasks=0, pos=0.78, 35.00, 69.41
2026-04-25 13:21:53.143 [Client thread/INFO] AsdUnionClient - [TabRuntime][LucyU__/a59687b5-5699-4f76-8e23-d084613743c2] Background tick health: world=true, player=true, openChannel=true, queuedTasks=0, pos=0.78, 35.00, 69.41
2026-04-25 13:21:58.143 [Client thread/INFO] AsdUnionClient - [TabRuntime][LucyU__/a59687b5-5699-4f76-8e23-d084613743c2] Background tick health: world=true, player=true, openChannel=true, queuedTasks=0, pos=0.78, 35.00, 69.41
2026-04-25 13:22:03.144 [Client thread/INFO] AsdUnionClient - [TabRuntime][LucyU__/a59687b5-5699-4f76-8e23-d084613743c2] Background tick health: world=true, player=true, openChannel=true, queuedTasks=0, pos=0.78, 35.00, 69.41
2026-04-25 13:22:08.149 [Client thread/INFO] AsdUnionClient - [TabRuntime][LucyU__/a59687b5-5699-4f76-8e23-d084613743c2] Background tick health: world=true, player=true, openChannel=true, queuedTasks=0, pos=0.78, 35.00, 69.41
2026-04-25 13:22:13.159 [Client thread/INFO] AsdUnionClient - [TabRuntime][LucyU__/a59687b5-5699-4f76-8e23-d084613743c2] Background tick health: world=true, player=true, openChannel=true, queuedTasks=0, pos=-2.87, 36.92, 70.50
2026-04-25 13:22:18.137 [Client thread/INFO] AsdUnionClient - [TabRuntime][LucyU__/a59687b5-5699-4f76-8e23-d084613743c2] Background tick health: world=true, player=true, openChannel=true, queuedTasks=0, pos=-2.39, 155.00, 2.20
2026-04-25 13:22:23.138 [Client thread/INFO] AsdUnionClient - [TabRuntime][LucyU__/a59687b5-5699-4f76-8e23-d084613743c2] Background tick health: world=true, player=true, openChannel=true, queuedTasks=0, pos=-9.04, 155.00, 4.57
2026-04-25 13:22:28.137 [Client thread/INFO] AsdUnionClient - [TabRuntime][LucyU__/a59687b5-5699-4f76-8e23-d084613743c2] Background tick health: world=true, player=true, openChannel=true, queuedTasks=0, pos=-9.11, 155.00, 4.48
2026-04-25 13:22:33.138 [Client thread/INFO] AsdUnionClient - [TabRuntime][LucyU__/a59687b5-5699-4f76-8e23-d084613743c2] Background tick health: world=true, player=true, openChannel=true, queuedTasks=0, pos=-9.03, 155.00, 4.51
2026-04-25 13:22:38.137 [Client thread/INFO] AsdUnionClient - [TabRuntime][LucyU__/a59687b5-5699-4f76-8e23-d084613743c2] Background tick health: world=true, player=true, openChannel=true, queuedTasks=0, pos=-9.03, 155.00, 4.40
2026-04-25 13:22:43.137 [Client thread/INFO] AsdUnionClient - [TabRuntime][LucyU__/a59687b5-5699-4f76-8e23-d084613743c2] Background tick health: world=true, player=true, openChannel=true, queuedTasks=0, pos=-9.06, 155.00, 4.49
2026-04-25 13:22:48.137 [Client thread/INFO] AsdUnionClient - [TabRuntime][LucyU__/a59687b5-5699-4f76-8e23-d084613743c2] Background tick health: world=true, player=true, openChannel=true, queuedTasks=0, pos=-9.10, 155.00, 4.49
2026-04-25 13:22:53.138 [Client thread/INFO] AsdUnionClient - [TabRuntime][LucyU__/a59687b5-5699-4f76-8e23-d084613743c2] Background tick health: world=true, player=true, openChannel=true, queuedTasks=0, pos=-10.54, 155.00, 5.92
2026-04-25 13:22:58.138 [Client thread/INFO] AsdUnionClient - [TabRuntime][LucyU__/a59687b5-5699-4f76-8e23-d084613743c2] Background tick health: world=true, player=true, openChannel=true, queuedTasks=0, pos=95.22, 37.00, 0.52
2026-04-25 13:23:03.138 [Client thread/INFO] AsdUnionClient - [TabRuntime][LucyU__/a59687b5-5699-4f76-8e23-d084613743c2] Background tick health: world=true, player=true, openChannel=true, queuedTasks=0, pos=94.75, 37.00, 0.51
2026-04-25 13:23:08.138 [Client thread/INFO] AsdUnionClient - [TabRuntime][LucyU__/a59687b5-5699-4f76-8e23-d084613743c2] Background tick health: world=true, player=true, openChannel=true, queuedTasks=0, pos=94.19, 36.50, 0.73
2026-04-25 13:23:13.138 [Client thread/INFO] AsdUnionClient - [TabRuntime][LucyU__/a59687b5-5699-4f76-8e23-d084613743c2] Background tick health: world=true, player=true, openChannel=true, queuedTasks=0, pos=90.30, 37.00, -6.04
2026-04-25 13:23:19.903 [Client thread/INFO] AsdUnionClient - [TabRuntime][LucyU__/a59687b5-5699-4f76-8e23-d084613743c2] Background tick health: world=true, player=true, openChannel=true, queuedTasks=0, pos=84.75, 37.00, 1.51
2026-04-25 13:23:24.924 [Client thread/INFO] AsdUnionClient - [TabRuntime][LucyU__/a59687b5-5699-4f76-8e23-d084613743c2] Background tick health: world=true, player=true, openChannel=true, queuedTasks=0, pos=69.49, 36.00, 0.51
2026-04-25 13:23:29.924 [Client thread/INFO] AsdUnionClient - [TabRuntime][LucyU__/a59687b5-5699-4f76-8e23-d084613743c2] Background tick health: world=true, player=true, openChannel=true, queuedTasks=0, pos=59.82, 36.00, 0.39
2026-04-25 13:23:34.903 [Client thread/INFO] AsdUnionClient - [TabRuntime][LucyU__/a59687b5-5699-4f76-8e23-d084613743c2] Background tick health: world=true, player=true, openChannel=true, queuedTasks=0, pos=52.08, 36.00, 0.44
2026-04-25 13:23:39.904 [Client thread/INFO] AsdUnionClient - [TabRuntime][LucyU__/a59687b5-5699-4f76-8e23-d084613743c2] Background tick health: world=true, player=true, openChannel=true, queuedTasks=0, pos=43.98, 36.00, 0.47
2026-04-25 13:23:44.925 [Client thread/INFO] AsdUnionClient - [TabRuntime][LucyU__/a59687b5-5699-4f76-8e23-d084613743c2] Background tick health: world=true, player=true, openChannel=true, queuedTasks=0, pos=35.87, 36.00, 0.62
2026-04-25 13:23:49.904 [Client thread/INFO] AsdUnionClient - [TabRuntime][LucyU__/a59687b5-5699-4f76-8e23-d084613743c2] Background tick health: world=true, player=true, openChannel=true, queuedTasks=0, pos=26.26, 38.17, 1.52
2026-04-25 13:23:54.905 [Client thread/INFO] AsdUnionClient - [TabRuntime][LucyU__/a59687b5-5699-4f76-8e23-d084613743c2] Background tick health: world=true, player=true, openChannel=true, queuedTasks=0, pos=20.19, 38.00, 11.61
2026-04-25 13:23:59.903 [Client thread/INFO] AsdUnionClient - [TabRuntime][LucyU__/a59687b5-5699-4f76-8e23-d084613743c2] Background tick health: world=true, player=true, openChannel=true, queuedTasks=0, pos=21.53, 38.00, -6.77
2026-04-25 13:24:04.904 [Client thread/INFO] AsdUnionClient - [TabRuntime][LucyU__/a59687b5-5699-4f76-8e23-d084613743c2] Background tick health: world=true, player=true, openChannel=true, queuedTasks=0, pos=7.16, 38.00, -20.02
2026-04-25 13:24:09.903 [Client thread/INFO] AsdUnionClient - [TabRuntime][LucyU__/a59687b5-5699-4f76-8e23-d084613743c2] Background tick health: world=true, player=true, openChannel=true, queuedTasks=0, pos=2.84, 38.00, -23.30
2026-04-25 13:24:14.904 [Client thread/INFO] AsdUnionClient - [TabRuntime][LucyU__/a59687b5-5699-4f76-8e23-d084613743c2] Background tick health: world=true, player=true, openChannel=true, queuedTasks=0, pos=16.60, 38.00, -14.68
2026-04-25 13:24:19.903 [Client thread/INFO] AsdUnionClient - [TabRuntime][LucyU__/a59687b5-5699-4f76-8e23-d084613743c2] Background tick health: world=true, player=true, openChannel=true, queuedTasks=0, pos=21.70, 36.00, -0.57
2026-04-25 13:24:24.903 [Client thread/INFO] AsdUnionClient - [TabRuntime][LucyU__/a59687b5-5699-4f76-8e23-d084613743c2] Background tick health: world=true, player=true, openChannel=true, queuedTasks=0, pos=31.33, 36.00, 0.54
2026-04-25 13:24:29.903 [Client thread/INFO] AsdUnionClient - [TabRuntime][LucyU__/a59687b5-5699-4f76-8e23-d084613743c2] Background tick health: world=true, player=true, openChannel=true, queuedTasks=0, pos=51.50, 36.00, 0.27
2026-04-25 13:24:34.910 [Client thread/INFO] AsdUnionClient - [TabRuntime][LucyU__/a59687b5-5699-4f76-8e23-d084613743c2] Background tick health: world=true, player=true, openChannel=true, queuedTasks=0, pos=70.14, 37.00, 2.06
2026-04-25 13:24:39.903 [Client thread/INFO] AsdUnionClient - [TabRuntime][LucyU__/a59687b5-5699-4f76-8e23-d084613743c2] Background tick health: world=true, player=true, openChannel=true, queuedTasks=0, pos=75.16, 37.00, 5.45
2026-04-25 13:24:44.903 [Client thread/INFO] AsdUnionClient - [TabRuntime][LucyU__/a59687b5-5699-4f76-8e23-d084613743c2] Background tick health: world=true, player=true, openChannel=true, queuedTasks=0, pos=76.24, 37.00, 4.86
2026-04-25 13:24:49.904 [Client thread/INFO] AsdUnionClient - [TabRuntime][LucyU__/a59687b5-5699-4f76-8e23-d084613743c2] Background tick health: world=true, player=true, openChannel=true, queuedTasks=0, pos=88.52, 37.00, -1.75
2026-04-25 13:24:54.903 [Client thread/INFO] AsdUnionClient - [TabRuntime][LucyU__/a59687b5-5699-4f76-8e23-d084613743c2] Background tick health: world=true, player=true, openChannel=true, queuedTasks=0, pos=81.44, 38.00, 4.94
2026-04-25 13:24:59.904 [Client thread/INFO] AsdUnionClient - [TabRuntime][LucyU__/a59687b5-5699-4f76-8e23-d084613743c2] Background tick health: world=true, player=true, openChannel=true, queuedTasks=0, pos=78.02, 37.00, 7.46
2026-04-25 13:25:04.903 [Client thread/INFO] AsdUnionClient - [TabRuntime][LucyU__/a59687b5-5699-4f76-8e23-d084613743c2] Background tick health: world=true, player=true, openChannel=true, queuedTasks=0, pos=75.14, 37.00, 10.48
2026-04-25 13:25:09.904 [Client thread/INFO] AsdUnionClient - [TabRuntime][LucyU__/a59687b5-5699-4f76-8e23-d084613743c2] Background tick health: world=true, player=true, openChannel=true, queuedTasks=0, pos=72.58, 37.00, 11.17
2026-04-25 13:25:14.904 [Client thread/INFO] AsdUnionClient - [TabRuntime][LucyU__/a59687b5-5699-4f76-8e23-d084613743c2] Background tick health: world=true, player=true, openChannel=true, queuedTasks=0, pos=72.70, 37.00, 11.00
2026-04-25 13:25:19.904 [Client thread/INFO] AsdUnionClient - [TabRuntime][LucyU__/a59687b5-5699-4f76-8e23-d084613743c2] Background tick health: world=true, player=true, openChannel=true, queuedTasks=0, pos=73.41, 36.77, 10.70
2026-04-25 13:25:24.903 [Client thread/INFO] AsdUnionClient - [TabRuntime][LucyU__/a59687b5-5699-4f76-8e23-d084613743c2] Background tick health: world=true, player=true, openChannel=true, queuedTasks=0, pos=71.51, 36.00, 8.09
2026-04-25 13:25:29.903 [Client thread/INFO] AsdUnionClient - [TabRuntime][LucyU__/a59687b5-5699-4f76-8e23-d084613743c2] Background tick health: world=true, player=true, openChannel=true, queuedTasks=0, pos=75.09, 37.00, 6.59
2026-04-25 13:25:34.895 [Client thread/INFO] AsdUnionClient - [TabRuntime][LucyU__/a59687b5-5699-4f76-8e23-d084613743c2] Background tick health: world=true, player=true, openChannel=true, queuedTasks=0, pos=74.10, 37.00, 6.36
2026-04-25 13:25:39.896 [Client thread/INFO] AsdUnionClient - [TabRuntime][LucyU__/a59687b5-5699-4f76-8e23-d084613743c2] Background tick health: world=true, player=true, openChannel=true, queuedTasks=0, pos=87.54, 37.00, 0.43
2026-04-25 13:25:44.896 [Client thread/INFO] AsdUnionClient - [TabRuntime][LucyU__/a59687b5-5699-4f76-8e23-d084613743c2] Background tick health: world=true, player=true, openChannel=true, queuedTasks=0, pos=90.79, 37.00, -6.37
2026-04-25 13:25:49.919 [Client thread/INFO] AsdUnionClient - [TabRuntime][LucyU__/a59687b5-5699-4f76-8e23-d084613743c2] Background tick health: world=true, player=true, openChannel=true, queuedTasks=0, pos=84.22, 37.00, 0.66
2026-04-25 13:25:54.895 [Client thread/INFO] AsdUnionClient - [TabRuntime][LucyU__/a59687b5-5699-4f76-8e23-d084613743c2] Background tick health: world=true, player=true, openChannel=true, queuedTasks=0, pos=72.60, 37.00, 4.23
2026-04-25 13:25:59.896 [Client thread/INFO] AsdUnionClient - [TabRuntime][LucyU__/a59687b5-5699-4f76-8e23-d084613743c2] Background tick health: world=true, player=true, openChannel=true, queuedTasks=0, pos=72.30, 37.00, 4.02
2026-04-25 13:26:04.896 [Client thread/INFO] AsdUnionClient - [TabRuntime][LucyU__/a59687b5-5699-4f76-8e23-d084613743c2] Background tick health: world=true, player=true, openChannel=true, queuedTasks=0, pos=72.30, 37.00, 4.00
2026-04-25 13:26:09.896 [Client thread/INFO] AsdUnionClient - [TabRuntime][LucyU__/a59687b5-5699-4f76-8e23-d084613743c2] Background tick health: world=true, player=true, openChannel=true, queuedTasks=0, pos=72.30, 37.00, 4.04
2026-04-25 13:26:14.921 [Client thread/INFO] AsdUnionClient - [TabRuntime][LucyU__/a59687b5-5699-4f76-8e23-d084613743c2] Background tick health: world=true, player=true, openChannel=true, queuedTasks=0, pos=72.30, 37.00, 4.01
2026-04-25 13:26:19.915 [Client thread/INFO] AsdUnionClient - [TabRuntime][LucyU__/a59687b5-5699-4f76-8e23-d084613743c2] Background tick health: world=true, player=true, openChannel=true, queuedTasks=0, pos=72.30, 37.00, 4.07
2026-04-25 13:26:24.922 [Client thread/INFO] AsdUnionClient - [TabRuntime][LucyU__/a59687b5-5699-4f76-8e23-d084613743c2] Background tick health: world=true, player=true, openChannel=true, queuedTasks=0, pos=72.30, 37.00, 4.07
2026-04-25 13:26:29.905 [Client thread/INFO] AsdUnionClient - [TabRuntime][LucyU__/a59687b5-5699-4f76-8e23-d084613743c2] Background tick health: world=true, player=true, openChannel=true, queuedTasks=0, pos=72.30, 37.00, 4.33
2026-04-25 13:26:34.906 [Client thread/INFO] AsdUnionClient - [TabRuntime][LucyU__/a59687b5-5699-4f76-8e23-d084613743c2] Background tick health: world=true, player=true, openChannel=true, queuedTasks=0, pos=72.51, 37.00, 4.70
2026-04-25 13:26:39.905 [Client thread/INFO] AsdUnionClient - [TabRuntime][LucyU__/a59687b5-5699-4f76-8e23-d084613743c2] Background tick health: world=true, player=true, openChannel=true, queuedTasks=0, pos=74.06, 37.00, 5.63
2026-04-25 13:26:44.904 [Client thread/INFO] AsdUnionClient - [TabRuntime][LucyU__/a59687b5-5699-4f76-8e23-d084613743c2] Background tick health: world=true, player=true, openChannel=true, queuedTasks=0, pos=75.18, 37.00, 5.63
2026-04-25 13:26:49.905 [Client thread/INFO] AsdUnionClient - [TabRuntime][LucyU__/a59687b5-5699-4f76-8e23-d084613743c2] Background tick health: world=true, player=true, openChannel=true, queuedTasks=0, pos=75.70, 37.00, 5.68
2026-04-25 13:26:54.905 [Client thread/INFO] AsdUnionClient - [TabRuntime][LucyU__/a59687b5-5699-4f76-8e23-d084613743c2] Background tick health: world=true, player=true, openChannel=true, queuedTasks=0, pos=75.70, 37.00, 5.69
2026-04-25 13:26:59.904 [Client thread/INFO] AsdUnionClient - [TabRuntime][LucyU__/a59687b5-5699-4f76-8e23-d084613743c2] Background tick health: world=true, player=true, openChannel=true, queuedTasks=0, pos=75.70, 37.00, 5.69
2026-04-25 13:27:04.904 [Client thread/INFO] AsdUnionClient - [TabRuntime][LucyU__/a59687b5-5699-4f76-8e23-d084613743c2] Background tick health: world=true, player=true, openChannel=true, queuedTasks=0, pos=73.30, 37.00, 5.50
2026-04-25 13:27:09.946 [Client thread/INFO] AsdUnionClient - [TabRuntime][LucyU__/a59687b5-5699-4f76-8e23-d084613743c2] Background tick health: world=true, player=true, openChannel=true, queuedTasks=0, pos=73.30, 37.00, 5.41
2026-04-25 13:27:14.922 [Client thread/INFO] AsdUnionClient - [TabRuntime][LucyU__/a59687b5-5699-4f76-8e23-d084613743c2] Background tick health: world=true, player=true, openChannel=true, queuedTasks=0, pos=73.70, 38.17, 7.26
2026-04-25 13:27:19.902 [Client thread/INFO] AsdUnionClient - [TabRuntime][LucyU__/a59687b5-5699-4f76-8e23-d084613743c2] Background tick health: world=true, player=true, openChannel=true, queuedTasks=0, pos=56.30, 36.42, 0.87
2026-04-25 13:27:24.903 [Client thread/INFO] AsdUnionClient - [TabRuntime][LucyU__/a59687b5-5699-4f76-8e23-d084613743c2] Background tick health: world=true, player=true, openChannel=true, queuedTasks=0, pos=37.91, 36.00, 0.50
2026-04-25 13:27:35.640 [Client thread/INFO] AsdUnionClient - [TabRuntime][LucyU__/a59687b5-5699-4f76-8e23-d084613743c2] Background tick health: world=true, player=true, openChannel=true, queuedTasks=0, pos=107.31, 56.65, 10.56
2026-04-25 13:27:40.697 [Client thread/INFO] AsdUnionClient - [TabRuntime][LucyU__/a59687b5-5699-4f76-8e23-d084613743c2] Background tick health: world=true, player=true, openChannel=true, queuedTasks=0, pos=6.65, 151.00, -3.03
2026-04-25 13:27:45.697 [Client thread/INFO] AsdUnionClient - [TabRuntime][LucyU__/a59687b5-5699-4f76-8e23-d084613743c2] Background tick health: world=true, player=true, openChannel=true, queuedTasks=0, pos=9.31, 151.00, -4.37
2026-04-25 13:27:50.696 [Client thread/INFO] AsdUnionClient - [TabRuntime][LucyU__/a59687b5-5699-4f76-8e23-d084613743c2] Background tick health: world=true, player=true, openChannel=true, queuedTasks=0, pos=9.31, 151.00, -4.52
2026-04-25 13:27:55.696 [Client thread/INFO] AsdUnionClient - [TabRuntime][LucyU__/a59687b5-5699-4f76-8e23-d084613743c2] Background tick health: world=true, player=true, openChannel=true, queuedTasks=0, pos=9.61, 151.00, 2.10
2026-04-25 13:28:00.696 [Client thread/INFO] AsdUnionClient - [TabRuntime][LucyU__/a59687b5-5699-4f76-8e23-d084613743c2] Background tick health: world=true, player=true, openChannel=true, queuedTasks=0, pos=6.40, 151.00, -6.07
2026-04-25 13:28:05.696 [Client thread/INFO] AsdUnionClient - [TabRuntime][LucyU__/a59687b5-5699-4f76-8e23-d084613743c2] Background tick health: world=true, player=true, openChannel=true, queuedTasks=0, pos=6.46, 151.00, -4.81
2026-04-25 13:28:10.697 [Client thread/INFO] AsdUnionClient - [TabRuntime][LucyU__/a59687b5-5699-4f76-8e23-d084613743c2] Background tick health: world=true, player=true, openChannel=true, queuedTasks=0, pos=3.81, 151.00, -6.23
2026-04-25 13:28:15.696 [Client thread/INFO] AsdUnionClient - [TabRuntime][LucyU__/a59687b5-5699-4f76-8e23-d084613743c2] Background tick health: world=true, player=true, openChannel=true, queuedTasks=0, pos=0.43, 95.50, 106.82
2026-04-25 13:28:20.697 [Client thread/INFO] AsdUnionClient - [TabRuntime][LucyU__/a59687b5-5699-4f76-8e23-d084613743c2] Background tick health: world=true, player=true, openChannel=true, queuedTasks=0, pos=0.93, 95.50, 106.42
2026-04-25 13:28:25.696 [Client thread/INFO] AsdUnionClient - [TabRuntime][LucyU__/a59687b5-5699-4f76-8e23-d084613743c2] Background tick health: world=true, player=true, openChannel=true, queuedTasks=0, pos=0.92, 95.50, 106.48
2026-04-25 13:28:30.697 [Client thread/INFO] AsdUnionClient - [TabRuntime][LucyU__/a59687b5-5699-4f76-8e23-d084613743c2] Background tick health: world=true, player=true, openChannel=true, queuedTasks=0, pos=1.08, 95.50, 106.38
2026-04-25 13:29:04.635 [Client thread/INFO] AsdUnionClient - [TabRuntime][LucyU__/a59687b5-5699-4f76-8e23-d084613743c2] Background tick health: world=true, player=true, openChannel=true, queuedTasks=0, pos=0.35, 95.50, 106.68
2026-04-25 13:29:09.635 [Client thread/INFO] AsdUnionClient - [TabRuntime][LucyU__/a59687b5-5699-4f76-8e23-d084613743c2] Background tick health: world=true, player=true, openChannel=true, queuedTasks=0, pos=0.35, 95.50, 106.68
2026-04-25 13:29:14.635 [Client thread/INFO] AsdUnionClient - [TabRuntime][LucyU__/a59687b5-5699-4f76-8e23-d084613743c2] Background tick health: world=true, player=true, openChannel=true, queuedTasks=0, pos=0.35, 95.50, 106.68
2026-04-25 13:29:19.635 [Client thread/INFO] AsdUnionClient - [TabRuntime][LucyU__/a59687b5-5699-4f76-8e23-d084613743c2] Background tick health: world=true, player=true, openChannel=true, queuedTasks=0, pos=0.35, 95.50, 106.68
2026-04-25 13:29:24.635 [Client thread/INFO] AsdUnionClient - [TabRuntime][LucyU__/a59687b5-5699-4f76-8e23-d084613743c2] Background tick health: world=true, player=true, openChannel=true, queuedTasks=0, pos=0.35, 95.50, 106.68
2026-04-25 13:29:29.635 [Client thread/INFO] AsdUnionClient - [TabRuntime][LucyU__/a59687b5-5699-4f76-8e23-d084613743c2] Background tick health: world=true, player=true, openChannel=true, queuedTasks=0, pos=0.35, 95.50, 106.68
2026-04-25 13:30:34.436 [Client thread/INFO] AsdUnionClient - [TabRuntime][LucyU__/a59687b5-5699-4f76-8e23-d084613743c2] Background tick health: world=true, player=true, openChannel=true, queuedTasks=0, pos=0.78, 95.50, 106.65
2026-04-25 13:30:39.435 [Client thread/INFO] AsdUnionClient - [TabRuntime][LucyU__/a59687b5-5699-4f76-8e23-d084613743c2] Background tick health: world=true, player=true, openChannel=true, queuedTasks=0, pos=0.78, 95.50, 106.65
2026-04-25 13:30:44.435 [Client thread/INFO] AsdUnionClient - [TabRuntime][LucyU__/a59687b5-5699-4f76-8e23-d084613743c2] Background tick health: world=true, player=true, openChannel=true, queuedTasks=0, pos=0.78, 95.50, 106.65
2026-04-25 13:30:49.435 [Client thread/INFO] AsdUnionClient - [TabRuntime][LucyU__/a59687b5-5699-4f76-8e23-d084613743c2] Background tick health: world=true, player=true, openChannel=true, queuedTasks=0, pos=0.78, 95.50, 106.65
2026-04-25 13:30:54.435 [Client thread/INFO] AsdUnionClient - [TabRuntime][LucyU__/a59687b5-5699-4f76-8e23-d084613743c2] Background tick health: world=true, player=true, openChannel=true, queuedTasks=0, pos=0.78, 95.50, 106.65
2026-04-25 13:30:59.435 [Client thread/INFO] AsdUnionClient - [TabRuntime][LucyU__/a59687b5-5699-4f76-8e23-d084613743c2] Background tick health: world=true, player=true, openChannel=true, queuedTasks=0, pos=0.78, 95.50, 106.65
2026-04-25 13:31:04.436 [Client thread/INFO] AsdUnionClient - [TabRuntime][LucyU__/a59687b5-5699-4f76-8e23-d084613743c2] Background tick health: world=true, player=true, openChannel=true, queuedTasks=0, pos=0.78, 95.50, 106.65
2026-04-25 13:31:09.436 [Client thread/INFO] AsdUnionClient - [TabRuntime][LucyU__/a59687b5-5699-4f76-8e23-d084613743c2] Background tick health: world=true, player=true, openChannel=true, queuedTasks=0, pos=0.78, 95.50, 106.65
2026-04-25 13:31:14.435 [Client thread/INFO] AsdUnionClient - [TabRuntime][LucyU__/a59687b5-5699-4f76-8e23-d084613743c2] Background tick health: world=true, player=true, openChannel=true, queuedTasks=0, pos=0.78, 95.50, 106.65
2026-04-25 13:32:10.002 [Client thread/INFO] AsdUnionClient - [TabRuntime][LucyU__/a59687b5-5699-4f76-8e23-d084613743c2] Background tick health: world=true, player=true, openChannel=true, queuedTasks=0, pos=-0.33, 95.50, 107.07
2026-04-25 13:32:15.003 [Client thread/INFO] AsdUnionClient - [TabRuntime][LucyU__/a59687b5-5699-4f76-8e23-d084613743c2] Background tick health: world=true, player=true, openChannel=true, queuedTasks=0, pos=-0.33, 95.50, 107.07
2026-04-25 13:32:20.002 [Client thread/INFO] AsdUnionClient - [TabRuntime][LucyU__/a59687b5-5699-4f76-8e23-d084613743c2] Background tick health: world=true, player=true, openChannel=true, queuedTasks=0, pos=-0.33, 95.50, 107.07
2026-04-25 13:32:25.003 [Client thread/INFO] AsdUnionClient - [TabRuntime][LucyU__/a59687b5-5699-4f76-8e23-d084613743c2] Background tick health: world=true, player=true, openChannel=true, queuedTasks=0, pos=-0.33, 95.50, 107.07
2026-04-25 13:32:30.003 [Client thread/INFO] AsdUnionClient - [TabRuntime][LucyU__/a59687b5-5699-4f76-8e23-d084613743c2] Background tick health: world=true, player=true, openChannel=true, queuedTasks=0, pos=-0.33, 95.50, 107.07
2026-04-25 13:32:35.003 [Client thread/INFO] AsdUnionClient - [TabRuntime][LucyU__/a59687b5-5699-4f76-8e23-d084613743c2] Background tick health: world=true, player=true, openChannel=true, queuedTasks=0, pos=-0.33, 95.50, 107.07
2026-04-25 13:32:40.003 [Client thread/INFO] AsdUnionClient - [TabRuntime][LucyU__/a59687b5-5699-4f76-8e23-d084613743c2] Background tick health: world=true, player=true, openChannel=true, queuedTasks=0, pos=-0.33, 95.50, 107.07
2026-04-25 13:33:16.496 [Client thread/INFO] AsdUnionClient - [TabRuntime][LucyU__/a59687b5-5699-4f76-8e23-d084613743c2] Background tick health: world=true, player=true, openChannel=true, queuedTasks=0, pos=-0.04, 95.50, 106.79
2026-04-25 13:33:21.496 [Client thread/INFO] AsdUnionClient - [TabRuntime][LucyU__/a59687b5-5699-4f76-8e23-d084613743c2] Background tick health: world=true, player=true, openChannel=true, queuedTasks=0, pos=-0.04, 95.50, 106.79
2026-04-25 13:33:26.495 [Client thread/INFO] AsdUnionClient - [TabRuntime][LucyU__/a59687b5-5699-4f76-8e23-d084613743c2] Background tick health: world=true, player=true, openChannel=true, queuedTasks=0, pos=-0.04, 95.50, 106.79
2026-04-25 13:33:31.496 [Client thread/INFO] AsdUnionClient - [TabRuntime][LucyU__/a59687b5-5699-4f76-8e23-d084613743c2] Background tick health: world=true, player=true, openChannel=true, queuedTasks=0, pos=-0.04, 95.50, 106.79
2026-04-25 13:33:36.496 [Client thread/INFO] AsdUnionClient - [TabRuntime][LucyU__/a59687b5-5699-4f76-8e23-d084613743c2] Background tick health: world=true, player=true, openChannel=true, queuedTasks=0, pos=-0.04, 95.50, 106.79
2026-04-25 13:33:43.996 [Client thread/INFO] AsdUnionClient - [TabRuntime][LucyU__/a59687b5-5699-4f76-8e23-d084613743c2] Background tick health: world=true, player=true, openChannel=true, queuedTasks=0, pos=-0.04, 95.50, 106.79
2026-04-25 13:33:48.995 [Client thread/INFO] AsdUnionClient - [TabRuntime][LucyU__/a59687b5-5699-4f76-8e23-d084613743c2] Background tick health: world=true, player=true, openChannel=true, queuedTasks=0, pos=-0.04, 95.50, 106.79
2026-04-25 13:33:53.996 [Client thread/INFO] AsdUnionClient - [TabRuntime][LucyU__/a59687b5-5699-4f76-8e23-d084613743c2] Background tick health: world=true, player=true, openChannel=true, queuedTasks=0, pos=-0.04, 95.50, 106.79
2026-04-25 13:33:58.995 [Client thread/INFO] AsdUnionClient - [TabRuntime][LucyU__/a59687b5-5699-4f76-8e23-d084613743c2] Background tick health: world=true, player=true, openChannel=true, queuedTasks=0, pos=-0.04, 95.50, 106.79
2026-04-25 13:34:03.996 [Client thread/INFO] AsdUnionClient - [TabRuntime][LucyU__/a59687b5-5699-4f76-8e23-d084613743c2] Background tick health: world=true, player=true, openChannel=true, queuedTasks=0, pos=-0.04, 95.50, 106.79
2026-04-25 13:34:12.695 [Client thread/INFO] AsdUnionClient - [TabRuntime][LucyU__/a59687b5-5699-4f76-8e23-d084613743c2] Background tick health: world=true, player=true, openChannel=true, queuedTasks=0, pos=0.33, 95.50, 107.04
2026-04-25 13:34:17.696 [Client thread/INFO] AsdUnionClient - [TabRuntime][LucyU__/a59687b5-5699-4f76-8e23-d084613743c2] Background tick health: world=true, player=true, openChannel=true, queuedTasks=0, pos=0.33, 95.50, 107.04
2026-04-25 13:34:22.696 [Client thread/INFO] AsdUnionClient - [TabRuntime][LucyU__/a59687b5-5699-4f76-8e23-d084613743c2] Background tick health: world=true, player=true, openChannel=true, queuedTasks=0, pos=0.33, 95.50, 107.04
2026-04-25 13:34:27.695 [Client thread/INFO] AsdUnionClient - [TabRuntime][LucyU__/a59687b5-5699-4f76-8e23-d084613743c2] Background tick health: world=true, player=true, openChannel=true, queuedTasks=0, pos=0.33, 95.50, 107.04
2026-04-25 13:34:32.695 [Client thread/INFO] AsdUnionClient - [TabRuntime][LucyU__/a59687b5-5699-4f76-8e23-d084613743c2] Background tick health: world=true, player=true, openChannel=true, queuedTasks=0, pos=0.33, 95.50, 107.04
2026-04-25 13:34:37.696 [Client thread/INFO] AsdUnionClient - [TabRuntime][LucyU__/a59687b5-5699-4f76-8e23-d084613743c2] Background tick health: world=true, player=true, openChannel=true, queuedTasks=0, pos=0.33, 95.50, 107.04
2026-04-25 13:34:42.695 [Client thread/INFO] AsdUnionClient - [TabRuntime][LucyU__/a59687b5-5699-4f76-8e23-d084613743c2] Background tick health: world=true, player=true, openChannel=true, queuedTasks=0, pos=0.33, 95.50, 107.04
2026-04-25 13:34:47.695 [Client thread/INFO] AsdUnionClient - [TabRuntime][LucyU__/a59687b5-5699-4f76-8e23-d084613743c2] Background tick health: world=true, player=true, openChannel=true, queuedTasks=0, pos=0.33, 95.50, 107.04
2026-04-25 13:34:52.696 [Client thread/INFO] AsdUnionClient - [TabRuntime][LucyU__/a59687b5-5699-4f76-8e23-d084613743c2] Background tick health: world=true, player=true, openChannel=true, queuedTasks=0, pos=0.33, 95.50, 107.04
2026-04-25 13:35:15.595 [Client thread/INFO] AsdUnionClient - [TabRuntime][LucyU__/a59687b5-5699-4f76-8e23-d084613743c2] Background tick health: world=true, player=true, openChannel=true, queuedTasks=0, pos=0.82, 96.00, 103.87
2026-04-25 13:35:20.596 [Client thread/INFO] AsdUnionClient - [TabRuntime][LucyU__/a59687b5-5699-4f76-8e23-d084613743c2] Background tick health: world=true, player=true, openChannel=true, queuedTasks=0, pos=0.82, 96.00, 103.87
2026-04-25 13:35:25.595 [Client thread/INFO] AsdUnionClient - [TabRuntime][LucyU__/a59687b5-5699-4f76-8e23-d084613743c2] Background tick health: world=true, player=true, openChannel=true, queuedTasks=0, pos=0.82, 96.00, 103.87
2026-04-25 13:36:34.996 [Client thread/INFO] AsdUnionClient - [TabRuntime][LucyU__/a59687b5-5699-4f76-8e23-d084613743c2] Background tick health: world=true, player=true, openChannel=true, queuedTasks=0, pos=0.26, 95.50, 106.22
2026-04-25 13:36:39.995 [Client thread/INFO] AsdUnionClient - [TabRuntime][LucyU__/a59687b5-5699-4f76-8e23-d084613743c2] Background tick health: world=true, player=true, openChannel=true, queuedTasks=0, pos=0.26, 95.50, 106.22
2026-04-25 13:36:44.996 [Client thread/INFO] AsdUnionClient - [TabRuntime][LucyU__/a59687b5-5699-4f76-8e23-d084613743c2] Background tick health: world=true, player=true, openChannel=true, queuedTasks=0, pos=0.26, 95.50, 106.22
2026-04-25 13:36:49.997 [Client thread/INFO] AsdUnionClient - [TabRuntime][LucyU__/a59687b5-5699-4f76-8e23-d084613743c2] Background tick health: world=true, player=true, openChannel=true, queuedTasks=0, pos=0.26, 95.50, 106.22
2026-04-25 13:36:59.096 [Client thread/INFO] AsdUnionClient - [TabRuntime][LucyU__/a59687b5-5699-4f76-8e23-d084613743c2] Background tick health: world=true, player=true, openChannel=true, queuedTasks=0, pos=-0.89, 96.00, 106.48
2026-04-25 13:37:04.096 [Client thread/INFO] AsdUnionClient - [TabRuntime][LucyU__/a59687b5-5699-4f76-8e23-d084613743c2] Background tick health: world=true, player=true, openChannel=true, queuedTasks=0, pos=-0.89, 96.00, 106.48
2026-04-25 13:37:09.094 [Client thread/INFO] AsdUnionClient - [TabRuntime][LucyU__/a59687b5-5699-4f76-8e23-d084613743c2] Background tick health: world=true, player=true, openChannel=true, queuedTasks=0, pos=-0.89, 96.00, 106.48
2026-04-25 13:37:14.095 [Client thread/INFO] AsdUnionClient - [TabRuntime][LucyU__/a59687b5-5699-4f76-8e23-d084613743c2] Background tick health: world=true, player=true, openChannel=true, queuedTasks=0, pos=-0.89, 96.00, 106.48
2026-04-25 13:37:28.996 [Client thread/INFO] AsdUnionClient - [TabRuntime][LucyU__/a59687b5-5699-4f76-8e23-d084613743c2] Background tick health: world=true, player=true, openChannel=true, queuedTasks=0, pos=-0.32, 95.50, 107.64
2026-04-25 13:37:33.995 [Client thread/INFO] AsdUnionClient - [TabRuntime][LucyU__/a59687b5-5699-4f76-8e23-d084613743c2] Background tick health: world=true, player=true, openChannel=true, queuedTasks=0, pos=-0.32, 95.50, 107.64
2026-04-25 13:37:53.711 [Client thread/INFO] AsdUnionClient - [TabRuntime][LucyU__/a59687b5-5699-4f76-8e23-d084613743c2] Background tick health: world=true, player=true, openChannel=true, queuedTasks=0, pos=7.95, 101.59, -91.98
2026-04-25 13:37:58.686 [Client thread/INFO] AsdUnionClient - [TabRuntime][LucyU__/a59687b5-5699-4f76-8e23-d084613743c2] Background tick health: world=true, player=true, openChannel=true, queuedTasks=0, pos=0.50, 151.00, 0.50
2026-04-25 13:38:03.686 [Client thread/INFO] AsdUnionClient - [TabRuntime][LucyU__/a59687b5-5699-4f76-8e23-d084613743c2] Background tick health: world=true, player=true, openChannel=true, queuedTasks=0, pos=0.50, 151.00, 0.50
2026-04-25 13:38:08.687 [Client thread/INFO] AsdUnionClient - [TabRuntime][LucyU__/a59687b5-5699-4f76-8e23-d084613743c2] Background tick health: world=true, player=true, openChannel=true, queuedTasks=0, pos=0.50, 151.00, 0.50
2026-04-25 13:38:13.687 [Client thread/INFO] AsdUnionClient - [TabRuntime][LucyU__/a59687b5-5699-4f76-8e23-d084613743c2] Background tick health: world=true, player=true, openChannel=true, queuedTasks=0, pos=0.50, 151.00, 0.50
2026-04-25 13:38:18.686 [Client thread/INFO] AsdUnionClient - [TabRuntime][LucyU__/a59687b5-5699-4f76-8e23-d084613743c2] Background tick health: world=true, player=true, openChannel=true, queuedTasks=0, pos=-100.50, 96.06, 0.50
2026-04-25 13:38:44.386 [Client thread/INFO] AsdUnionClient - [TabRuntime][LucyU__/a59687b5-5699-4f76-8e23-d084613743c2] Background tick health: world=true, player=true, openChannel=true, queuedTasks=0, pos=-105.57, 95.50, 0.96
2026-04-25 13:38:49.386 [Client thread/INFO] AsdUnionClient - [TabRuntime][LucyU__/a59687b5-5699-4f76-8e23-d084613743c2] Background tick health: world=true, player=true, openChannel=true, queuedTasks=0, pos=-105.57, 95.50, 0.96
2026-04-25 13:38:54.386 [Client thread/INFO] AsdUnionClient - [TabRuntime][LucyU__/a59687b5-5699-4f76-8e23-d084613743c2] Background tick health: world=true, player=true, openChannel=true, queuedTasks=0, pos=-105.57, 95.50, 0.96
2026-04-25 13:38:59.386 [Client thread/INFO] AsdUnionClient - [TabRuntime][LucyU__/a59687b5-5699-4f76-8e23-d084613743c2] Background tick health: world=true, player=true, openChannel=true, queuedTasks=0, pos=-105.57, 95.50, 0.96
2026-04-25 13:39:29.356 [Client thread/INFO] AsdUnionClient - [TabRuntime][LucyU__/a59687b5-5699-4f76-8e23-d084613743c2] Background tick health: world=true, player=true, openChannel=true, queuedTasks=0, pos=-105.58, 95.50, 0.33
2026-04-25 13:39:34.356 [Client thread/INFO] AsdUnionClient - [TabRuntime][LucyU__/a59687b5-5699-4f76-8e23-d084613743c2] Background tick health: world=true, player=true, openChannel=true, queuedTasks=0, pos=-105.58, 95.50, 0.33
2026-04-25 13:39:39.356 [Client thread/INFO] AsdUnionClient - [TabRuntime][LucyU__/a59687b5-5699-4f76-8e23-d084613743c2] Background tick health: world=true, player=true, openChannel=true, queuedTasks=0, pos=-105.58, 95.50, 0.33
2026-04-25 13:39:44.356 [Client thread/INFO] AsdUnionClient - [TabRuntime][LucyU__/a59687b5-5699-4f76-8e23-d084613743c2] Background tick health: world=true, player=true, openChannel=true, queuedTasks=0, pos=-105.58, 95.50, 0.33
2026-04-25 13:40:20.689 [Client thread/INFO] AsdUnionClient - [TabRuntime][LucyU__/a59687b5-5699-4f76-8e23-d084613743c2] Background tick health: world=true, player=true, openChannel=true, queuedTasks=0, pos=-105.65, 95.50, 0.34
2026-04-25 13:40:25.689 [Client thread/INFO] AsdUnionClient - [TabRuntime][LucyU__/a59687b5-5699-4f76-8e23-d084613743c2] Background tick health: world=true, player=true, openChannel=true, queuedTasks=0, pos=-105.65, 95.50, 0.34
2026-04-25 13:40:30.689 [Client thread/INFO] AsdUnionClient - [TabRuntime][LucyU__/a59687b5-5699-4f76-8e23-d084613743c2] Background tick health: world=true, player=true, openChannel=true, queuedTasks=0, pos=-105.65, 95.50, 0.34
2026-04-25 13:40:35.690 [Client thread/INFO] AsdUnionClient - [TabRuntime][LucyU__/a59687b5-5699-4f76-8e23-d084613743c2] Background tick health: world=true, player=true, openChannel=true, queuedTasks=0, pos=-105.65, 95.50, 0.34
2026-04-25 13:40:40.689 [Client thread/INFO] AsdUnionClient - [TabRuntime][LucyU__/a59687b5-5699-4f76-8e23-d084613743c2] Background tick health: world=true, player=true, openChannel=true, queuedTasks=0, pos=-105.65, 95.50, 0.34
2026-04-25 13:40:45.690 [Client thread/INFO] AsdUnionClient - [TabRuntime][LucyU__/a59687b5-5699-4f76-8e23-d084613743c2] Background tick health: world=true, player=true, openChannel=true, queuedTasks=0, pos=-105.65, 95.50, 0.34
2026-04-25 13:40:50.690 [Client thread/INFO] AsdUnionClient - [TabRuntime][LucyU__/a59687b5-5699-4f76-8e23-d084613743c2] Background tick health: world=true, player=true, openChannel=true, queuedTasks=0, pos=-105.65, 95.50, 0.34
2026-04-25 13:40:55.689 [Client thread/INFO] AsdUnionClient - [TabRuntime][LucyU__/a59687b5-5699-4f76-8e23-d084613743c2] Background tick health: world=true, player=true, openChannel=true, queuedTasks=0, pos=-105.65, 95.50, 0.34
2026-04-25 13:41:00.689 [Client thread/INFO] AsdUnionClient - [TabRuntime][LucyU__/a59687b5-5699-4f76-8e23-d084613743c2] Background tick health: world=true, player=true, openChannel=true, queuedTasks=0, pos=-105.65, 95.50, 0.34
2026-04-25 13:41:05.689 [Client thread/INFO] AsdUnionClient - [TabRuntime][LucyU__/a59687b5-5699-4f76-8e23-d084613743c2] Background tick health: world=true, player=true, openChannel=true, queuedTasks=0, pos=-105.65, 95.50, 0.34
2026-04-25 13:41:10.690 [Client thread/INFO] AsdUnionClient - [TabRuntime][LucyU__/a59687b5-5699-4f76-8e23-d084613743c2] Background tick health: world=true, player=true, openChannel=true, queuedTasks=0, pos=-105.65, 95.50, 0.34
2026-04-25 13:41:15.690 [Client thread/INFO] AsdUnionClient - [TabRuntime][LucyU__/a59687b5-5699-4f76-8e23-d084613743c2] Background tick health: world=true, player=true, openChannel=true, queuedTasks=0, pos=-105.65, 95.50, 0.34
2026-04-25 13:41:20.689 [Client thread/INFO] AsdUnionClient - [TabRuntime][LucyU__/a59687b5-5699-4f76-8e23-d084613743c2] Background tick health: world=true, player=true, openChannel=true, queuedTasks=0, pos=-105.65, 95.50, 0.34
2026-04-25 13:41:25.690 [Client thread/INFO] AsdUnionClient - [TabRuntime][LucyU__/a59687b5-5699-4f76-8e23-d084613743c2] Background tick health: world=true, player=true, openChannel=true, queuedTasks=0, pos=-105.65, 95.50, 0.34
2026-04-25 13:41:30.689 [Client thread/INFO] AsdUnionClient - [TabRuntime][LucyU__/a59687b5-5699-4f76-8e23-d084613743c2] Background tick health: world=true, player=true, openChannel=true, queuedTasks=0, pos=-105.65, 95.50, 0.34
2026-04-25 13:41:35.690 [Client thread/INFO] AsdUnionClient - [TabRuntime][LucyU__/a59687b5-5699-4f76-8e23-d084613743c2] Background tick health: world=true, player=true, openChannel=true, queuedTasks=0, pos=-105.65, 95.50, 0.34
2026-04-25 13:41:40.689 [Client thread/INFO] AsdUnionClient - [TabRuntime][LucyU__/a59687b5-5699-4f76-8e23-d084613743c2] Background tick health: world=true, player=true, openChannel=true, queuedTasks=0, pos=-105.65, 95.50, 0.34
2026-04-25 13:41:45.690 [Client thread/INFO] AsdUnionClient - [TabRuntime][LucyU__/a59687b5-5699-4f76-8e23-d084613743c2] Background tick health: world=true, player=true, openChannel=true, queuedTasks=0, pos=-105.65, 95.50, 0.34
2026-04-25 13:41:50.689 [Client thread/INFO] AsdUnionClient - [TabRuntime][LucyU__/a59687b5-5699-4f76-8e23-d084613743c2] Background tick health: world=true, player=true, openChannel=true, queuedTasks=0, pos=-105.65, 95.50, 0.34
2026-04-25 13:41:55.689 [Client thread/INFO] AsdUnionClient - [TabRuntime][LucyU__/a59687b5-5699-4f76-8e23-d084613743c2] Background tick health: world=true, player=true, openChannel=true, queuedTasks=0, pos=-105.65, 95.50, 0.34
2026-04-25 13:42:00.689 [Client thread/INFO] AsdUnionClient - [TabRuntime][LucyU__/a59687b5-5699-4f76-8e23-d084613743c2] Background tick health: world=true, player=true, openChannel=true, queuedTasks=0, pos=-105.65, 95.50, 0.34
2026-04-25 13:42:05.689 [Client thread/INFO] AsdUnionClient - [TabRuntime][LucyU__/a59687b5-5699-4f76-8e23-d084613743c2] Background tick health: world=true, player=true, openChannel=true, queuedTasks=0, pos=-105.65, 95.50, 0.34
2026-04-25 13:42:10.689 [Client thread/INFO] AsdUnionClient - [TabRuntime][LucyU__/a59687b5-5699-4f76-8e23-d084613743c2] Background tick health: world=true, player=true, openChannel=true, queuedTasks=0, pos=-105.65, 95.50, 0.34
2026-04-25 13:45:06.443 [Client thread/INFO] AsdUnionClient - [TabRuntime][LucyU__/a59687b5-5699-4f76-8e23-d084613743c2] Background tick health: world=true, player=true, openChannel=true, queuedTasks=0, pos=-105.89, 95.50, 0.59
2026-04-25 13:45:11.442 [Client thread/INFO] AsdUnionClient - [TabRuntime][LucyU__/a59687b5-5699-4f76-8e23-d084613743c2] Background tick health: world=true, player=true, openChannel=true, queuedTasks=0, pos=-105.89, 95.50, 0.59
2026-04-25 13:45:16.442 [Client thread/INFO] AsdUnionClient - [TabRuntime][LucyU__/a59687b5-5699-4f76-8e23-d084613743c2] Background tick health: world=true, player=true, openChannel=true, queuedTasks=0, pos=-105.89, 95.50, 0.59
2026-04-25 13:45:21.442 [Client thread/INFO] AsdUnionClient - [TabRuntime][LucyU__/a59687b5-5699-4f76-8e23-d084613743c2] Background tick health: world=true, player=true, openChannel=true, queuedTasks=0, pos=-105.89, 95.50, 0.59
2026-04-25 13:45:26.442 [Client thread/INFO] AsdUnionClient - [TabRuntime][LucyU__/a59687b5-5699-4f76-8e23-d084613743c2] Background tick health: world=true, player=true, openChannel=true, queuedTasks=0, pos=-105.89, 95.50, 0.59
2026-04-25 13:45:31.443 [Client thread/INFO] AsdUnionClient - [TabRuntime][LucyU__/a59687b5-5699-4f76-8e23-d084613743c2] Background tick health: world=true, player=true, openChannel=true, queuedTasks=0, pos=-105.89, 95.50, 0.59
2026-04-25 13:45:36.442 [Client thread/INFO] AsdUnionClient - [TabRuntime][LucyU__/a59687b5-5699-4f76-8e23-d084613743c2] Background tick health: world=true, player=true, openChannel=true, queuedTasks=0, pos=-105.89, 95.50, 0.59
2026-04-25 13:45:41.443 [Client thread/INFO] AsdUnionClient - [TabRuntime][LucyU__/a59687b5-5699-4f76-8e23-d084613743c2] Background tick health: world=true, player=true, openChannel=true, queuedTasks=0, pos=-105.89, 95.50, 0.59
2026-04-25 13:45:46.443 [Client thread/INFO] AsdUnionClient - [TabRuntime][LucyU__/a59687b5-5699-4f76-8e23-d084613743c2] Background tick health: world=true, player=true, openChannel=true, queuedTasks=0, pos=-105.89, 95.50, 0.59
2026-04-25 13:45:51.443 [Client thread/INFO] AsdUnionClient - [TabRuntime][LucyU__/a59687b5-5699-4f76-8e23-d084613743c2] Background tick health: world=true, player=true, openChannel=true, queuedTasks=0, pos=-105.89, 95.50, 0.59
2026-04-25 13:45:56.442 [Client thread/INFO] AsdUnionClient - [TabRuntime][LucyU__/a59687b5-5699-4f76-8e23-d084613743c2] Background tick health: world=true, player=true, openChannel=true, queuedTasks=0, pos=-105.89, 95.50, 0.59
2026-04-25 13:46:01.444 [Client thread/INFO] AsdUnionClient - [TabRuntime][LucyU__/a59687b5-5699-4f76-8e23-d084613743c2] Background tick health: world=true, player=true, openChannel=true, queuedTasks=0, pos=-105.89, 95.50, 0.59
2026-04-25 13:46:06.443 [Client thread/INFO] AsdUnionClient - [TabRuntime][LucyU__/a59687b5-5699-4f76-8e23-d084613743c2] Background tick health: world=true, player=true, openChannel=true, queuedTasks=0, pos=-105.89, 95.50, 0.59
2026-04-25 13:46:11.443 [Client thread/INFO] AsdUnionClient - [TabRuntime][LucyU__/a59687b5-5699-4f76-8e23-d084613743c2] Background tick health: world=true, player=true, openChannel=true, queuedTasks=0, pos=-105.89, 95.50, 0.59
2026-04-25 13:46:16.442 [Client thread/INFO] AsdUnionClient - [TabRuntime][LucyU__/a59687b5-5699-4f76-8e23-d084613743c2] Background tick health: world=true, player=true, openChannel=true, queuedTasks=0, pos=-105.89, 95.50, 0.59
2026-04-25 13:46:21.443 [Client thread/INFO] AsdUnionClient - [TabRuntime][LucyU__/a59687b5-5699-4f76-8e23-d084613743c2] Background tick health: world=true, player=true, openChannel=true, queuedTasks=0, pos=-105.89, 95.50, 0.59
2026-04-25 13:46:26.442 [Client thread/INFO] AsdUnionClient - [TabRuntime][LucyU__/a59687b5-5699-4f76-8e23-d084613743c2] Background tick health: world=true, player=true, openChannel=true, queuedTasks=0, pos=-105.89, 95.50, 0.59
2026-04-25 13:47:09.143 [Client thread/INFO] AsdUnionClient - [TabRuntime][LucyU__/a59687b5-5699-4f76-8e23-d084613743c2] Background tick health: world=true, player=true, openChannel=true, queuedTasks=0, pos=-105.58, 95.50, 0.93
2026-04-25 13:47:14.143 [Client thread/INFO] AsdUnionClient - [TabRuntime][LucyU__/a59687b5-5699-4f76-8e23-d084613743c2] Background tick health: world=true, player=true, openChannel=true, queuedTasks=0, pos=-105.58, 95.50, 0.93
2026-04-25 13:47:19.143 [Client thread/INFO] AsdUnionClient - [TabRuntime][LucyU__/a59687b5-5699-4f76-8e23-d084613743c2] Background tick health: world=true, player=true, openChannel=true, queuedTasks=0, pos=-105.58, 95.50, 0.93
2026-04-25 13:47:24.142 [Client thread/INFO] AsdUnionClient - [TabRuntime][LucyU__/a59687b5-5699-4f76-8e23-d084613743c2] Background tick health: world=true, player=true, openChannel=true, queuedTasks=0, pos=-105.58, 95.50, 0.93
2026-04-25 13:47:29.143 [Client thread/INFO] AsdUnionClient - [TabRuntime][LucyU__/a59687b5-5699-4f76-8e23-d084613743c2] Background tick health: world=true, player=true, openChannel=true, queuedTasks=0, pos=-105.58, 95.50, 0.93
2026-04-25 13:47:34.142 [Client thread/INFO] AsdUnionClient - [TabRuntime][LucyU__/a59687b5-5699-4f76-8e23-d084613743c2] Background tick health: world=true, player=true, openChannel=true, queuedTasks=0, pos=-105.58, 95.50, 0.93
2026-04-25 13:47:39.143 [Client thread/INFO] AsdUnionClient - [TabRuntime][LucyU__/a59687b5-5699-4f76-8e23-d084613743c2] Background tick health: world=true, player=true, openChannel=true, queuedTasks=0, pos=-105.58, 95.50, 0.93
2026-04-25 13:47:44.143 [Client thread/INFO] AsdUnionClient - [TabRuntime][LucyU__/a59687b5-5699-4f76-8e23-d084613743c2] Background tick health: world=true, player=true, openChannel=true, queuedTasks=0, pos=-105.58, 95.50, 0.93
2026-04-25 13:47:49.143 [Client thread/INFO] AsdUnionClient - [TabRuntime][LucyU__/a59687b5-5699-4f76-8e23-d084613743c2] Background tick health: world=true, player=true, openChannel=true, queuedTasks=0, pos=-105.58, 95.50, 0.93
2026-04-25 13:47:54.143 [Client thread/INFO] AsdUnionClient - [TabRuntime][LucyU__/a59687b5-5699-4f76-8e23-d084613743c2] Background tick health: world=true, player=true, openChannel=true, queuedTasks=0, pos=-105.58, 95.50, 0.93
2026-04-25 13:47:59.143 [Client thread/INFO] AsdUnionClient - [TabRuntime][LucyU__/a59687b5-5699-4f76-8e23-d084613743c2] Background tick health: world=true, player=true, openChannel=true, queuedTasks=0, pos=-105.58, 95.50, 0.93
2026-04-25 13:48:04.142 [Client thread/INFO] AsdUnionClient - [TabRuntime][LucyU__/a59687b5-5699-4f76-8e23-d084613743c2] Background tick health: world=true, player=true, openChannel=true, queuedTasks=0, pos=-105.58, 95.50, 0.93
2026-04-25 13:48:09.143 [Client thread/INFO] AsdUnionClient - [TabRuntime][LucyU__/a59687b5-5699-4f76-8e23-d084613743c2] Background tick health: world=true, player=true, openChannel=true, queuedTasks=0, pos=-105.58, 95.50, 0.93
2026-04-25 13:48:14.142 [Client thread/INFO] AsdUnionClient - [TabRuntime][LucyU__/a59687b5-5699-4f76-8e23-d084613743c2] Background tick health: world=true, player=true, openChannel=true, queuedTasks=0, pos=-105.58, 95.50, 0.93
2026-04-25 13:48:19.143 [Client thread/INFO] AsdUnionClient - [TabRuntime][LucyU__/a59687b5-5699-4f76-8e23-d084613743c2] Background tick health: world=true, player=true, openChannel=true, queuedTasks=0, pos=-105.58, 95.50, 0.93
2026-04-25 13:48:24.143 [Client thread/INFO] AsdUnionClient - [TabRuntime][LucyU__/a59687b5-5699-4f76-8e23-d084613743c2] Background tick health: world=true, player=true, openChannel=true, queuedTasks=0, pos=-105.58, 95.50, 0.93
2026-04-25 13:48:29.142 [Client thread/INFO] AsdUnionClient - [TabRuntime][LucyU__/a59687b5-5699-4f76-8e23-d084613743c2] Background tick health: world=true, player=true, openChannel=true, queuedTasks=0, pos=-105.58, 95.50, 0.93
2026-04-25 13:48:34.142 [Client thread/INFO] AsdUnionClient - [TabRuntime][LucyU__/a59687b5-5699-4f76-8e23-d084613743c2] Background tick health: world=true, player=true, openChannel=true, queuedTasks=0, pos=-105.58, 95.50, 0.93
2026-04-25 13:48:39.143 [Client thread/INFO] AsdUnionClient - [TabRuntime][LucyU__/a59687b5-5699-4f76-8e23-d084613743c2] Background tick health: world=true, player=true, openChannel=true, queuedTasks=0, pos=-105.58, 95.50, 0.93
2026-04-25 13:48:44.143 [Client thread/INFO] AsdUnionClient - [TabRuntime][LucyU__/a59687b5-5699-4f76-8e23-d084613743c2] Background tick health: world=true, player=true, openChannel=true, queuedTasks=0, pos=-105.58, 95.50, 0.93
2026-04-25 13:48:49.142 [Client thread/INFO] AsdUnionClient - [TabRuntime][LucyU__/a59687b5-5699-4f76-8e23-d084613743c2] Background tick health: world=true, player=true, openChannel=true, queuedTasks=0, pos=-105.58, 95.50, 0.93
2026-04-25 13:48:54.143 [Client thread/INFO] AsdUnionClient - [TabRuntime][LucyU__/a59687b5-5699-4f76-8e23-d084613743c2] Background tick health: world=true, player=true, openChannel=true, queuedTasks=0, pos=-105.58, 95.50, 0.93
2026-04-25 13:48:59.143 [Client thread/INFO] AsdUnionClient - [TabRuntime][LucyU__/a59687b5-5699-4f76-8e23-d084613743c2] Background tick health: world=true, player=true, openChannel=true, queuedTasks=0, pos=-105.58, 95.50, 0.93
2026-04-25 13:49:04.142 [Client thread/INFO] AsdUnionClient - [TabRuntime][LucyU__/a59687b5-5699-4f76-8e23-d084613743c2] Background tick health: world=true, player=true, openChannel=true, queuedTasks=0, pos=-105.58, 95.50, 0.93
2026-04-25 13:49:09.142 [Client thread/INFO] AsdUnionClient - [TabRuntime][LucyU__/a59687b5-5699-4f76-8e23-d084613743c2] Background tick health: world=true, player=true, openChannel=true, queuedTasks=0, pos=-105.58, 95.50, 0.93
2026-04-25 13:49:14.142 [Client thread/INFO] AsdUnionClient - [TabRuntime][LucyU__/a59687b5-5699-4f76-8e23-d084613743c2] Background tick health: world=true, player=true, openChannel=true, queuedTasks=0, pos=-105.58, 95.50, 0.93
2026-04-25 13:49:19.143 [Client thread/INFO] AsdUnionClient - [TabRuntime][LucyU__/a59687b5-5699-4f76-8e23-d084613743c2] Background tick health: world=true, player=true, openChannel=true, queuedTasks=0, pos=-105.58, 95.50, 0.93
2026-04-25 13:49:24.146 [Client thread/INFO] AsdUnionClient - [TabRuntime][LucyU__/a59687b5-5699-4f76-8e23-d084613743c2] Background tick health: world=true, player=true, openChannel=true, queuedTasks=0, pos=-105.58, 95.50, 0.93
2026-04-25 13:49:29.142 [Client thread/INFO] AsdUnionClient - [TabRuntime][LucyU__/a59687b5-5699-4f76-8e23-d084613743c2] Background tick health: world=true, player=true, openChannel=true, queuedTasks=0, pos=-105.58, 95.50, 0.93
2026-04-25 13:49:34.142 [Client thread/INFO] AsdUnionClient - [TabRuntime][LucyU__/a59687b5-5699-4f76-8e23-d084613743c2] Background tick health: world=true, player=true, openChannel=true, queuedTasks=0, pos=-105.58, 95.50, 0.93
2026-04-25 13:49:39.143 [Client thread/INFO] AsdUnionClient - [TabRuntime][LucyU__/a59687b5-5699-4f76-8e23-d084613743c2] Background tick health: world=true, player=true, openChannel=true, queuedTasks=0, pos=-105.58, 95.50, 0.93
2026-04-25 13:49:44.144 [Client thread/INFO] AsdUnionClient - [TabRuntime][LucyU__/a59687b5-5699-4f76-8e23-d084613743c2] Background tick health: world=true, player=true, openChannel=true, queuedTasks=0, pos=-105.58, 95.50, 0.93
2026-04-25 13:49:49.142 [Client thread/INFO] AsdUnionClient - [TabRuntime][LucyU__/a59687b5-5699-4f76-8e23-d084613743c2] Background tick health: world=true, player=true, openChannel=true, queuedTasks=0, pos=-105.58, 95.50, 0.93
2026-04-25 13:49:54.143 [Client thread/INFO] AsdUnionClient - [TabRuntime][LucyU__/a59687b5-5699-4f76-8e23-d084613743c2] Background tick health: world=true, player=true, openChannel=true, queuedTasks=0, pos=-105.58, 95.50, 0.93
2026-04-25 13:49:59.143 [Client thread/INFO] AsdUnionClient - [TabRuntime][LucyU__/a59687b5-5699-4f76-8e23-d084613743c2] Background tick health: world=true, player=true, openChannel=true, queuedTasks=0, pos=-105.58, 95.50, 0.93
2026-04-25 13:50:04.141 [Client thread/INFO] AsdUnionClient - [TabRuntime][LucyU__/a59687b5-5699-4f76-8e23-d084613743c2] Background tick health: world=true, player=true, openChannel=true, queuedTasks=0, pos=-105.58, 95.50, 0.93
2026-04-25 13:50:09.143 [Client thread/INFO] AsdUnionClient - [TabRuntime][LucyU__/a59687b5-5699-4f76-8e23-d084613743c2] Background tick health: world=true, player=true, openChannel=true, queuedTasks=0, pos=-105.58, 95.50, 0.93
2026-04-25 13:50:14.142 [Client thread/INFO] AsdUnionClient - [TabRuntime][LucyU__/a59687b5-5699-4f76-8e23-d084613743c2] Background tick health: world=true, player=true, openChannel=true, queuedTasks=0, pos=-105.58, 95.50, 0.93
2026-04-25 13:50:19.156 [Client thread/INFO] AsdUnionClient - [TabRuntime][LucyU__/a59687b5-5699-4f76-8e23-d084613743c2] Background tick health: world=true, player=true, openChannel=true, queuedTasks=0, pos=0.50, 60.00, 15.50
2026-04-25 13:50:24.155 [Client thread/INFO] AsdUnionClient - [TabRuntime][LucyU__/a59687b5-5699-4f76-8e23-d084613743c2] Background tick health: world=true, player=true, openChannel=true, queuedTasks=0, pos=0.50, 60.00, 15.50
2026-04-25 13:50:29.155 [Client thread/INFO] AsdUnionClient - [TabRuntime][LucyU__/a59687b5-5699-4f76-8e23-d084613743c2] Background tick health: world=true, player=true, openChannel=true, queuedTasks=0, pos=0.50, 60.00, 15.50
2026-04-25 13:50:34.156 [Client thread/INFO] AsdUnionClient - [TabRuntime][LucyU__/a59687b5-5699-4f76-8e23-d084613743c2] Background tick health: world=true, player=true, openChannel=true, queuedTasks=0, pos=0.50, 60.00, 15.50
2026-04-25 13:50:39.155 [Client thread/INFO] AsdUnionClient - [TabRuntime][LucyU__/a59687b5-5699-4f76-8e23-d084613743c2] Background tick health: world=true, player=true, openChannel=true, queuedTasks=0, pos=0.50, 60.00, 15.50
