2026-04-25 12:56:22.349 [Client thread/INFO] AsdUnionClient - [TabRuntime][momoveray1/b433c87c-da41-4fbd-8508-20aea55188cd] Background tick health: world=true, player=true, openChannel=true, queuedTasks=0, pos=0.50, 60.00, 15.50
2026-04-25 12:56:23.716 [Client thread/INFO] AsdUnionClient - [TabRuntime][momoveray1/b433c87c-da41-4fbd-8508-20aea55188cd] Background tick health: world=true, player=true, openChannel=true, queuedTasks=0, pos=0.50, 60.00, 15.50
2026-04-25 12:56:37.637 [Client thread/INFO] AsdUnionClient - [TabRuntime][momoveray1/b433c87c-da41-4fbd-8508-20aea55188cd] Background tick health: world=true, player=true, openChannel=true, queuedTasks=0, pos=0.31, 59.00, 24.80
2026-04-25 12:56:58.788 [Client thread/INFO] AsdUnionClient - [TabRuntime][momoveray1/b433c87c-da41-4fbd-8508-20aea55188cd] Background tick health: world=true, player=true, openChannel=true, queuedTasks=0, pos=7.70, 100.00, 11.10
2026-04-25 12:57:03.775 [Client thread/INFO] AsdUnionClient - [TabRuntime][momoveray1/b433c87c-da41-4fbd-8508-20aea55188cd] Background tick health: world=true, player=true, openChannel=true, queuedTasks=0, pos=7.70, 100.00, 11.10
2026-04-25 12:57:08.775 [Client thread/INFO] AsdUnionClient - [TabRuntime][momoveray1/b433c87c-da41-4fbd-8508-20aea55188cd] Background tick health: world=true, player=true, openChannel=true, queuedTasks=0, pos=7.70, 100.00, 11.10
2026-04-25 12:57:13.775 [Client thread/INFO] AsdUnionClient - [TabRuntime][momoveray1/b433c87c-da41-4fbd-8508-20aea55188cd] Background tick health: world=true, player=true, openChannel=true, queuedTasks=0, pos=7.70, 100.00, 11.10
2026-04-25 12:58:00.831 [Client thread/INFO] AsdUnionClient - [TabRuntime][momoveray1/b433c87c-da41-4fbd-8508-20aea55188cd] Background tick health: world=true, player=true, openChannel=true, queuedTasks=0, pos=-103.29, 57.50, 47.41
2026-04-25 12:58:05.830 [Client thread/INFO] AsdUnionClient - [TabRuntime][momoveray1/b433c87c-da41-4fbd-8508-20aea55188cd] Background tick health: world=true, player=true, openChannel=true, queuedTasks=0, pos=-103.29, 57.50, 47.41
2026-04-25 12:58:10.830 [Client thread/INFO] AsdUnionClient - [TabRuntime][momoveray1/b433c87c-da41-4fbd-8508-20aea55188cd] Background tick health: world=true, player=true, openChannel=true, queuedTasks=0, pos=-103.29, 57.50, 47.41
2026-04-25 12:58:15.830 [Client thread/INFO] AsdUnionClient - [TabRuntime][momoveray1/b433c87c-da41-4fbd-8508-20aea55188cd] Background tick health: world=true, player=true, openChannel=true, queuedTasks=0, pos=-103.29, 57.50, 47.41
2026-04-25 12:58:20.830 [Client thread/INFO] AsdUnionClient - [TabRuntime][momoveray1/b433c87c-da41-4fbd-8508-20aea55188cd] Background tick health: world=true, player=true, openChannel=true, queuedTasks=0, pos=-103.29, 57.50, 47.41
2026-04-25 12:58:25.830 [Client thread/INFO] AsdUnionClient - [TabRuntime][momoveray1/b433c87c-da41-4fbd-8508-20aea55188cd] Background tick health: world=true, player=true, openChannel=true, queuedTasks=0, pos=-103.29, 57.50, 47.41
2026-04-25 12:58:30.830 [Client thread/INFO] AsdUnionClient - [TabRuntime][momoveray1/b433c87c-da41-4fbd-8508-20aea55188cd] Background tick health: world=true, player=true, openChannel=true, queuedTasks=0, pos=-103.29, 57.50, 47.41
2026-04-25 12:58:35.830 [Client thread/INFO] AsdUnionClient - [TabRuntime][momoveray1/b433c87c-da41-4fbd-8508-20aea55188cd] Background tick health: world=true, player=true, openChannel=true, queuedTasks=0, pos=-103.29, 57.50, 47.41
2026-04-25 12:58:40.830 [Client thread/INFO] AsdUnionClient - [TabRuntime][momoveray1/b433c87c-da41-4fbd-8508-20aea55188cd] Background tick health: world=true, player=true, openChannel=true, queuedTasks=0, pos=-103.29, 57.50, 47.41
2026-04-25 12:58:45.830 [Client thread/INFO] AsdUnionClient - [TabRuntime][momoveray1/b433c87c-da41-4fbd-8508-20aea55188cd] Background tick health: world=true, player=true, openChannel=true, queuedTasks=0, pos=-103.29, 57.50, 47.41
2026-04-25 12:58:50.830 [Client thread/INFO] AsdUnionClient - [TabRuntime][momoveray1/b433c87c-da41-4fbd-8508-20aea55188cd] Background tick health: world=true, player=true, openChannel=true, queuedTasks=0, pos=-103.29, 57.50, 47.41
2026-04-25 12:58:55.830 [Client thread/INFO] AsdUnionClient - [TabRuntime][momoveray1/b433c87c-da41-4fbd-8508-20aea55188cd] Background tick health: world=true, player=true, openChannel=true, queuedTasks=0, pos=-103.29, 57.50, 47.41
2026-04-25 12:59:29.830 [Client thread/INFO] AsdUnionClient - [TabRuntime][momoveray1/b433c87c-da41-4fbd-8508-20aea55188cd] Background tick health: world=true, player=true, openChannel=true, queuedTasks=0, pos=-92.20, 58.00, 48.92
2026-04-25 13:00:00.540 [Client thread/INFO] AsdUnionClient - [TabRuntime][momoveray1/b433c87c-da41-4fbd-8508-20aea55188cd] Background tick health: world=true, player=true, openChannel=true, queuedTasks=0, pos=-103.20, 57.50, 47.25
2026-04-25 13:00:05.541 [Client thread/INFO] AsdUnionClient - [TabRuntime][momoveray1/b433c87c-da41-4fbd-8508-20aea55188cd] Background tick health: world=true, player=true, openChannel=true, queuedTasks=0, pos=-103.20, 57.50, 47.25
2026-04-25 13:00:10.540 [Client thread/INFO] AsdUnionClient - [TabRuntime][momoveray1/b433c87c-da41-4fbd-8508-20aea55188cd] Background tick health: world=true, player=true, openChannel=true, queuedTasks=0, pos=-103.20, 57.50, 47.25
2026-04-25 13:00:15.540 [Client thread/INFO] AsdUnionClient - [TabRuntime][momoveray1/b433c87c-da41-4fbd-8508-20aea55188cd] Background tick health: world=true, player=true, openChannel=true, queuedTasks=0, pos=-103.20, 57.50, 47.25
2026-04-25 13:00:20.540 [Client thread/INFO] AsdUnionClient - [TabRuntime][momoveray1/b433c87c-da41-4fbd-8508-20aea55188cd] Background tick health: world=true, player=true, openChannel=true, queuedTasks=0, pos=-103.20, 57.50, 47.25
2026-04-25 13:00:25.540 [Client thread/INFO] AsdUnionClient - [TabRuntime][momoveray1/b433c87c-da41-4fbd-8508-20aea55188cd] Background tick health: world=true, player=true, openChannel=true, queuedTasks=0, pos=-103.20, 57.50, 47.25
2026-04-25 13:00:30.544 [Client thread/INFO] AsdUnionClient - [TabRuntime][momoveray1/b433c87c-da41-4fbd-8508-20aea55188cd] Background tick health: world=true, player=true, openChannel=true, queuedTasks=0, pos=-103.20, 57.50, 47.25
2026-04-25 13:00:35.545 [Client thread/INFO] AsdUnionClient - [TabRuntime][momoveray1/b433c87c-da41-4fbd-8508-20aea55188cd] Background tick health: world=true, player=true, openChannel=true, queuedTasks=0, pos=-103.20, 57.50, 47.25
2026-04-25 13:00:40.545 [Client thread/INFO] AsdUnionClient - [TabRuntime][momoveray1/b433c87c-da41-4fbd-8508-20aea55188cd] Background tick health: world=true, player=true, openChannel=true, queuedTasks=0, pos=-103.20, 57.50, 47.25
2026-04-25 13:00:45.545 [Client thread/INFO] AsdUnionClient - [TabRuntime][momoveray1/b433c87c-da41-4fbd-8508-20aea55188cd] Background tick health: world=true, player=true, openChannel=true, queuedTasks=0, pos=-103.20, 57.50, 47.25
2026-04-25 13:00:50.545 [Client thread/INFO] AsdUnionClient - [TabRuntime][momoveray1/b433c87c-da41-4fbd-8508-20aea55188cd] Background tick health: world=true, player=true, openChannel=true, queuedTasks=0, pos=-103.20, 57.50, 47.25
2026-04-25 13:00:55.545 [Client thread/INFO] AsdUnionClient - [TabRuntime][momoveray1/b433c87c-da41-4fbd-8508-20aea55188cd] Background tick health: world=true, player=true, openChannel=true, queuedTasks=0, pos=-103.20, 57.50, 47.25
2026-04-25 13:01:00.544 [Client thread/INFO] AsdUnionClient - [TabRuntime][momoveray1/b433c87c-da41-4fbd-8508-20aea55188cd] Background tick health: world=true, player=true, openChannel=true, queuedTasks=0, pos=-103.20, 57.50, 47.25
2026-04-25 13:01:05.545 [Client thread/INFO] AsdUnionClient - [TabRuntime][momoveray1/b433c87c-da41-4fbd-8508-20aea55188cd] Background tick health: world=true, player=true, openChannel=true, queuedTasks=0, pos=-103.20, 57.50, 47.25
2026-04-25 13:01:10.622 [Client thread/INFO] AsdUnionClient - [TabRuntime][momoveray1/b433c87c-da41-4fbd-8508-20aea55188cd] Background tick health: world=true, player=true, openChannel=true, queuedTasks=0, pos=-103.20, 57.50, 47.25
2026-04-25 13:01:15.587 [Client thread/INFO] AsdUnionClient - [TabRuntime][momoveray1/b433c87c-da41-4fbd-8508-20aea55188cd] Background tick health: world=true, player=true, openChannel=true, queuedTasks=0, pos=-103.20, 57.50, 47.25
2026-04-25 13:01:20.586 [Client thread/INFO] AsdUnionClient - [TabRuntime][momoveray1/b433c87c-da41-4fbd-8508-20aea55188cd] Background tick health: world=true, player=true, openChannel=true, queuedTasks=0, pos=-103.20, 57.50, 47.25
2026-04-25 13:01:25.586 [Client thread/INFO] AsdUnionClient - [TabRuntime][momoveray1/b433c87c-da41-4fbd-8508-20aea55188cd] Background tick health: world=true, player=true, openChannel=true, queuedTasks=0, pos=-103.20, 57.50, 47.25
2026-04-25 13:01:30.585 [Client thread/INFO] AsdUnionClient - [TabRuntime][momoveray1/b433c87c-da41-4fbd-8508-20aea55188cd] Background tick health: world=true, player=true, openChannel=true, queuedTasks=0, pos=-103.20, 57.50, 47.25
2026-04-25 13:01:35.586 [Client thread/INFO] AsdUnionClient - [TabRuntime][momoveray1/b433c87c-da41-4fbd-8508-20aea55188cd] Background tick health: world=true, player=true, openChannel=true, queuedTasks=0, pos=-103.20, 57.50, 47.25
2026-04-25 13:01:40.586 [Client thread/INFO] AsdUnionClient - [TabRuntime][momoveray1/b433c87c-da41-4fbd-8508-20aea55188cd] Background tick health: world=true, player=true, openChannel=true, queuedTasks=0, pos=-103.20, 57.50, 47.25
2026-04-25 13:01:45.586 [Client thread/INFO] AsdUnionClient - [TabRuntime][momoveray1/b433c87c-da41-4fbd-8508-20aea55188cd] Background tick health: world=true, player=true, openChannel=true, queuedTasks=0, pos=-103.20, 57.50, 47.25
2026-04-25 13:01:50.587 [Client thread/INFO] AsdUnionClient - [TabRuntime][momoveray1/b433c87c-da41-4fbd-8508-20aea55188cd] Background tick health: world=true, player=true, openChannel=true, queuedTasks=0, pos=-103.20, 57.50, 47.25
2026-04-25 13:01:55.586 [Client thread/INFO] AsdUnionClient - [TabRuntime][momoveray1/b433c87c-da41-4fbd-8508-20aea55188cd] Background tick health: world=true, player=true, openChannel=true, queuedTasks=0, pos=-103.20, 57.50, 47.25
2026-04-25 13:02:00.585 [Client thread/INFO] AsdUnionClient - [TabRuntime][momoveray1/b433c87c-da41-4fbd-8508-20aea55188cd] Background tick health: world=true, player=true, openChannel=true, queuedTasks=0, pos=-103.20, 57.50, 47.25
2026-04-25 13:02:05.586 [Client thread/INFO] AsdUnionClient - [TabRuntime][momoveray1/b433c87c-da41-4fbd-8508-20aea55188cd] Background tick health: world=true, player=true, openChannel=true, queuedTasks=0, pos=-103.20, 57.50, 47.25
2026-04-25 13:02:13.428 [Client thread/INFO] AsdUnionClient - [TabRuntime][momoveray1/b433c87c-da41-4fbd-8508-20aea55188cd] Background tick health: world=true, player=true, openChannel=true, queuedTasks=0, pos=-102.58, 57.50, 47.25
2026-04-25 13:03:17.944 [Client thread/INFO] AsdUnionClient - [TabRuntime][momoveray1/b433c87c-da41-4fbd-8508-20aea55188cd] Background tick health: world=true, player=true, openChannel=true, queuedTasks=0, pos=-76.00, 103.06, 46.00
2026-04-25 13:03:22.943 [Client thread/INFO] AsdUnionClient - [TabRuntime][momoveray1/b433c87c-da41-4fbd-8508-20aea55188cd] Background tick health: world=true, player=true, openChannel=true, queuedTasks=0, pos=-76.00, 103.06, 46.00
2026-04-25 13:03:27.942 [Client thread/INFO] AsdUnionClient - [TabRuntime][momoveray1/b433c87c-da41-4fbd-8508-20aea55188cd] Background tick health: world=true, player=true, openChannel=true, queuedTasks=0, pos=-76.00, 103.06, 46.00
2026-04-25 13:03:32.943 [Client thread/INFO] AsdUnionClient - [TabRuntime][momoveray1/b433c87c-da41-4fbd-8508-20aea55188cd] Background tick health: world=true, player=true, openChannel=true, queuedTasks=0, pos=-76.00, 103.06, 46.00
2026-04-25 13:03:37.943 [Client thread/INFO] AsdUnionClient - [TabRuntime][momoveray1/b433c87c-da41-4fbd-8508-20aea55188cd] Background tick health: world=true, player=true, openChannel=true, queuedTasks=0, pos=-76.00, 103.06, 46.00
2026-04-25 13:03:42.943 [Client thread/INFO] AsdUnionClient - [TabRuntime][momoveray1/b433c87c-da41-4fbd-8508-20aea55188cd] Background tick health: world=true, player=true, openChannel=true, queuedTasks=0, pos=-76.00, 103.06, 46.00
2026-04-25 13:03:47.949 [Client thread/INFO] AsdUnionClient - [TabRuntime][momoveray1/b433c87c-da41-4fbd-8508-20aea55188cd] Background tick health: world=true, player=true, openChannel=true, queuedTasks=0, pos=-76.00, 103.06, 46.00
2026-04-25 13:03:52.943 [Client thread/INFO] AsdUnionClient - [TabRuntime][momoveray1/b433c87c-da41-4fbd-8508-20aea55188cd] Background tick health: world=true, player=true, openChannel=true, queuedTasks=0, pos=-76.00, 103.06, 46.00
2026-04-25 13:03:57.942 [Client thread/INFO] AsdUnionClient - [TabRuntime][momoveray1/b433c87c-da41-4fbd-8508-20aea55188cd] Background tick health: world=true, player=true, openChannel=true, queuedTasks=0, pos=-76.00, 103.06, 46.00
2026-04-25 13:04:02.942 [Client thread/INFO] AsdUnionClient - [TabRuntime][momoveray1/b433c87c-da41-4fbd-8508-20aea55188cd] Background tick health: world=true, player=true, openChannel=true, queuedTasks=0, pos=-76.00, 103.06, 46.00
2026-04-25 13:04:07.943 [Client thread/INFO] AsdUnionClient - [TabRuntime][momoveray1/b433c87c-da41-4fbd-8508-20aea55188cd] Background tick health: world=true, player=true, openChannel=true, queuedTasks=0, pos=-76.00, 103.06, 46.00
2026-04-25 13:04:12.942 [Client thread/INFO] AsdUnionClient - [TabRuntime][momoveray1/b433c87c-da41-4fbd-8508-20aea55188cd] Background tick health: world=true, player=true, openChannel=true, queuedTasks=0, pos=-76.00, 103.06, 46.00
2026-04-25 13:04:17.943 [Client thread/INFO] AsdUnionClient - [TabRuntime][momoveray1/b433c87c-da41-4fbd-8508-20aea55188cd] Background tick health: world=true, player=true, openChannel=true, queuedTasks=0, pos=-76.00, 103.06, 46.00
2026-04-25 13:04:22.942 [Client thread/INFO] AsdUnionClient - [TabRuntime][momoveray1/b433c87c-da41-4fbd-8508-20aea55188cd] Background tick health: world=true, player=true, openChannel=true, queuedTasks=0, pos=-76.00, 103.06, 46.00
2026-04-25 13:04:27.943 [Client thread/INFO] AsdUnionClient - [TabRuntime][momoveray1/b433c87c-da41-4fbd-8508-20aea55188cd] Background tick health: world=true, player=true, openChannel=true, queuedTasks=0, pos=-76.00, 103.06, 46.00
2026-04-25 13:04:32.943 [Client thread/INFO] AsdUnionClient - [TabRuntime][momoveray1/b433c87c-da41-4fbd-8508-20aea55188cd] Background tick health: world=true, player=true, openChannel=true, queuedTasks=0, pos=-76.00, 103.06, 46.00
2026-04-25 13:04:37.942 [Client thread/INFO] AsdUnionClient - [TabRuntime][momoveray1/b433c87c-da41-4fbd-8508-20aea55188cd] Background tick health: world=true, player=true, openChannel=true, queuedTasks=0, pos=-76.00, 103.06, 46.00
2026-04-25 13:04:42.944 [Client thread/INFO] AsdUnionClient - [TabRuntime][momoveray1/b433c87c-da41-4fbd-8508-20aea55188cd] Background tick health: world=true, player=true, openChannel=true, queuedTasks=0, pos=-76.00, 103.06, 46.00
2026-04-25 13:04:47.943 [Client thread/INFO] AsdUnionClient - [TabRuntime][momoveray1/b433c87c-da41-4fbd-8508-20aea55188cd] Background tick health: world=true, player=true, openChannel=true, queuedTasks=0, pos=-76.00, 103.06, 46.00
2026-04-25 13:04:52.943 [Client thread/INFO] AsdUnionClient - [TabRuntime][momoveray1/b433c87c-da41-4fbd-8508-20aea55188cd] Background tick health: world=true, player=true, openChannel=true, queuedTasks=0, pos=-76.00, 103.06, 46.00
2026-04-25 13:04:57.943 [Client thread/INFO] AsdUnionClient - [TabRuntime][momoveray1/b433c87c-da41-4fbd-8508-20aea55188cd] Background tick health: world=true, player=true, openChannel=true, queuedTasks=0, pos=-76.00, 103.06, 46.00
2026-04-25 13:05:02.943 [Client thread/INFO] AsdUnionClient - [TabRuntime][momoveray1/b433c87c-da41-4fbd-8508-20aea55188cd] Background tick health: world=true, player=true, openChannel=true, queuedTasks=0, pos=-76.00, 103.06, 46.00
2026-04-25 13:05:07.942 [Client thread/INFO] AsdUnionClient - [TabRuntime][momoveray1/b433c87c-da41-4fbd-8508-20aea55188cd] Background tick health: world=true, player=true, openChannel=true, queuedTasks=0, pos=-76.00, 103.06, 46.00
2026-04-25 13:05:12.897 [Client thread/INFO] AsdUnionClient - [TabRuntime][momoveray1/b433c87c-da41-4fbd-8508-20aea55188cd] Background tick health: world=true, player=true, openChannel=true, queuedTasks=0, pos=-76.00, 103.06, 46.00
2026-04-25 13:06:04.110 [Client thread/INFO] AsdUnionClient - [TabRuntime][momoveray1/b433c87c-da41-4fbd-8508-20aea55188cd] Background tick health: world=true, player=true, openChannel=true, queuedTasks=0, pos=-1719.68, 78.50, -27.81
2026-04-25 13:06:05.358 [Client thread/INFO] AsdUnionClient - [TabRuntime][momoveray1/b433c87c-da41-4fbd-8508-20aea55188cd] Background tick health: world=true, player=true, openChannel=true, queuedTasks=0, pos=-1719.68, 78.50, -27.81
2026-04-25 13:06:06.592 [Client thread/INFO] AsdUnionClient - [TabRuntime][momoveray1/b433c87c-da41-4fbd-8508-20aea55188cd] Background tick health: world=true, player=true, openChannel=true, queuedTasks=0, pos=-1719.68, 78.50, -27.81
2026-04-25 13:06:07.847 [Client thread/INFO] AsdUnionClient - [TabRuntime][momoveray1/b433c87c-da41-4fbd-8508-20aea55188cd] Background tick health: world=true, player=true, openChannel=true, queuedTasks=0, pos=-1719.68, 78.50, -27.81
2026-04-25 13:06:09.080 [Client thread/INFO] AsdUnionClient - [TabRuntime][momoveray1/b433c87c-da41-4fbd-8508-20aea55188cd] Background tick health: world=true, player=true, openChannel=true, queuedTasks=0, pos=-1719.68, 78.50, -27.81
2026-04-25 13:06:10.347 [Client thread/INFO] AsdUnionClient - [TabRuntime][momoveray1/b433c87c-da41-4fbd-8508-20aea55188cd] Background tick health: world=true, player=true, openChannel=true, queuedTasks=0, pos=-1719.68, 78.50, -27.81
2026-04-25 13:06:13.247 [Client thread/INFO] AsdUnionClient - [TabRuntime][momoveray1/b433c87c-da41-4fbd-8508-20aea55188cd] Background tick health: world=true, player=true, openChannel=true, queuedTasks=0, pos=-1719.68, 78.50, -27.81
2026-04-25 13:06:18.233 [Client thread/INFO] AsdUnionClient - [TabRuntime][momoveray1/b433c87c-da41-4fbd-8508-20aea55188cd] Background tick health: world=true, player=true, openChannel=true, queuedTasks=0, pos=-1719.68, 78.50, -27.81
2026-04-25 13:06:39.449 [Client thread/INFO] AsdUnionClient - [TabRuntime][momoveray1/b433c87c-da41-4fbd-8508-20aea55188cd] Background tick health: world=true, player=true, openChannel=true, queuedTasks=0, pos=-0.32, 59.00, 32.77
2026-04-25 13:06:44.449 [Client thread/INFO] AsdUnionClient - [TabRuntime][momoveray1/b433c87c-da41-4fbd-8508-20aea55188cd] Background tick health: world=true, player=true, openChannel=true, queuedTasks=0, pos=-0.32, 59.00, 32.77
2026-04-25 13:08:34.489 [Client thread/INFO] AsdUnionClient - [TabRuntime][momoveray1/b433c87c-da41-4fbd-8508-20aea55188cd] Background tick health: world=true, player=true, openChannel=true, queuedTasks=0, pos=94.54, 36.50, 1.27
2026-04-25 13:08:39.489 [Client thread/INFO] AsdUnionClient - [TabRuntime][momoveray1/b433c87c-da41-4fbd-8508-20aea55188cd] Background tick health: world=true, player=true, openChannel=true, queuedTasks=0, pos=94.54, 36.50, 1.27
2026-04-25 13:08:44.489 [Client thread/INFO] AsdUnionClient - [TabRuntime][momoveray1/b433c87c-da41-4fbd-8508-20aea55188cd] Background tick health: world=true, player=true, openChannel=true, queuedTasks=0, pos=94.54, 36.50, 1.27
2026-04-25 13:10:01.033 [Client thread/INFO] AsdUnionClient - [TabRuntime][momoveray1/b433c87c-da41-4fbd-8508-20aea55188cd] Background tick health: world=true, player=true, openChannel=true, queuedTasks=0, pos=-3.22, 170.00, 1.83
2026-04-25 13:10:06.034 [Client thread/INFO] AsdUnionClient - [TabRuntime][momoveray1/b433c87c-da41-4fbd-8508-20aea55188cd] Background tick health: world=true, player=true, openChannel=true, queuedTasks=0, pos=89.50, 37.00, 0.50
2026-04-25 13:10:11.055 [Client thread/INFO] AsdUnionClient - [TabRuntime][momoveray1/b433c87c-da41-4fbd-8508-20aea55188cd] Background tick health: world=true, player=true, openChannel=true, queuedTasks=0, pos=89.50, 37.00, 0.50
2026-04-25 13:10:25.588 [Client thread/INFO] AsdUnionClient - [TabRuntime][momoveray1/b433c87c-da41-4fbd-8508-20aea55188cd] Background tick health: world=true, player=true, openChannel=true, queuedTasks=0, pos=94.85, 37.00, 0.49
2026-04-25 13:10:30.584 [Client thread/INFO] AsdUnionClient - [TabRuntime][momoveray1/b433c87c-da41-4fbd-8508-20aea55188cd] Background tick health: world=true, player=true, openChannel=true, queuedTasks=0, pos=94.85, 37.00, 0.49
2026-04-25 13:11:55.184 [Client thread/INFO] AsdUnionClient - [TabRuntime][momoveray1/b433c87c-da41-4fbd-8508-20aea55188cd] Background tick health: world=true, player=true, openChannel=true, queuedTasks=0, pos=94.46, 36.50, -0.64
2026-04-25 13:12:00.183 [Client thread/INFO] AsdUnionClient - [TabRuntime][momoveray1/b433c87c-da41-4fbd-8508-20aea55188cd] Background tick health: world=true, player=true, openChannel=true, queuedTasks=0, pos=94.46, 36.50, -0.64
2026-04-25 13:12:05.184 [Client thread/INFO] AsdUnionClient - [TabRuntime][momoveray1/b433c87c-da41-4fbd-8508-20aea55188cd] Background tick health: world=true, player=true, openChannel=true, queuedTasks=0, pos=94.46, 36.50, -0.64
2026-04-25 13:12:10.197 [Client thread/INFO] AsdUnionClient - [TabRuntime][momoveray1/b433c87c-da41-4fbd-8508-20aea55188cd] Background tick health: world=true, player=true, openChannel=true, queuedTasks=0, pos=2.00, 63.00, 83.00
2026-04-25 13:12:15.247 [Client thread/INFO] AsdUnionClient - [TabRuntime][momoveray1/b433c87c-da41-4fbd-8508-20aea55188cd] Background tick health: world=true, player=true, openChannel=true, queuedTasks=0, pos=2.00, 63.00, 83.00
2026-04-25 13:23:16.604 [Client thread/INFO] AsdUnionClient - [TabRuntime][momoveray1/b433c87c-da41-4fbd-8508-20aea55188cd] Background tick health: world=true, player=true, openChannel=true, queuedTasks=0, pos=89.19, 37.00, -0.36
2026-04-25 13:27:32.841 [Client thread/INFO] AsdUnionClient - [TabRuntime][momoveray1/b433c87c-da41-4fbd-8508-20aea55188cd] Background tick health: world=true, player=true, openChannel=true, queuedTasks=0, pos=41.00, 37.00, 49.75
2026-04-25 13:28:33.497 [Client thread/INFO] AsdUnionClient - [TabRuntime][momoveray1/b433c87c-da41-4fbd-8508-20aea55188cd] Background tick health: world=true, player=true, openChannel=true, queuedTasks=0, pos=0.54, 95.50, 106.50
2026-04-25 13:28:38.496 [Client thread/INFO] AsdUnionClient - [TabRuntime][momoveray1/b433c87c-da41-4fbd-8508-20aea55188cd] Background tick health: world=true, player=true, openChannel=true, queuedTasks=0, pos=0.54, 95.50, 106.50
2026-04-25 13:28:43.496 [Client thread/INFO] AsdUnionClient - [TabRuntime][momoveray1/b433c87c-da41-4fbd-8508-20aea55188cd] Background tick health: world=true, player=true, openChannel=true, queuedTasks=0, pos=0.54, 95.50, 106.50
2026-04-25 13:28:48.530 [Client thread/INFO] AsdUnionClient - [TabRuntime][momoveray1/b433c87c-da41-4fbd-8508-20aea55188cd] Background tick health: world=true, player=true, openChannel=true, queuedTasks=0, pos=0.54, 95.50, 106.50
2026-04-25 13:28:53.501 [Client thread/INFO] AsdUnionClient - [TabRuntime][momoveray1/b433c87c-da41-4fbd-8508-20aea55188cd] Background tick health: world=true, player=true, openChannel=true, queuedTasks=0, pos=0.54, 95.50, 106.50
2026-04-25 13:28:58.520 [Client thread/INFO] AsdUnionClient - [TabRuntime][momoveray1/b433c87c-da41-4fbd-8508-20aea55188cd] Background tick health: world=true, player=true, openChannel=true, queuedTasks=0, pos=0.54, 95.50, 106.50
2026-04-25 13:29:38.135 [Client thread/INFO] AsdUnionClient - [TabRuntime][momoveray1/b433c87c-da41-4fbd-8508-20aea55188cd] Background tick health: world=true, player=true, openChannel=true, queuedTasks=0, pos=0.26, 95.50, 106.67
2026-04-25 13:29:43.157 [Client thread/INFO] AsdUnionClient - [TabRuntime][momoveray1/b433c87c-da41-4fbd-8508-20aea55188cd] Background tick health: world=true, player=true, openChannel=true, queuedTasks=0, pos=0.26, 95.50, 106.67
2026-04-25 13:29:48.135 [Client thread/INFO] AsdUnionClient - [TabRuntime][momoveray1/b433c87c-da41-4fbd-8508-20aea55188cd] Background tick health: world=true, player=true, openChannel=true, queuedTasks=0, pos=0.26, 95.50, 106.67
2026-04-25 13:29:53.136 [Client thread/INFO] AsdUnionClient - [TabRuntime][momoveray1/b433c87c-da41-4fbd-8508-20aea55188cd] Background tick health: world=true, player=true, openChannel=true, queuedTasks=0, pos=0.26, 95.50, 106.67
2026-04-25 13:29:58.135 [Client thread/INFO] AsdUnionClient - [TabRuntime][momoveray1/b433c87c-da41-4fbd-8508-20aea55188cd] Background tick health: world=true, player=true, openChannel=true, queuedTasks=0, pos=0.26, 95.50, 106.67
2026-04-25 13:30:03.135 [Client thread/INFO] AsdUnionClient - [TabRuntime][momoveray1/b433c87c-da41-4fbd-8508-20aea55188cd] Background tick health: world=true, player=true, openChannel=true, queuedTasks=0, pos=0.26, 95.50, 106.67
2026-04-25 13:30:08.138 [Client thread/INFO] AsdUnionClient - [TabRuntime][momoveray1/b433c87c-da41-4fbd-8508-20aea55188cd] Background tick health: world=true, player=true, openChannel=true, queuedTasks=0, pos=0.26, 95.50, 106.67
2026-04-25 13:30:13.136 [Client thread/INFO] AsdUnionClient - [TabRuntime][momoveray1/b433c87c-da41-4fbd-8508-20aea55188cd] Background tick health: world=true, player=true, openChannel=true, queuedTasks=0, pos=0.26, 95.50, 106.67
2026-04-25 13:30:18.136 [Client thread/INFO] AsdUnionClient - [TabRuntime][momoveray1/b433c87c-da41-4fbd-8508-20aea55188cd] Background tick health: world=true, player=true, openChannel=true, queuedTasks=0, pos=0.26, 95.50, 106.67
2026-04-25 13:30:23.135 [Client thread/INFO] AsdUnionClient - [TabRuntime][momoveray1/b433c87c-da41-4fbd-8508-20aea55188cd] Background tick health: world=true, player=true, openChannel=true, queuedTasks=0, pos=0.26, 95.50, 106.67
2026-04-25 13:30:28.136 [Client thread/INFO] AsdUnionClient - [TabRuntime][momoveray1/b433c87c-da41-4fbd-8508-20aea55188cd] Background tick health: world=true, player=true, openChannel=true, queuedTasks=0, pos=0.26, 95.50, 106.67
2026-04-25 13:30:33.135 [Client thread/INFO] AsdUnionClient - [TabRuntime][momoveray1/b433c87c-da41-4fbd-8508-20aea55188cd] Background tick health: world=true, player=true, openChannel=true, queuedTasks=0, pos=0.26, 95.50, 106.67
2026-04-25 13:31:21.735 [Client thread/INFO] AsdUnionClient - [TabRuntime][momoveray1/b433c87c-da41-4fbd-8508-20aea55188cd] Background tick health: world=true, player=true, openChannel=true, queuedTasks=0, pos=0.94, 95.50, 106.55
2026-04-25 13:31:26.735 [Client thread/INFO] AsdUnionClient - [TabRuntime][momoveray1/b433c87c-da41-4fbd-8508-20aea55188cd] Background tick health: world=true, player=true, openChannel=true, queuedTasks=0, pos=0.94, 95.50, 106.55
2026-04-25 13:31:31.736 [Client thread/INFO] AsdUnionClient - [TabRuntime][momoveray1/b433c87c-da41-4fbd-8508-20aea55188cd] Background tick health: world=true, player=true, openChannel=true, queuedTasks=0, pos=0.94, 95.50, 106.55
2026-04-25 13:31:36.735 [Client thread/INFO] AsdUnionClient - [TabRuntime][momoveray1/b433c87c-da41-4fbd-8508-20aea55188cd] Background tick health: world=true, player=true, openChannel=true, queuedTasks=0, pos=0.94, 95.50, 106.55
2026-04-25 13:31:41.735 [Client thread/INFO] AsdUnionClient - [TabRuntime][momoveray1/b433c87c-da41-4fbd-8508-20aea55188cd] Background tick health: world=true, player=true, openChannel=true, queuedTasks=0, pos=0.94, 95.50, 106.55
2026-04-25 13:31:46.736 [Client thread/INFO] AsdUnionClient - [TabRuntime][momoveray1/b433c87c-da41-4fbd-8508-20aea55188cd] Background tick health: world=true, player=true, openChannel=true, queuedTasks=0, pos=0.94, 95.50, 106.55
2026-04-25 13:31:51.736 [Client thread/INFO] AsdUnionClient - [TabRuntime][momoveray1/b433c87c-da41-4fbd-8508-20aea55188cd] Background tick health: world=true, player=true, openChannel=true, queuedTasks=0, pos=0.94, 95.50, 106.55
2026-04-25 13:31:56.735 [Client thread/INFO] AsdUnionClient - [TabRuntime][momoveray1/b433c87c-da41-4fbd-8508-20aea55188cd] Background tick health: world=true, player=true, openChannel=true, queuedTasks=0, pos=0.94, 95.50, 106.55
2026-04-25 13:32:01.735 [Client thread/INFO] AsdUnionClient - [TabRuntime][momoveray1/b433c87c-da41-4fbd-8508-20aea55188cd] Background tick health: world=true, player=true, openChannel=true, queuedTasks=0, pos=0.94, 95.50, 106.55
2026-04-25 13:32:06.735 [Client thread/INFO] AsdUnionClient - [TabRuntime][momoveray1/b433c87c-da41-4fbd-8508-20aea55188cd] Background tick health: world=true, player=true, openChannel=true, queuedTasks=0, pos=0.94, 95.50, 106.55
2026-04-25 13:32:43.935 [Client thread/INFO] AsdUnionClient - [TabRuntime][momoveray1/b433c87c-da41-4fbd-8508-20aea55188cd] Background tick health: world=true, player=true, openChannel=true, queuedTasks=0, pos=0.89, 95.50, 106.82
2026-04-25 13:32:48.935 [Client thread/INFO] AsdUnionClient - [TabRuntime][momoveray1/b433c87c-da41-4fbd-8508-20aea55188cd] Background tick health: world=true, player=true, openChannel=true, queuedTasks=0, pos=0.89, 95.50, 106.82
2026-04-25 13:32:53.935 [Client thread/INFO] AsdUnionClient - [TabRuntime][momoveray1/b433c87c-da41-4fbd-8508-20aea55188cd] Background tick health: world=true, player=true, openChannel=true, queuedTasks=0, pos=0.89, 95.50, 106.82
2026-04-25 13:32:58.935 [Client thread/INFO] AsdUnionClient - [TabRuntime][momoveray1/b433c87c-da41-4fbd-8508-20aea55188cd] Background tick health: world=true, player=true, openChannel=true, queuedTasks=0, pos=0.89, 95.50, 106.82
2026-04-25 13:33:03.935 [Client thread/INFO] AsdUnionClient - [TabRuntime][momoveray1/b433c87c-da41-4fbd-8508-20aea55188cd] Background tick health: world=true, player=true, openChannel=true, queuedTasks=0, pos=0.89, 95.50, 106.82
2026-04-25 13:33:08.935 [Client thread/INFO] AsdUnionClient - [TabRuntime][momoveray1/b433c87c-da41-4fbd-8508-20aea55188cd] Background tick health: world=true, player=true, openChannel=true, queuedTasks=0, pos=0.89, 95.50, 106.82
2026-04-25 13:33:40.595 [Client thread/INFO] AsdUnionClient - [TabRuntime][momoveray1/b433c87c-da41-4fbd-8508-20aea55188cd] Background tick health: world=true, player=true, openChannel=true, queuedTasks=0, pos=8.70, 96.00, 101.86
2026-04-25 13:34:56.396 [Client thread/INFO] AsdUnionClient - [TabRuntime][momoveray1/b433c87c-da41-4fbd-8508-20aea55188cd] Background tick health: world=true, player=true, openChannel=true, queuedTasks=0, pos=0.52, 95.50, 106.65
2026-04-25 13:35:01.396 [Client thread/INFO] AsdUnionClient - [TabRuntime][momoveray1/b433c87c-da41-4fbd-8508-20aea55188cd] Background tick health: world=true, player=true, openChannel=true, queuedTasks=0, pos=0.52, 95.50, 106.65
2026-04-25 13:35:06.395 [Client thread/INFO] AsdUnionClient - [TabRuntime][momoveray1/b433c87c-da41-4fbd-8508-20aea55188cd] Background tick health: world=true, player=true, openChannel=true, queuedTasks=0, pos=0.52, 95.50, 106.65
2026-04-25 13:35:11.395 [Client thread/INFO] AsdUnionClient - [TabRuntime][momoveray1/b433c87c-da41-4fbd-8508-20aea55188cd] Background tick health: world=true, player=true, openChannel=true, queuedTasks=0, pos=0.52, 95.50, 106.65
2026-04-25 13:35:30.695 [Client thread/INFO] AsdUnionClient - [TabRuntime][momoveray1/b433c87c-da41-4fbd-8508-20aea55188cd] Background tick health: world=true, player=true, openChannel=true, queuedTasks=0, pos=-0.17, 95.50, 106.24
2026-04-25 13:35:35.696 [Client thread/INFO] AsdUnionClient - [TabRuntime][momoveray1/b433c87c-da41-4fbd-8508-20aea55188cd] Background tick health: world=true, player=true, openChannel=true, queuedTasks=0, pos=-0.17, 95.50, 106.24
2026-04-25 13:35:40.695 [Client thread/INFO] AsdUnionClient - [TabRuntime][momoveray1/b433c87c-da41-4fbd-8508-20aea55188cd] Background tick health: world=true, player=true, openChannel=true, queuedTasks=0, pos=-0.17, 95.50, 106.24
2026-04-25 13:35:45.710 [Client thread/INFO] AsdUnionClient - [TabRuntime][momoveray1/b433c87c-da41-4fbd-8508-20aea55188cd] Background tick health: world=true, player=true, openChannel=true, queuedTasks=0, pos=-0.17, 95.50, 106.24
2026-04-25 13:35:50.695 [Client thread/INFO] AsdUnionClient - [TabRuntime][momoveray1/b433c87c-da41-4fbd-8508-20aea55188cd] Background tick health: world=true, player=true, openChannel=true, queuedTasks=0, pos=-0.17, 95.50, 106.24
2026-04-25 13:35:55.697 [Client thread/INFO] AsdUnionClient - [TabRuntime][momoveray1/b433c87c-da41-4fbd-8508-20aea55188cd] Background tick health: world=true, player=true, openChannel=true, queuedTasks=0, pos=-0.17, 95.50, 106.24
2026-04-25 13:36:00.696 [Client thread/INFO] AsdUnionClient - [TabRuntime][momoveray1/b433c87c-da41-4fbd-8508-20aea55188cd] Background tick health: world=true, player=true, openChannel=true, queuedTasks=0, pos=-0.17, 95.50, 106.24
2026-04-25 13:36:05.699 [Client thread/INFO] AsdUnionClient - [TabRuntime][momoveray1/b433c87c-da41-4fbd-8508-20aea55188cd] Background tick health: world=true, player=true, openChannel=true, queuedTasks=0, pos=-0.17, 95.50, 106.24
2026-04-25 13:36:10.695 [Client thread/INFO] AsdUnionClient - [TabRuntime][momoveray1/b433c87c-da41-4fbd-8508-20aea55188cd] Background tick health: world=true, player=true, openChannel=true, queuedTasks=0, pos=-0.17, 95.50, 106.24
2026-04-25 13:36:15.695 [Client thread/INFO] AsdUnionClient - [TabRuntime][momoveray1/b433c87c-da41-4fbd-8508-20aea55188cd] Background tick health: world=true, player=true, openChannel=true, queuedTasks=0, pos=-0.17, 95.50, 106.24
2026-04-25 13:36:20.697 [Client thread/INFO] AsdUnionClient - [TabRuntime][momoveray1/b433c87c-da41-4fbd-8508-20aea55188cd] Background tick health: world=true, player=true, openChannel=true, queuedTasks=0, pos=-0.17, 95.50, 106.24
2026-04-25 13:36:25.696 [Client thread/INFO] AsdUnionClient - [TabRuntime][momoveray1/b433c87c-da41-4fbd-8508-20aea55188cd] Background tick health: world=true, player=true, openChannel=true, queuedTasks=0, pos=-0.17, 95.50, 106.24
2026-04-25 13:36:30.696 [Client thread/INFO] AsdUnionClient - [TabRuntime][momoveray1/b433c87c-da41-4fbd-8508-20aea55188cd] Background tick health: world=true, player=true, openChannel=true, queuedTasks=0, pos=-0.17, 95.50, 106.24
2026-04-25 13:36:55.795 [Client thread/INFO] AsdUnionClient - [TabRuntime][momoveray1/b433c87c-da41-4fbd-8508-20aea55188cd] Background tick health: world=true, player=true, openChannel=true, queuedTasks=0, pos=1.35, 95.50, 107.45
2026-04-25 13:37:18.296 [Client thread/INFO] AsdUnionClient - [TabRuntime][momoveray1/b433c87c-da41-4fbd-8508-20aea55188cd] Background tick health: world=true, player=true, openChannel=true, queuedTasks=0, pos=1.11, 95.50, 106.89
2026-04-25 13:37:23.296 [Client thread/INFO] AsdUnionClient - [TabRuntime][momoveray1/b433c87c-da41-4fbd-8508-20aea55188cd] Background tick health: world=true, player=true, openChannel=true, queuedTasks=0, pos=1.11, 95.50, 106.89
2026-04-25 13:37:42.470 [Client thread/INFO] AsdUnionClient - [TabRuntime][momoveray1/b433c87c-da41-4fbd-8508-20aea55188cd] Background tick health: world=true, player=true, openChannel=true, queuedTasks=0, pos=0.65, 96.00, 108.04
2026-04-25 13:37:47.441 [Client thread/INFO] AsdUnionClient - [TabRuntime][momoveray1/b433c87c-da41-4fbd-8508-20aea55188cd] Background tick health: world=true, player=true, openChannel=true, queuedTasks=0, pos=0.65, 96.00, 108.04
2026-04-25 13:37:52.441 [Client thread/INFO] AsdUnionClient - [TabRuntime][momoveray1/b433c87c-da41-4fbd-8508-20aea55188cd] Background tick health: world=true, player=true, openChannel=true, queuedTasks=0, pos=0.65, 96.00, 108.04
2026-04-25 13:38:26.153 [Client thread/INFO] AsdUnionClient - [TabRuntime][momoveray1/b433c87c-da41-4fbd-8508-20aea55188cd] Background tick health: world=true, player=true, openChannel=true, queuedTasks=0, pos=-106.14, 95.50, 0.01
2026-04-25 13:38:31.153 [Client thread/INFO] AsdUnionClient - [TabRuntime][momoveray1/b433c87c-da41-4fbd-8508-20aea55188cd] Background tick health: world=true, player=true, openChannel=true, queuedTasks=0, pos=-106.14, 95.50, 0.01
2026-04-25 13:38:36.158 [Client thread/INFO] AsdUnionClient - [TabRuntime][momoveray1/b433c87c-da41-4fbd-8508-20aea55188cd] Background tick health: world=true, player=true, openChannel=true, queuedTasks=0, pos=-106.14, 95.50, 0.01
2026-04-25 13:38:41.153 [Client thread/INFO] AsdUnionClient - [TabRuntime][momoveray1/b433c87c-da41-4fbd-8508-20aea55188cd] Background tick health: world=true, player=true, openChannel=true, queuedTasks=0, pos=-106.14, 95.50, 0.01
2026-04-25 13:39:04.887 [Client thread/INFO] AsdUnionClient - [TabRuntime][momoveray1/b433c87c-da41-4fbd-8508-20aea55188cd] Background tick health: world=true, player=true, openChannel=true, queuedTasks=0, pos=-105.31, 95.50, 0.77
2026-04-25 13:39:09.886 [Client thread/INFO] AsdUnionClient - [TabRuntime][momoveray1/b433c87c-da41-4fbd-8508-20aea55188cd] Background tick health: world=true, player=true, openChannel=true, queuedTasks=0, pos=-105.31, 95.50, 0.77
2026-04-25 13:39:14.887 [Client thread/INFO] AsdUnionClient - [TabRuntime][momoveray1/b433c87c-da41-4fbd-8508-20aea55188cd] Background tick health: world=true, player=true, openChannel=true, queuedTasks=0, pos=-105.31, 95.50, 0.77
2026-04-25 13:39:19.887 [Client thread/INFO] AsdUnionClient - [TabRuntime][momoveray1/b433c87c-da41-4fbd-8508-20aea55188cd] Background tick health: world=true, player=true, openChannel=true, queuedTasks=0, pos=-105.31, 95.50, 0.77
2026-04-25 13:39:24.889 [Client thread/INFO] AsdUnionClient - [TabRuntime][momoveray1/b433c87c-da41-4fbd-8508-20aea55188cd] Background tick health: world=true, player=true, openChannel=true, queuedTasks=0, pos=-105.31, 95.50, 0.77
2026-04-25 13:39:52.757 [Client thread/INFO] AsdUnionClient - [TabRuntime][momoveray1/b433c87c-da41-4fbd-8508-20aea55188cd] Background tick health: world=true, player=true, openChannel=true, queuedTasks=0, pos=-106.16, 95.50, 0.37
2026-04-25 13:39:57.756 [Client thread/INFO] AsdUnionClient - [TabRuntime][momoveray1/b433c87c-da41-4fbd-8508-20aea55188cd] Background tick health: world=true, player=true, openChannel=true, queuedTasks=0, pos=-106.16, 95.50, 0.37
2026-04-25 13:40:02.756 [Client thread/INFO] AsdUnionClient - [TabRuntime][momoveray1/b433c87c-da41-4fbd-8508-20aea55188cd] Background tick health: world=true, player=true, openChannel=true, queuedTasks=0, pos=-106.16, 95.50, 0.37
2026-04-25 13:40:07.756 [Client thread/INFO] AsdUnionClient - [TabRuntime][momoveray1/b433c87c-da41-4fbd-8508-20aea55188cd] Background tick health: world=true, player=true, openChannel=true, queuedTasks=0, pos=-106.16, 95.50, 0.37
2026-04-25 13:40:12.757 [Client thread/INFO] AsdUnionClient - [TabRuntime][momoveray1/b433c87c-da41-4fbd-8508-20aea55188cd] Background tick health: world=true, player=true, openChannel=true, queuedTasks=0, pos=-106.16, 95.50, 0.37
2026-04-25 13:40:17.756 [Client thread/INFO] AsdUnionClient - [TabRuntime][momoveray1/b433c87c-da41-4fbd-8508-20aea55188cd] Background tick health: world=true, player=true, openChannel=true, queuedTasks=0, pos=-106.16, 95.50, 0.37
2026-04-25 13:42:14.357 [Client thread/INFO] AsdUnionClient - [TabRuntime][momoveray1/b433c87c-da41-4fbd-8508-20aea55188cd] Background tick health: world=true, player=true, openChannel=true, queuedTasks=0, pos=-105.34, 95.50, 0.83
2026-04-25 13:42:19.357 [Client thread/INFO] AsdUnionClient - [TabRuntime][momoveray1/b433c87c-da41-4fbd-8508-20aea55188cd] Background tick health: world=true, player=true, openChannel=true, queuedTasks=0, pos=-105.34, 95.50, 0.83
2026-04-25 13:42:24.357 [Client thread/INFO] AsdUnionClient - [TabRuntime][momoveray1/b433c87c-da41-4fbd-8508-20aea55188cd] Background tick health: world=true, player=true, openChannel=true, queuedTasks=0, pos=-105.34, 95.50, 0.83
2026-04-25 13:42:29.356 [Client thread/INFO] AsdUnionClient - [TabRuntime][momoveray1/b433c87c-da41-4fbd-8508-20aea55188cd] Background tick health: world=true, player=true, openChannel=true, queuedTasks=0, pos=-105.34, 95.50, 0.83
2026-04-25 13:42:34.356 [Client thread/INFO] AsdUnionClient - [TabRuntime][momoveray1/b433c87c-da41-4fbd-8508-20aea55188cd] Background tick health: world=true, player=true, openChannel=true, queuedTasks=0, pos=-105.34, 95.50, 0.83
2026-04-25 13:42:39.357 [Client thread/INFO] AsdUnionClient - [TabRuntime][momoveray1/b433c87c-da41-4fbd-8508-20aea55188cd] Background tick health: world=true, player=true, openChannel=true, queuedTasks=0, pos=-105.34, 95.50, 0.83
2026-04-25 13:42:44.357 [Client thread/INFO] AsdUnionClient - [TabRuntime][momoveray1/b433c87c-da41-4fbd-8508-20aea55188cd] Background tick health: world=true, player=true, openChannel=true, queuedTasks=0, pos=-105.34, 95.50, 0.83
2026-04-25 13:42:49.356 [Client thread/INFO] AsdUnionClient - [TabRuntime][momoveray1/b433c87c-da41-4fbd-8508-20aea55188cd] Background tick health: world=true, player=true, openChannel=true, queuedTasks=0, pos=-105.34, 95.50, 0.83
2026-04-25 13:42:54.357 [Client thread/INFO] AsdUnionClient - [TabRuntime][momoveray1/b433c87c-da41-4fbd-8508-20aea55188cd] Background tick health: world=true, player=true, openChannel=true, queuedTasks=0, pos=-105.34, 95.50, 0.83
2026-04-25 13:42:59.357 [Client thread/INFO] AsdUnionClient - [TabRuntime][momoveray1/b433c87c-da41-4fbd-8508-20aea55188cd] Background tick health: world=true, player=true, openChannel=true, queuedTasks=0, pos=-105.34, 95.50, 0.83
2026-04-25 13:43:04.357 [Client thread/INFO] AsdUnionClient - [TabRuntime][momoveray1/b433c87c-da41-4fbd-8508-20aea55188cd] Background tick health: world=true, player=true, openChannel=true, queuedTasks=0, pos=-105.34, 95.50, 0.83
2026-04-25 13:43:09.357 [Client thread/INFO] AsdUnionClient - [TabRuntime][momoveray1/b433c87c-da41-4fbd-8508-20aea55188cd] Background tick health: world=true, player=true, openChannel=true, queuedTasks=0, pos=-105.34, 95.50, 0.83
2026-04-25 13:43:14.356 [Client thread/INFO] AsdUnionClient - [TabRuntime][momoveray1/b433c87c-da41-4fbd-8508-20aea55188cd] Background tick health: world=true, player=true, openChannel=true, queuedTasks=0, pos=-105.34, 95.50, 0.83
2026-04-25 13:43:19.357 [Client thread/INFO] AsdUnionClient - [TabRuntime][momoveray1/b433c87c-da41-4fbd-8508-20aea55188cd] Background tick health: world=true, player=true, openChannel=true, queuedTasks=0, pos=-105.34, 95.50, 0.83
2026-04-25 13:43:24.358 [Client thread/INFO] AsdUnionClient - [TabRuntime][momoveray1/b433c87c-da41-4fbd-8508-20aea55188cd] Background tick health: world=true, player=true, openChannel=true, queuedTasks=0, pos=-105.34, 95.50, 0.83
2026-04-25 13:43:29.356 [Client thread/INFO] AsdUnionClient - [TabRuntime][momoveray1/b433c87c-da41-4fbd-8508-20aea55188cd] Background tick health: world=true, player=true, openChannel=true, queuedTasks=0, pos=-105.34, 95.50, 0.83
2026-04-25 13:43:34.357 [Client thread/INFO] AsdUnionClient - [TabRuntime][momoveray1/b433c87c-da41-4fbd-8508-20aea55188cd] Background tick health: world=true, player=true, openChannel=true, queuedTasks=0, pos=-105.34, 95.50, 0.83
2026-04-25 13:43:39.356 [Client thread/INFO] AsdUnionClient - [TabRuntime][momoveray1/b433c87c-da41-4fbd-8508-20aea55188cd] Background tick health: world=true, player=true, openChannel=true, queuedTasks=0, pos=-105.34, 95.50, 0.83
2026-04-25 13:43:44.356 [Client thread/INFO] AsdUnionClient - [TabRuntime][momoveray1/b433c87c-da41-4fbd-8508-20aea55188cd] Background tick health: world=true, player=true, openChannel=true, queuedTasks=0, pos=-105.34, 95.50, 0.83
2026-04-25 13:43:49.343 [Client thread/INFO] AsdUnionClient - [TabRuntime][momoveray1/b433c87c-da41-4fbd-8508-20aea55188cd] Background tick health: world=true, player=true, openChannel=true, queuedTasks=0, pos=-105.34, 95.50, 0.83
2026-04-25 13:43:54.342 [Client thread/INFO] AsdUnionClient - [TabRuntime][momoveray1/b433c87c-da41-4fbd-8508-20aea55188cd] Background tick health: world=true, player=true, openChannel=true, queuedTasks=0, pos=-105.34, 95.50, 0.83
2026-04-25 13:43:59.343 [Client thread/INFO] AsdUnionClient - [TabRuntime][momoveray1/b433c87c-da41-4fbd-8508-20aea55188cd] Background tick health: world=true, player=true, openChannel=true, queuedTasks=0, pos=-105.34, 95.50, 0.83
2026-04-25 13:44:04.342 [Client thread/INFO] AsdUnionClient - [TabRuntime][momoveray1/b433c87c-da41-4fbd-8508-20aea55188cd] Background tick health: world=true, player=true, openChannel=true, queuedTasks=0, pos=-105.34, 95.50, 0.83
2026-04-25 13:44:12.043 [Client thread/INFO] AsdUnionClient - [TabRuntime][momoveray1/b433c87c-da41-4fbd-8508-20aea55188cd] Background tick health: world=true, player=true, openChannel=true, queuedTasks=0, pos=-106.03, 95.50, 1.04
2026-04-25 13:44:17.042 [Client thread/INFO] AsdUnionClient - [TabRuntime][momoveray1/b433c87c-da41-4fbd-8508-20aea55188cd] Background tick health: world=true, player=true, openChannel=true, queuedTasks=0, pos=-106.03, 95.50, 1.04
2026-04-25 13:44:22.042 [Client thread/INFO] AsdUnionClient - [TabRuntime][momoveray1/b433c87c-da41-4fbd-8508-20aea55188cd] Background tick health: world=true, player=true, openChannel=true, queuedTasks=0, pos=-106.03, 95.50, 1.04
2026-04-25 13:44:27.043 [Client thread/INFO] AsdUnionClient - [TabRuntime][momoveray1/b433c87c-da41-4fbd-8508-20aea55188cd] Background tick health: world=true, player=true, openChannel=true, queuedTasks=0, pos=-106.03, 95.50, 1.04
2026-04-25 13:44:32.042 [Client thread/INFO] AsdUnionClient - [TabRuntime][momoveray1/b433c87c-da41-4fbd-8508-20aea55188cd] Background tick health: world=true, player=true, openChannel=true, queuedTasks=0, pos=-106.03, 95.50, 1.04
2026-04-25 13:44:37.043 [Client thread/INFO] AsdUnionClient - [TabRuntime][momoveray1/b433c87c-da41-4fbd-8508-20aea55188cd] Background tick health: world=true, player=true, openChannel=true, queuedTasks=0, pos=-106.03, 95.50, 1.04
2026-04-25 13:44:42.043 [Client thread/INFO] AsdUnionClient - [TabRuntime][momoveray1/b433c87c-da41-4fbd-8508-20aea55188cd] Background tick health: world=true, player=true, openChannel=true, queuedTasks=0, pos=-106.03, 95.50, 1.04
2026-04-25 13:44:47.043 [Client thread/INFO] AsdUnionClient - [TabRuntime][momoveray1/b433c87c-da41-4fbd-8508-20aea55188cd] Background tick health: world=true, player=true, openChannel=true, queuedTasks=0, pos=-106.03, 95.50, 1.04
2026-04-25 13:44:52.042 [Client thread/INFO] AsdUnionClient - [TabRuntime][momoveray1/b433c87c-da41-4fbd-8508-20aea55188cd] Background tick health: world=true, player=true, openChannel=true, queuedTasks=0, pos=-106.03, 95.50, 1.04
2026-04-25 13:44:57.043 [Client thread/INFO] AsdUnionClient - [TabRuntime][momoveray1/b433c87c-da41-4fbd-8508-20aea55188cd] Background tick health: world=true, player=true, openChannel=true, queuedTasks=0, pos=-106.03, 95.50, 1.04
2026-04-25 13:45:02.042 [Client thread/INFO] AsdUnionClient - [TabRuntime][momoveray1/b433c87c-da41-4fbd-8508-20aea55188cd] Background tick health: world=true, player=true, openChannel=true, queuedTasks=0, pos=-106.03, 95.50, 1.04
2026-04-25 13:46:30.143 [Client thread/INFO] AsdUnionClient - [TabRuntime][momoveray1/b433c87c-da41-4fbd-8508-20aea55188cd] Background tick health: world=true, player=true, openChannel=true, queuedTasks=0, pos=-105.56, 95.50, 0.72
2026-04-25 13:46:35.142 [Client thread/INFO] AsdUnionClient - [TabRuntime][momoveray1/b433c87c-da41-4fbd-8508-20aea55188cd] Background tick health: world=true, player=true, openChannel=true, queuedTasks=0, pos=-105.56, 95.50, 0.72
2026-04-25 13:46:40.143 [Client thread/INFO] AsdUnionClient - [TabRuntime][momoveray1/b433c87c-da41-4fbd-8508-20aea55188cd] Background tick health: world=true, player=true, openChannel=true, queuedTasks=0, pos=-105.56, 95.50, 0.72
2026-04-25 13:46:45.143 [Client thread/INFO] AsdUnionClient - [TabRuntime][momoveray1/b433c87c-da41-4fbd-8508-20aea55188cd] Background tick health: world=true, player=true, openChannel=true, queuedTasks=0, pos=-105.56, 95.50, 0.72
2026-04-25 13:46:50.142 [Client thread/INFO] AsdUnionClient - [TabRuntime][momoveray1/b433c87c-da41-4fbd-8508-20aea55188cd] Background tick health: world=true, player=true, openChannel=true, queuedTasks=0, pos=-105.56, 95.50, 0.72
2026-04-25 13:46:55.143 [Client thread/INFO] AsdUnionClient - [TabRuntime][momoveray1/b433c87c-da41-4fbd-8508-20aea55188cd] Background tick health: world=true, player=true, openChannel=true, queuedTasks=0, pos=-105.56, 95.50, 0.72
2026-04-25 13:47:00.142 [Client thread/INFO] AsdUnionClient - [TabRuntime][momoveray1/b433c87c-da41-4fbd-8508-20aea55188cd] Background tick health: world=true, player=true, openChannel=true, queuedTasks=0, pos=-105.56, 95.50, 0.72
2026-04-25 13:47:05.143 [Client thread/INFO] AsdUnionClient - [TabRuntime][momoveray1/b433c87c-da41-4fbd-8508-20aea55188cd] Background tick health: world=true, player=true, openChannel=true, queuedTasks=0, pos=-105.56, 95.50, 0.72
