2026-04-25 10:25:51.737 [Client thread/ERROR] AsdUnionClient - Exception during call event (blocking)
java.lang.NullPointerException
	at net.asd.union.utils.client.PacketUtils.onTick$lambda$4(PacketUtils.kt:49)
	at net.asd.union.event.EventManager.processEvent(EventManager.kt:132)
	at net.asd.union.event.EventManager.call(EventManager.kt:165)
	at net.asd.union.handler.sessiontabs.LiveTabRuntimeManager.tickBackgroundRuntimes$lambda$22$lambda$20$lambda$19(LiveTabRuntimeManager.kt:682)
	at net.asd.union.handler.sessiontabs.SessionRuntimeScope.runDetached(LiveTabRuntimeManager.kt:97)
	at net.asd.union.handler.sessiontabs.SessionRuntimeScope.runDetached$default(LiveTabRuntimeManager.kt:78)
	at net.asd.union.handler.sessiontabs.LiveTabRuntimeManager.tickBackgroundRuntimes(LiveTabRuntimeManager.kt:681)
	at net.asd.union.handler.sessiontabs.ClientTabManager.onTick$lambda$47(ClientTabManager.kt:1115)
	at net.asd.union.event.EventManager.processEvent(EventManager.kt:132)
	at net.asd.union.event.EventManager.call(EventManager.kt:165)
	at net.minecraft.client.Minecraft.handler$onTick$zze000(Minecraft.java:3341)
	at net.minecraft.client.Minecraft.func_71407_l(Minecraft.java:2057)
	at net.minecraft.client.Minecraft.func_71411_J(Minecraft.java:1024)
	at net.minecraft.client.Minecraft.func_99999_d(Minecraft.java:349)
	at net.minecraft.client.main.Main.main(SourceFile:124)
	at sun.reflect.NativeMethodAccessorImpl.invoke0(Native Method)
	at sun.reflect.NativeMethodAccessorImpl.invoke(NativeMethodAccessorImpl.java:62)
	at sun.reflect.DelegatingMethodAccessorImpl.invoke(DelegatingMethodAccessorImpl.java:43)
	at java.lang.reflect.Method.invoke(Method.java:498)
	at net.minecraft.launchwrapper.Launch.launch(Launch.java:135)
	at net.minecraft.launchwrapper.Launch.main(Launch.java:28)
	at org.prismlauncher.launcher.impl.StandardLauncher.launch(StandardLauncher.java:115)
	at org.prismlauncher.EntryPoint.listen(EntryPoint.java:129)
	at org.prismlauncher.EntryPoint.main(EntryPoint.java:70)
2026-04-25 10:25:51.751 [Client thread/ERROR] AsdUnionClient - Exception during call event (blocking)
java.lang.NullPointerException
	at net.asd.union.utils.client.PacketUtils.onTick$lambda$4(PacketUtils.kt:49)
	at net.asd.union.event.EventManager.processEvent(EventManager.kt:132)
	at net.asd.union.event.EventManager.call(EventManager.kt:165)
	at net.asd.union.handler.sessiontabs.LiveTabRuntimeManager.tickBackgroundRuntimes$lambda$22$lambda$20$lambda$19(LiveTabRuntimeManager.kt:682)
	at net.asd.union.handler.sessiontabs.SessionRuntimeScope.runDetached(LiveTabRuntimeManager.kt:97)
	at net.asd.union.handler.sessiontabs.SessionRuntimeScope.runDetached$default(LiveTabRuntimeManager.kt:78)
	at net.asd.union.handler.sessiontabs.LiveTabRuntimeManager.tickBackgroundRuntimes(LiveTabRuntimeManager.kt:681)
	at net.asd.union.handler.sessiontabs.ClientTabManager.onTick$lambda$47(ClientTabManager.kt:1115)
	at net.asd.union.event.EventManager.processEvent(EventManager.kt:132)
	at net.asd.union.event.EventManager.call(EventManager.kt:165)
	at net.minecraft.client.Minecraft.handler$onTick$zze000(Minecraft.java:3341)
	at net.minecraft.client.Minecraft.func_71407_l(Minecraft.java:2057)
	at net.minecraft.client.Minecraft.func_71411_J(Minecraft.java:1024)
	at net.minecraft.client.Minecraft.func_99999_d(Minecraft.java:349)
	at net.minecraft.client.main.Main.main(SourceFile:124)
	at sun.reflect.NativeMethodAccessorImpl.invoke0(Native Method)
	at sun.reflect.NativeMethodAccessorImpl.invoke(NativeMethodAccessorImpl.java:62)
	at sun.reflect.DelegatingMethodAccessorImpl.invoke(DelegatingMethodAccessorImpl.java:43)
	at java.lang.reflect.Method.invoke(Method.java:498)
	at net.minecraft.launchwrapper.Launch.launch(Launch.java:135)
	at net.minecraft.launchwrapper.Launch.main(Launch.java:28)
	at org.prismlauncher.launcher.impl.StandardLauncher.launch(StandardLauncher.java:115)
	at org.prismlauncher.EntryPoint.listen(EntryPoint.java:129)
	at org.prismlauncher.EntryPoint.main(EntryPoint.java:70)
2026-04-25 10:25:51.760 [Client thread/ERROR] AsdUnionClient - Exception during call event (blocking)
java.lang.NullPointerException
	at net.asd.union.utils.client.PacketUtils.onTick$lambda$4(PacketUtils.kt:49)
	at net.asd.union.event.EventManager.processEvent(EventManager.kt:132)
	at net.asd.union.event.EventManager.call(EventManager.kt:165)
	at net.asd.union.handler.sessiontabs.LiveTabRuntimeManager.tickBackgroundRuntimes$lambda$22$lambda$20$lambda$19(LiveTabRuntimeManager.kt:682)
	at net.asd.union.handler.sessiontabs.SessionRuntimeScope.runDetached(LiveTabRuntimeManager.kt:97)
	at net.asd.union.handler.sessiontabs.SessionRuntimeScope.runDetached$default(LiveTabRuntimeManager.kt:78)
	at net.asd.union.handler.sessiontabs.LiveTabRuntimeManager.tickBackgroundRuntimes(LiveTabRuntimeManager.kt:681)
	at net.asd.union.handler.sessiontabs.ClientTabManager.onTick$lambda$47(ClientTabManager.kt:1115)
	at net.asd.union.event.EventManager.processEvent(EventManager.kt:132)
	at net.asd.union.event.EventManager.call(EventManager.kt:165)
	at net.minecraft.client.Minecraft.handler$onTick$zze000(Minecraft.java:3341)
	at net.minecraft.client.Minecraft.func_71407_l(Minecraft.java:2057)
	at net.minecraft.client.Minecraft.func_71411_J(Minecraft.java:1024)
	at net.minecraft.client.Minecraft.func_99999_d(Minecraft.java:349)
	at net.minecraft.client.main.Main.main(SourceFile:124)
	at sun.reflect.NativeMethodAccessorImpl.invoke0(Native Method)
	at sun.reflect.NativeMethodAccessorImpl.invoke(NativeMethodAccessorImpl.java:62)
	at sun.reflect.DelegatingMethodAccessorImpl.invoke(DelegatingMethodAccessorImpl.java:43)
	at java.lang.reflect.Method.invoke(Method.java:498)
	at net.minecraft.launchwrapper.Launch.launch(Launch.java:135)
	at net.minecraft.launchwrapper.Launch.main(Launch.java:28)
	at org.prismlauncher.launcher.impl.StandardLauncher.launch(StandardLauncher.java:115)
	at org.prismlauncher.EntryPoint.listen(EntryPoint.java:129)
	at org.prismlauncher.EntryPoint.main(EntryPoint.java:70)
2026-04-25 10:25:51.769 [Client thread/ERROR] AsdUnionClient - Exception during call event (blocking)
java.lang.NullPointerException
	at net.asd.union.utils.client.PacketUtils.onTick$lambda$4(PacketUtils.kt:49)
	at net.asd.union.event.EventManager.processEvent(EventManager.kt:132)
	at net.asd.union.event.EventManager.call(EventManager.kt:165)
	at net.asd.union.handler.sessiontabs.LiveTabRuntimeManager.tickBackgroundRuntimes$lambda$22$lambda$20$lambda$19(LiveTabRuntimeManager.kt:682)
	at net.asd.union.handler.sessiontabs.SessionRuntimeScope.runDetached(LiveTabRuntimeManager.kt:97)
	at net.asd.union.handler.sessiontabs.SessionRuntimeScope.runDetached$default(LiveTabRuntimeManager.kt:78)
	at net.asd.union.handler.sessiontabs.LiveTabRuntimeManager.tickBackgroundRuntimes(LiveTabRuntimeManager.kt:681)
	at net.asd.union.handler.sessiontabs.ClientTabManager.onTick$lambda$47(ClientTabManager.kt:1115)
	at net.asd.union.event.EventManager.processEvent(EventManager.kt:132)
	at net.asd.union.event.EventManager.call(EventManager.kt:165)
	at net.minecraft.client.Minecraft.handler$onTick$zze000(Minecraft.java:3341)
	at net.minecraft.client.Minecraft.func_71407_l(Minecraft.java:2057)
	at net.minecraft.client.Minecraft.func_71411_J(Minecraft.java:1024)
	at net.minecraft.client.Minecraft.func_99999_d(Minecraft.java:349)
	at net.minecraft.client.main.Main.main(SourceFile:124)
	at sun.reflect.NativeMethodAccessorImpl.invoke0(Native Method)
	at sun.reflect.NativeMethodAccessorImpl.invoke(NativeMethodAccessorImpl.java:62)
	at sun.reflect.DelegatingMethodAccessorImpl.invoke(DelegatingMethodAccessorImpl.java:43)
	at java.lang.reflect.Method.invoke(Method.java:498)
	at net.minecraft.launchwrapper.Launch.launch(Launch.java:135)
	at net.minecraft.launchwrapper.Launch.main(Launch.java:28)
	at org.prismlauncher.launcher.impl.StandardLauncher.launch(StandardLauncher.java:115)
	at org.prismlauncher.EntryPoint.listen(EntryPoint.java:129)
	at org.prismlauncher.EntryPoint.main(EntryPoint.java:70)
